
# production run
fix		1 all nvt temp 300 300 10
fix 		2 all reaxff/species 1 2 20 species_R1_main.out cutoff 1 1 0.3 cutoff 1 2 0.3 cutoff 1 4 0.3 		cutoff 2 2 0.3 cutoff 2 4 0.3 cutoff 4 4 0.3 cutoff 3 3 0.8 cutoff 3 4 0.55 cutoff 3 1*2 0.3
WARNING: Resetting reneighboring criteria to 'delay 0 every 2 check no' due to fix reaxff/species averaging of bond data (src/REAXFF/fix_reaxff_species.cpp:128)
timestep	0.1
run		25000

CITE-CITE-CITE-CITE-CITE-CITE-CITE-CITE-CITE-CITE-CITE-CITE-CITE

Your simulation uses code contributions which should be cited:

- pair reaxff command: doi:10.1016/j.parco.2011.08.005

@Article{Aktulga12,
 author = {H. M. Aktulga and J. C. Fogarty and S. A. Pandit and A. Y. Grama},
 title = {Parallel Reactive Molecular Dynamics: {N}umerical Methods and Algorithmic Techniques},
 journal = {Parallel Computing},
 year =    2012,
 volume =  38,
 number =  {4--5},
 pages =   {245--259}
}

- fix qeq/reaxff command: doi:10.1016/j.parco.2011.08.005

@Article{Aktulga12,
 author = {H. M. Aktulga and J. C. Fogarty and S. A. Pandit and A. Y. Grama},
 title = {Parallel Reactive Molecular Dynamics: {N}umerical Methods and Algorithmic Techniques},
 journal = {Parallel Computing},
 year =    2012,
 volume =  38,
 pages =   {245--259}
}

CITE-CITE-CITE-CITE-CITE-CITE-CITE-CITE-CITE-CITE-CITE-CITE-CITE

Neighbor list info ...
  update: every = 2 steps, delay = 0 steps, check = no
  max neighbors/atom: 2000, page size: 100000
  master list distance cutoff = 12
  ghost atom cutoff = 12
  binsize = 6, bins = 6 6 6
  2 neighbor lists, perpetual/occasional/extra = 2 0 0
  (1) pair reaxff, perpetual
      attributes: half, newton off, ghost
      pair build: half/bin/ghost/newtoff
      stencil: full/ghost/bin/3d
      bin: standard
  (2) fix qeq/reaxff, perpetual, copy from (1)
      attributes: half, newton off
      pair build: copy
      stencil: none
      bin: none
Per MPI rank memory allocation (min/avg/max) = 33.5 | 34.09 | 34.73 Mbytes
   Step          Temp          PotEng         KinEng         Press          Volume        Density    
         0   300           -62032.95       571.42129      166060.59      42875          0.40123665   
       100   736.1279      -65575.555      1402.1305      52318.012      42875          0.40123665   
       200   970.63226     -67433.112      1848.7998      45154.228      42875          0.40123665   
       300   622.04285     -67858.512      1184.8284      8311.3508      42875          0.40123665   
       400   350.8984      -67948.789      668.36938     -6404.9648      42875          0.40123665   
       500   371.69423     -68314.824      707.97997     -6715.8747      42875          0.40123665   
       600   293.92013     -68415.717      559.84073      8707.1602      42875          0.40123665   
       700   289.29194     -68518.784      551.02525      8427.252       42875          0.40123665   
       800   300.00996     -68591.167      571.44026      5075.755       42875          0.40123665   
       900   308.00275     -68584.493      586.66442     -6091.8055      42875          0.40123665   
      1000   283.73009     -68546.46       540.43137     -4330.0085      42875          0.40123665   
      1100   333.99368     -68705.385      636.17033     -6848.5759      42875          0.40123665   
      1200   294.52259     -68718.81       560.98825      6879.0863      42875          0.40123665   
      1300   285.13416     -68748.995      543.10576      6813.5437      42875          0.40123665   
      1400   318.42684     -68809.128      606.51958     -694.12807      42875          0.40123665   
      1500   298.09485     -68739.164      567.79247     -5361.3856      42875          0.40123665   
      1600   325.92613     -68795.003      620.80376     -6678.0485      42875          0.40123665   
      1700   320.05822     -68875.196      609.62694     -6115.4494      42875          0.40123665   
      1800   280.34848     -68880.797      533.99029     -2298.2822      42875          0.40123665   
      1900   277.41742     -68883.882      528.4074      -405.67855      42875          0.40123665   
      2000   340.94108     -68940.177      649.4033      -3009.0586      42875          0.40123665   
      2100   303.82565     -68850.951      578.70814     -6590.1225      42875          0.40123665   
      2200   297.37143     -68893.785      566.41455     -11126.975      42875          0.40123665   
      2300   281.00352     -68936.489      535.23797     -6342.0149      42875          0.40123665   
      2400   276.02259     -68954.158      525.75061     -2635.9536      42875          0.40123665   
      2500   303.06955     -68989.572      577.26797     -299.1696       42875          0.40123665   
      2600   302.568       -68957.237      576.31264     -2683.5742      42875          0.40123665   
      2700   317.97591     -68981.69       605.66068     -3666.4559      42875          0.40123665   
      2800   290.84517     -68979.386      553.98375     -9058.7034      42875          0.40123665   
      2900   300.71026     -69033.677      572.77415     -3941.9587      42875          0.40123665   
      3000   276.88443     -68999.418      527.3922       100.84152      42875          0.40123665   
      3100   301.62323     -69022.219      574.51311     -279.32157      42875          0.40123665   
      3200   316.5009      -69018.481      602.85116     -3096.9373      42875          0.40123665   
      3300   306.7747      -69010.407      584.3253      -2655.4451      42875          0.40123665   
      3400   301.07534     -69048.792      573.46953     -4310.7183      42875          0.40123665   
      3500   293.69198     -69060.941      559.40616     -3302.9564      42875          0.40123665   
      3600   290.92466     -69036.062      554.13515      2457.8079      42875          0.40123665   
      3700   324.85291     -69076.624      618.75956      819.1364       42875          0.40123665   
      3800   301.66933     -69075.131      574.60093     -1235.7724      42875          0.40123665   
      3900   290.59199     -69116.855      553.5015      -1596.3011      42875          0.40123665   
      4000   289.12016     -69161.921      550.69804     -1665.9869      42875          0.40123665   
      4100   279.09216     -69169.578      531.59734     -4510.1756      42875          0.40123665   
      4200   297.15961     -69192.52       566.01108      1142.1347      42875          0.40123665   
      4300   312.25719     -69230.28       594.76802      2581.3901      42875          0.40123665   
      4400   296.57007     -69255.388      564.88817      1388.3022      42875          0.40123665   
      4500   277.71722     -69257.933      528.97843     -173.37905      42875          0.40123665   
      4600   294.98417     -69276.76       561.86745     -1535.8483      42875          0.40123665   
      4700   298.81667     -69259.8        569.16736     -2249.373       42875          0.40123665   
      4800   311.22537     -69273.498      592.80267      32.863505      42875          0.40123665   
      4900   318.63174     -69317.995      606.90986      3905.7952      42875          0.40123665   
      5000   291.67252     -69329.76       555.55963      898.96833      42875          0.40123665   
      5100   286.48351     -69348.383      545.67592     -380.80479      42875          0.40123665   
      5200   300.42424     -69353.173      572.22935     -1747.0465      42875          0.40123665   
      5300   318.55713     -69381.522      606.76775     -305.79345      42875          0.40123665   
      5400   306.92848     -69414.122      584.61822     -306.732        42875          0.40123665   
      5500   283.02002     -69429.835      539.07887      2307.4384      42875          0.40123665   
      5600   284.70247     -69445.105      542.2835       1659.3582      42875          0.40123665   
      5700   295.61734     -69433.111      563.07347      1293.2084      42875          0.40123665   
      5800   319.2403      -69448.132      608.06902     -838.70945      42875          0.40123665   
      5900   305.33524     -69451.85       581.58352     -661.77575      42875          0.40123665   
      6000   285.91433     -69454.937      544.59178      1163.7051      42875          0.40123665   
      6100   286.158       -69460.279      545.0559       382.39255      42875          0.40123665   
      6200   304.69696     -69454.765      580.36776      671.55993      42875          0.40123665   
      6300   316.46682     -69455.405      602.78626      1390.4556      42875          0.40123665   
      6400   306.21434     -69475.836      583.25797     -635.73261      42875          0.40123665   
      6500   281.27674     -69468.277      535.75839     -872.40923      42875          0.40123665   
      6600   301.29909     -69493.349      573.89572      551.22439      42875          0.40123665   
      6700   319.62224     -69496.762      608.7965      -1924.9074      42875          0.40123665   
      6800   312.93237     -69500.324      596.05405      1152.8278      42875          0.40123665   
      6900   288.35295     -69498.624      549.23671     -410.07745      42875          0.40123665   
      7000   290.31545     -69512.215      552.97476     -690.67564      42875          0.40123665   
      7100   315.71789     -69531.949      601.35975     -1343.9055      42875          0.40123665   
      7200   311.77546     -69522.293      593.85044     -1206.8493      42875          0.40123665   
      7300   305.57295     -69543.015      582.0363       496.07059      42875          0.40123665   
      7400   284.90044     -69544.73       542.66058      388.47001      42875          0.40123665   
      7500   291.17784     -69554.658      554.61739      891.69134      42875          0.40123665   
      7600   320.23105     -69598.188      609.95612     -454.59173      42875          0.40123665   
      7700   312.06733     -69631.705      594.40639      21.041539      42875          0.40123665   
      7800   280.39758     -69637.869      534.08383     -1320.1866      42875          0.40123665   
      7900   288.19164     -69665.93       548.92946     -293.66128      42875          0.40123665   
      8000   308.62899     -69683.543      587.85725     -1215.0102      42875          0.40123665   
      8100   311.95347     -69695.207      594.18951      161.75008      42875          0.40123665   
      8200   298.43431     -69725.957      568.43905     -1084.985       42875          0.40123665   
      8300   292.37297     -69768.166      556.8938      -18.520641      42875          0.40123665   
      8400   290.79979     -69789.228      553.89729     -2836.2721      42875          0.40123665   
      8500   293.67685     -69774.898      559.37734     -2354.0606      42875          0.40123665   
      8600   310.0803      -69753.585      590.6216      -256.5635       42875          0.40123665   
      8700   313.5285      -69742.607      597.18953      1751.0605      42875          0.40123665   
      8800   303.81537     -69764.844      578.68856      1532.1174      42875          0.40123665   
      8900   292.67106     -69789.38       557.46157     -892.00279      42875          0.40123665   
      9000   289.82753     -69813.215      552.04541     -1078.6419      42875          0.40123665   
      9100   301.11299     -69835.538      573.54124     -1343.466       42875          0.40123665   
      9200   301.16416     -69825.03       573.63872     -152.45644      42875          0.40123665   
      9300   298.75075     -69804.75       569.04179      1949.9283      42875          0.40123665   
      9400   302.56777     -69788.482      576.31222      2081.4881      42875          0.40123665   
      9500   313.41002     -69797.827      596.96386      906.10107      42875          0.40123665   
      9600   280.648       -69756.013      534.5608      -122.23824      42875          0.40123665   
      9700   288.03724     -69757.288      548.63537      639.45244      42875          0.40123665   
      9800   304.81362     -69749.596      580.58996      316.65197      42875          0.40123665   
      9900   317.60622     -69767.592      604.95651      830.71781      42875          0.40123665   
     10000   304.37277     -69793.055      579.75027      634.44784      42875          0.40123665   
     10100   297.71369     -69826.603      567.06647      1729.0001      42875          0.40123665   
     10200   295.53238     -69840.485      562.91164      934.11428      42875          0.40123665   
     10300   301.94814     -69842.851      575.13198     -1707.5951      42875          0.40123665   
     10400   308.6529      -69840.679      587.90278     -3161.5968      42875          0.40123665   
     10500   307.68499     -69840.1        586.05918      286.29598      42875          0.40123665   
     10600   295.69161     -69849.947      563.21493      1626.2318      42875          0.40123665   
     10700   282.29999     -69863.254      537.70742     -416.94115      42875          0.40123665   
     10800   288.5344      -69870.943      549.58233      768.42193      42875          0.40123665   
     10900   300.19822     -69858.063      571.79884      583.79078      42875          0.40123665   
     11000   304.15237     -69835.253      579.33046     -637.06188      42875          0.40123665   
     11100   309.46345     -69825.82       589.44668      285.87651      42875          0.40123665   
     11200   305.39848     -69820.761      581.70398     -33.950706      42875          0.40123665   
     11300   307.99362     -69862.733      586.64704      1680.6079      42875          0.40123665   
     11400   291.15955     -69867.212      554.58255     -906.82099      42875          0.40123665   
     11500   292.35105     -69876.855      556.85204     -2114.7511      42875          0.40123665   
     11600   295.97315     -69871.393      563.75119     -1567.6763      42875          0.40123665   
     11700   306.4552      -69876.733      583.71675     -655.74172      42875          0.40123665   
     11800   302.75669     -69896.204      576.67206      297.34943      42875          0.40123665   
     11900   290.12573     -69905.764      552.61339     -741.98632      42875          0.40123665   
     12000   291.92456     -69897.199      556.03969      945.21864      42875          0.40123665   
     12100   310.41811     -69911.648      591.26505     -26.803324      42875          0.40123665   
     12200   311.23437     -69931.794      592.81981     -1273.0463      42875          0.40123665   
     12300   295.72374     -69937.92       563.27614     -1691.3364      42875          0.40123665   
     12400   313.00943     -69976.739      596.20084     -1587.3436      42875          0.40123665   
     12500   302.77104     -69986.909      576.69939     -409.34109      42875          0.40123665   
     12600   290.65569     -69980.682      553.62282      1512.9764      42875          0.40123665   
     12700   296.24234     -69961.757      564.26394     -4.3771613      42875          0.40123665   
     12800   308.29002     -69958.431      587.2116       543.55693      42875          0.40123665   
     12900   314.15251     -69976.859      598.3781      -813.36826      42875          0.40123665   
     13000   294.35161     -69967.411      560.66258     -944.7501       42875          0.40123665   
     13100   290.61057     -69962.545      553.53688     -795.38318      42875          0.40123665   
     13200   305.02178     -69965.848      580.98647      764.54727      42875          0.40123665   
     13300   304.61247     -69959.71       580.20683      2854.7506      42875          0.40123665   
     13400   296.81917     -69960.326      565.36264      1025.5068      42875          0.40123665   
     13500   299.97588     -69988.682      571.37535      1756.2301      42875          0.40123665   
     13600   290.85894     -69980.61       554.00997      518.35603      42875          0.40123665   
     13700   300.02674     -69985.981      571.47222      921.03183      42875          0.40123665   
     13800   300.17899     -69977.603      571.76221      910.92859      42875          0.40123665   
     13900   305.96777     -69983.544      582.78833     -38.349581      42875          0.40123665   
     14000   310.44378     -70012.773      591.31395      586.68613      42875          0.40123665   
     14100   289.10418     -70009.263      550.66761      1298.9259      42875          0.40123665   
     14200   293.61974     -70009.981      559.26857      1533.5342      42875          0.40123665   
     14300   308.62196     -70020.684      587.84385      1339.4756      42875          0.40123665   
     14400   304.0651      -70025.343      579.16424      239.45152      42875          0.40123665   
     14500   302.09696     -70043.117      575.41544     -873.77037      42875          0.40123665   
     14600   300.51081     -70056.948      572.39424     -1918.1135      42875          0.40123665   
     14700   286.84117     -70048.999      546.35717      785.98948      42875          0.40123665   
     14800   297.22401     -70060.037      566.13374     -682.60945      42875          0.40123665   
     14900   310.40901     -70037.759      591.24772      1294.3695      42875          0.40123665   
     15000   317.2739      -70042.083      604.32354     -1326.8006      42875          0.40123665   
     15100   305.12758     -70052.174      581.18797     -723.07223      42875          0.40123665   
     15200   313.43235     -70094.377      597.00639      243.75125      42875          0.40123665   
     15300   295.11276     -70093.763      562.11237      349.24572      42875          0.40123665   
     15400   301.41748     -70119.303      574.12121      852.20246      42875          0.40123665   
     15500   293.38159     -70127.854      558.81494      1478.0853      42875          0.40123665   
     15600   290.72942     -70129.156      553.76326     -1518.5669      42875          0.40123665   
     15700   320.44224     -70133.583      610.3584      -1271.6482      42875          0.40123665   
     15800   300.67566     -70113.112      572.70824     -856.88331      42875          0.40123665   
     15900   295.9679      -70113.836      563.74119      183.81511      42875          0.40123665   
     16000   300.39048     -70125.812      572.16506     -885.84752      42875          0.40123665   
     16100   290.71981     -70128.192      553.74496     -76.846909      42875          0.40123665   
     16200   282.15036     -70145.556      537.42241     -1821.3393      42875          0.40123665   
     16300   304.64736     -70167.515      580.27329     -1248.1563      42875          0.40123665   
     16400   313.43624     -70154.279      597.0138      -87.258289      42875          0.40123665   
     16500   308.36161     -70154.449      587.34796     -1732.4929      42875          0.40123665   
     16600   285.0104      -70161.353      542.87004      1043.696       42875          0.40123665   
     16700   295.86974     -70173.826      563.55423      45.699923      42875          0.40123665   
     16800   302.26596     -70155.873      575.73734     -809.66668      42875          0.40123665   
     16900   319.32109     -70164.179      608.22289     -285.37425      42875          0.40123665   
     17000   311.66839     -70177.99       593.64651      1213.0761      42875          0.40123665   
     17100   297.85857     -70186.093      567.34243      379.39776      42875          0.40123665   
     17200   297.93921     -70195.582      567.49602      510.65436      42875          0.40123665   
     17300   298.19544     -70188.406      567.98408      486.40769      42875          0.40123665   
     17400   311.78485     -70203.757      593.86833      687.29789      42875          0.40123665   
     17500   287.31937     -70190.339      547.26801     -115.02292      42875          0.40123665   
     17600   287.86703     -70195.03       548.31116     -263.07416      42875          0.40123665   
     17700   305.19493     -70184.835      581.31627      249.36566      42875          0.40123665   
     17800   308.5821      -70187.123      587.76794     -15.514638      42875          0.40123665   
     17900   302.59443     -70205.199      576.363        428.79039      42875          0.40123665   
     18000   297.45998     -70214.617      566.58322      224.37051      42875          0.40123665   
     18100   296.04555     -70221.203      563.88909     -723.84268      42875          0.40123665   
     18200   298.69174     -70232.962      568.9294      -1833.49        42875          0.40123665   
     18300   296.33323     -70257.582      564.43705     -1319.5765      42875          0.40123665   
     18400   281.16141     -70243.762      535.53872      813.8284       42875          0.40123665   
     18500   295.19762     -70232.059      562.27401      489.73249      42875          0.40123665   
     18600   308.68021     -70228.961      587.95481      521.59342      42875          0.40123665   
     18700   297.29064     -70206.629      566.26067      653.20907      42875          0.40123665   
     18800   303.92378     -70200.844      578.89507      1493.3807      42875          0.40123665   
     18900   316.91614     -70187.139      603.64209      157.40136      42875          0.40123665   
     19000   315.06313     -70173.89       600.1126      -684.59729      42875          0.40123665   
     19100   290.23214     -70179.885      552.81608     -1044.9971      42875          0.40123665   
     19200   288.11897     -70172.193      548.79104      1459.3352      42875          0.40123665   
     19300   295.33297     -70151.836      562.53181     -2732.7649      42875          0.40123665   
     19400   314.46188     -70174.399      598.96737      82.14014       42875          0.40123665   
     19500   304.54064     -70184.085      580.07002      1073.0456      42875          0.40123665   
     19600   299.14465     -70202.135      569.79207     -776.97233      42875          0.40123665   
     19700   304.43661     -70220.898      579.87186     -400.62934      42875          0.40123665   
     19800   297.43765     -70235.247      566.54067     -575.07047      42875          0.40123665   
     19900   293.93862     -70243.709      559.87595      49.903527      42875          0.40123665   
     20000   292.96552     -70221.06       558.02244      1082.262       42875          0.40123665   
     20100   312.61431     -70210.491      595.44825      2555.6409      42875          0.40123665   
     20200   303.23238     -70203.95       577.57813     -828.73221      42875          0.40123665   
     20300   300.81049     -70225.004      572.96505     -1210.987       42875          0.40123665   
     20400   291.11067     -70226.2        554.48944     -2175.789       42875          0.40123665   
     20500   299.66065     -70236.301      570.77491     -201.3471       42875          0.40123665   
     20600   310.69736     -70210.976      591.79695      1487.3895      42875          0.40123665   
     20700   319.44611     -70222.611      608.46102      770.97674      42875          0.40123665   
     20800   295.597       -70219.054      563.03472     -2020.0231      42875          0.40123665   
     20900   293.70401     -70219.335      559.42908     -109.40505      42875          0.40123665   
     21000   304.97367     -70227.86       580.89482     -964.04608      42875          0.40123665   
     21100   299.66347     -70219.853      570.78029      931.76286      42875          0.40123665   
     21200   288.75236     -70241.19       549.99748     -158.10291      42875          0.40123665   
     21300   278.61483     -70235.373      530.68815      1470.9228      42875          0.40123665   
     21400   292.29547     -70228.947      556.74618     -470.26512      42875          0.40123665   
     21500   294.64424     -70208.665      561.21996     -690.0519       42875          0.40123665   
     21600   301.04033     -70210.812      573.40285      1708.6613      42875          0.40123665   
     21700   306.91804     -70226.237      584.59834      669.52589      42875          0.40123665   
     21800   291.30552     -70229.301      554.86059      263.718        42875          0.40123665   
     21900   283.42102     -70234.319      539.84268      31.676094      42875          0.40123665   
     22000   308.18288     -70243.516      587.00753     -324.69423      42875          0.40123665   
     22100   331.01303     -70266.12       630.49297     -1354.7477      42875          0.40123665   
     22200   315.43952     -70284.434      600.82952      904.44535      42875          0.40123665   
     22300   303.53833     -70296.759      578.16088     -259.50049      42875          0.40123665   
     22400   282.82971     -70268.324      538.71639     -1086.8639      42875          0.40123665   
     22500   303.08486     -70270.534      577.29713      500.85747      42875          0.40123665   
     22600   319.86944     -70285.562      609.26736      1603.849       42875          0.40123665   
     22700   317.31764     -70307.395      604.40685     -627.44012      42875          0.40123665   
     22800   308.9481      -70324.668      588.46507     -155.68794      42875          0.40123665   
     22900   307.69143     -70335.385      586.07144     -582.0967       42875          0.40123665   
     23000   294.83378     -70331.648      561.581        378.72796      42875          0.40123665   
     23100   292.35455     -70345.529      556.85871     -1010.6165      42875          0.40123665   
     23200   306.47526     -70348.708      583.75496     -1578.787       42875          0.40123665   
     23300   310.1793      -70311.57       590.81017     -169.30903      42875          0.40123665   
     23400   307.82663     -70313.912      586.32897     -905.37971      42875          0.40123665   
     23500   291.12547     -70315.069      554.51763     -8.9464902      42875          0.40123665   
     23600   301.90065     -70340.967      575.04152     -1202.7745      42875          0.40123665   
     23700   298.71897     -70332.504      568.98126     -955.05827      42875          0.40123665   
     23800   298.20355     -70312.461      567.99952      160.77845      42875          0.40123665   
     23900   317.31755     -70309.102      604.40667     -755.98274      42875          0.40123665   
     24000   314.66323     -70300.095      599.35089     -946.16947      42875          0.40123665   
     24100   281.66996     -70308.844      536.50737     -355.47049      42875          0.40123665   
     24200   294.62338     -70317.225      561.18023      726.91086      42875          0.40123665   
     24300   305.47907     -70302.39       581.85748     -610.93794      42875          0.40123665   
     24400   308.04891     -70305.375      586.75235     -831.02048      42875          0.40123665   
     24500   299.82333     -70329.01       571.08478     -415.15924      42875          0.40123665   
     24600   295.72804     -70342.05       563.28432      629.41804      42875          0.40123665   
     24700   296.11079     -70336.793      564.01337     -1372.6455      42875          0.40123665   
     24800   308.26699     -70326.816      587.16773      1519.9253      42875          0.40123665   
     24900   329.42269     -70343.314      627.46379      448.61525      42875          0.40123665   
     25000   304.40812     -70350.515      579.81759      386.81734      42875          0.40123665   
Loop time of 154.481 on 6 procs for 25000 steps with 640 atoms

Performance: 1.398 ns/day, 17.165 hours/ns, 161.832 timesteps/s, 103.573 katom-step/s
99.4% CPU use with 6 MPI tasks x 1 OpenMP threads

MPI task timing breakdown:
Section |  min time  |  avg time  |  max time  |%varavg| %total
---------------------------------------------------------------
Pair    | 73.606     | 87.073     | 107.71     | 139.0 | 56.37
Neigh   | 18.974     | 20.697     | 22.252     |  25.1 | 13.40
Comm    | 3.0116     | 23.664     | 37.164     | 267.4 | 15.32
Output  | 0.061778   | 0.11524    | 0.17192    |  10.9 |  0.07
Modify  | 21.446     | 22.854     | 24.539     |  23.2 | 14.79
Other   |            | 0.07717    |            |       |  0.05

Nlocal:        106.667 ave         142 max          45 min
Histogram: 1 0 0 0 0 1 0 3 0 1
Nghost:           1230 ave        1284 max        1206 min
Histogram: 3 1 0 0 0 0 1 0 0 1
Neighs:        9387.33 ave       11378 max        4846 min
Histogram: 1 0 0 0 0 0 1 0 3 1

Total # of neighbors = 56324
Ave neighs/atom = 88.00625
Neighbor list builds = 12500
Dangerous builds not checked
unfix		1
unfix		2

#--------------------------------------
# Data dump
#--------------------------------------

#write_data	EC_Li_60_40_nvt_300K_R1.dat
#write_restart   EC_Li_60_40_nvt_300K_R1.rest
Total wall time: 0:02:34
