Reaction	Count
['[H][C]1([H])[O][C](=[O])[O][C]1([H])[H]'] -> ['[H][C]1([H])[O][C]([O])[O][C]1([H])[H]']	582
['[H][C]1([H])[O][C]([O])[O][C]1([H])[H]'] -> ['[H][C]1([H])[O][C](=[O])[O][C]1([H])[H]']	540
['[O]=[C]1[O][Li][O]1'] -> ['[O][C]1[O][Li][O]1']	136
['[H][C]([H])[C]([H])[H]'] -> ['[H][C]([H])=[C]([H])[H]']	131
['[O][C]1[O][Li][O]1'] -> ['[O]=[C]1[O][Li][O]1']	131
['[H][C]([H])=[C]([H])[H]'] -> ['[H][C]([H])[C]([H])[H]']	106
['[H][C]1([H])[O][C]([O][Li])[O][C]1([H])[H]'] -> ['[H][C]1([H])[O][C]2([Li][O]2)[O][C]1([H])[H]']	100
['[H][C]1([H])[O][C]2([Li][O]2)[O][C]1([H])[H]'] -> ['[H][C]1([H])[O][C]([O][Li])[O][C]1([H])[H]']	97
['[O][C]1[O][Li][O]1'] -> ['[O][C]12[O][Li]1[O]2']	89
['[Li]1[O][C]2[O][Li][O]12'] -> ['[Li]1[O][C]23[O][Li]2[O]13']	83
['[O][C]12[O][Li]1[O]2'] -> ['[O][C]1[O][Li][O]1']	82
['[Li]1[O][C]23[O][Li]2[O]13'] -> ['[Li]1[O][C]2[O][Li][O]12']	81
['[H][C]1([H])[O][C]([O])[O][C]1([H])[H]', '[H][C]1([H])[O][C]([O][Li])[O][C]1([H])[H]'] -> ['[H][C]1([H])[O][C]([O][Li][O][C]2[O][C]([H])([H])[C]([H])([H])[O]2)[O][C]1([H])[H]']	61
['[H][C]1([H])[O][C]([O][Li][O][C]2[O][C]([H])([H])[C]([H])([H])[O]2)[O][C]1([H])[H]'] -> ['[H][C]1([H])[O][C]([O])[O][C]1([H])[H]', '[H][C]1([H])[O][C]([O][Li])[O][C]1([H])[H]']	59
['[H][C]1([H])[O][C]([O])[O][C]1([H])[H]', '[Li]'] -> ['[H][C]1([H])[O][C]([O][Li])[O][C]1([H])[H]']	56
['[Li][O][C]12[O][Li]1[O]2'] -> ['[Li]1[O][C]23[O][Li]2[O]13']	47
['[Li]1[O][C]23[O][Li]2[O]13'] -> ['[Li][O][C]12[O][Li]1[O]2']	41
['[Li][O][C]1[O][Li][O]1'] -> ['[Li][O][C]12[O][Li]1[O]2']	37
['[H][C]1([H])[O][C]2([O][Li])[O][C]12([H])[H]'] -> ['[H][C]1([H])[O][C]([O][Li])[O][C]1([H])[H]']	36
['[H][C]1([H])[O][C]([O][Li])[O][C]1([H])[H]'] -> ['[H][C]1([H])[O][C]2([O][Li])[O][C]12([H])[H]']	36
['[Li][O][C]12[O][Li]1[O]2'] -> ['[Li][O][C]1[O][Li][O]1']	33
['[H][C]1([H])[O][C]([O][Li])[O][C]1([H])[H]'] -> ['[H][C]1([H])[O][C]([O])[O][C]1([H])[H]', '[Li]']	27
['[O]=[C]12[O][Li]1[O]2'] -> ['[O]=[C]1[O][Li][O]1']	27
['[O]=[C]1[O][Li][O]1'] -> ['[O]=[C]12[O][Li]1[O]2']	23
['[H][C]1([H])[O][C]([O][Li])[O]([Li])[C]1([H])[H]'] -> ['[H][C]1([H])[O]([Li])[C]2([O][Li])[O][C]12([H])[H]']	18
['[H][C]1([H])[O]([Li])[C]2([O][Li])[O][C]12([H])[H]'] -> ['[H][C]1([H])[O][C]([O][Li])[O]([Li])[C]1([H])[H]']	18
['[O]=[C]12[O][Li]1[O]2'] -> ['[O][C]12[O][Li]1[O]2']	16
['[O][C]12[O][Li]1[O]2'] -> ['[O]=[C]1[O][Li][O]1']	16
['[Li][O][C]1[O][Li][O]1'] -> ['[Li]1[O][C]2[O][Li][O]12']	15
['[O][C]12[O][Li]1[O]2'] -> ['[O]=[C]12[O][Li]1[O]2']	14
['[O]=[C]1[O][Li][O]1'] -> ['[O][C]12[O][Li]1[O]2']	14
['[H][C]1([H])[O][C]2([O]([Li])[Li])[O][C]12([H])[H]'] -> ['[H][C]1([H])[O][C]([O]([Li])[Li])[O][C]1([H])[H]']	13
['[O][C]1[O][Li][O]1'] -> ['[O]=[C]12[O][Li]1[O]2']	13
['[Li][O][C]([O])[O]'] -> ['[O][C]1[O][Li][O]1']	12
['[H][C]1([H])[O][C]([O]([Li])[Li])[O][C]1([H])[H]'] -> ['[H][C]1([H])[O][C]2([O]([Li])[Li])[O][C]12([H])[H]']	12
['[Li][O][C]([O])=[O]'] -> ['[Li][O][C]([O])[O]']	11
['[Li]1[Li][O]1'] -> ['[Li][O][Li]']	10
['[Li]1[O][C]23[O][Li]2[O]13'] -> ['[Li][O]1[Li]2[O][C]21[O]']	10
['[Li][O]1[Li]2[O][C]21[O]'] -> ['[Li]1[O][C]23[O][Li]2[O]13']	10
['[H][C]1([H])[O][C](=[O])[O][C]1([H])[H]', '[Li]'] -> ['[H][C]1([H])[O][C]([O][Li])[O][C]1([H])[H]']	9
['[Li][O][Li]'] -> ['[Li]1[Li][O]1']	9
['[Li]1[O][C]2[O][Li][O]12'] -> ['[Li][O][C]1[O][Li][O]1']	9
['[H][C]1([H])[O][C]([O])[O][C]1([H])[H]', '[Li][Li]'] -> ['[H][C]1([H])[O][C]([O][Li][Li])[O][C]1([H])[H]']	9
['[Li][O][C]([O])[O]'] -> ['[Li][O][C]([O])=[O]']	8
['[H][C]1([H])[O][C]([O][Li])[O][C]1([H])[H]'] -> ['[H][C]1([H])[O][C]2[O][Li][O]2[C]1([H])[H]']	8
['[H][C]1([H])[O][C]2[O][Li][O]2[C]1([H])[H]'] -> ['[H][C]([H])[C]([H])([H])[O][C]1[O][Li][O]1']	8
['[Li][O]1[Li][O]2[Li][O][C]12'] -> ['[Li]1[O]2[Li][O]3[Li][O]1[C]23']	7
['[Li]1[O]2[Li][O]3[Li][O]1[C]23'] -> ['[Li][O]1[Li][O]2[Li][O][C]12']	7
['[Li][O]1[Li]2[O][C]21[O]'] -> ['[Li][O]1[Li]2[O][C]21=[O]']	7
['[O]=[C]12[O][Li]1[O]2'] -> ['[O][C]1[O][Li][O]1']	7
['[Li]1[O][C]2[O][Li][O]12'] -> ['[Li][O][C]12[O][Li]1[O]2']	7
['[Li][O]1[Li]2[O][C]21=[O]'] -> ['[Li][O]1[Li]2[O][C]21[O]']	6
['[H][C]1([H])[O][C](=[O])[O][C]1([H])[H]', '[Li]'] -> ['[H][C]1([H])[O][C](=[O])[O]([Li])[C]1([H])[H]']	6
['[H][C]1([H])[O][C]([O][Li][Li])[O][C]1([H])[H]'] -> ['[H][C]1([H])[O][C]([O])[O][C]1([H])[H]', '[Li][Li]']	6
['[H][C]([H])[C]([H])([H])[O][C]1[O][Li][O]1'] -> ['[H][C]([H])[C]([H])[H]', '[O][C]1[O][Li][O]1']	6
['[Li]1[O][C]23[O][Li]2[O]13'] -> ['[Li][O][C]1[O][Li][O]1']	6
['[Li][O]1[Li]2[O]3[Li][O][C]213'] -> ['[Li]1[O]2[Li][O]3[Li]4[O]1[C]423']	5
['[Li]', '[O][C]1[O][Li][O]1'] -> ['[Li][O][C]1[O][Li][O]1']	5
['[O][C]1[O][Li][O]1'] -> ['[Li][O][C]([O])[O]']	5
['[Li][O][C]12[O][Li]1[O]2'] -> ['[Li]1[O][C]2[O][Li][O]12']	5
['[Li][O]1[Li][O]2[Li]3[O][C]312'] -> ['[Li]1[O]2[Li][O]3[Li]4[O]1[C]423']	5
['[H][C]1([H])[O][C]2([O][Li]2[Li])[O][C]1([H])[H]'] -> ['[H][C]1([H])[O][C]([O][Li][Li])[O][C]1([H])[H]']	5
['[H][C]1([H])[O][C](=[O])[O][C]1([H])[H][Li]'] -> ['[H][C]1([H])[O][C]([O])[O][C]1([H])[H][Li]']	4
['[H][C]1([H])[O][C](=[O][Li])[O][C]1([H])[H]'] -> ['[H][C]1([H])[O][C]([O][Li])[O][C]1([H])[H]']	4
['[H][C]1([H])[O][C]([O])[O][C]1([H])[H][Li]'] -> ['[H][C]1([H])[O][C](=[O])[O][C]1([H])[H][Li]']	4
['[H][C]1([H])[O][C](=[O])[O]([Li])[C]1([H])[H]'] -> ['[H][C]1([H])[O][C]([O])[O]([Li])[C]1([H])[H]']	4
['[Li][O]1[Li][O]2[Li][O][C]12'] -> ['[Li][O]([Li])[C]1[O][Li][O]1']	4
['[H][C]1([H])[O][C]([O])[O][C]1([H])[H]', '[Li][O][C]1[O][Li][O]1'] -> ['[H][C]1([H])[O][C]([O][Li][O][C]2[O][Li][O]2)[O][C]1([H])[H]']	4
['[H][C]1([H])[O][C]([O][Li][O][C]2[O][Li][O]2)[O][C]1([H])[H]'] -> ['[H][C]1([H])[O][C]([O])[O][C]1([H])[H]', '[Li][O][C]1[O][Li][O]1']	4
['[H][C]1([H])[O][C](=[O])[O][C]1([H])[H][Li]'] -> ['[H][C]1([H])[O][C](=[O])[O][C]1([H])[H]', '[Li]']	4
['[H][C]1([H])[O][C]([O][Li])[O][C]1([H])[H]', '[Li]'] -> ['[H][C]1([H])[O][C]([O]([Li])[Li])[O][C]1([H])[H]']	4
['[Li][O][C]1[O][Li][O]1'] -> ['[Li]1[O][C]23[O][Li]2[O]13']	4
['[Li]1[O]2[Li][O]3[Li]4[O]1[C]423'] -> ['[Li][O]1[Li]2[O]3[Li][O][C]213']	4
['[Li][O]1[Li]2[O][C]21=[O]'] -> ['[Li][O]1[Li][O][C]1=[O]']	4
['[Li]1[O]2[Li][O]3[Li]4[O]1[C]423'] -> ['[Li][O]1[Li][O]2[Li]3[O][C]312']	4
['[Li][O]1[Li][O][C]1=[O]'] -> ['[Li][O]1[Li]2[O][C]21=[O]']	4
['[Li][O]1[Li]2[O][C]21[O]'] -> ['[Li][O]1[Li][O][C]1[O]']	4
['[H][C]1([H])[O][C]([O][Li][Li])[O][C]1([H])[H]'] -> ['[H][C]1([H])[O][C]2([O][Li]2[Li])[O][C]1([H])[H]']	4
['[Li][O]1[Li][O][C]1[O]'] -> ['[Li][O]1[Li]2[O][C]21[O]']	4
['[H][C]1([H])[O][C]2([O]3[Li][Li]3)[O][C]12([H])[H]'] -> ['[H][C]1([H])[O][C]([O]2[Li][Li]2)[O][C]1([H])[H]']	4
['[H][C]1([H])[O][C]([O]2[Li][Li]2)[O][C]1([H])[H]'] -> ['[H][C]1([H])[O][C]2([O]3[Li][Li]3)[O][C]12([H])[H]']	4
['[H][C]1([H])[O][C](=[O])[O]([Li])[C]1([H])[H]'] -> ['[H][C]1([H])[O]=[C](=[O])[O]([Li])[C]1([H])[H]']	3
['[Li][O][C]([O])[O][Li]'] -> ['[Li][O][C]1[O][Li][O]1']	3
['[H][C]1([H])[O][C]([O][Li])[O][C]1([H])[H]'] -> ['[H][C]1([H])[O][C](=[O][Li])[O][C]1([H])[H]']	3
['[H][C]1([H])[O][C]([O][Li])[O][C]1([H])[H]'] -> ['[H][C]1([H])[O][C](=[O])[O][C]1([H])[H]', '[Li]']	3
['[Li]1[O][C]2=[O][Li][O]12'] -> ['[Li]1[O][C]23[O][Li]2[O]13']	3
['[Li][O]([Li])[C]12[O][Li]1[O]2'] -> ['[Li][O]1[Li][O]2[Li]3[O][C]312']	3
['[Li][O]1[Li][O]2[Li]3[O][C]312'] -> ['[Li][O]([Li])[C]12[O][Li]1[O]2']	3
['[Li][O]([Li])[C]1[O][Li][O]1'] -> ['[Li][O]1[Li][O]2[Li][O][C]12']	3
['[Li][O]1[Li][O][C]1=[O]'] -> ['[Li][O]1[Li]2[O][C]21[O]']	3
['[H][C]1([H])[O][C]([O][Li][Li])[O][C]1([H])[H]'] -> ['[H][C]1([H])[O][C]([O][Li])[O][C]1([H])[H]', '[Li]']	3
['[H][C]1([H])[O][C]([O]([Li])[Li])[O][C]1([H])[H]'] -> ['[H][C]1([H])[O][C][O][C]1([H])[H]', '[Li][O][Li]']	3
['[Li]1[O][C]2[O][Li][O]12'] -> ['[Li][O]1[Li][O][C]1[O]']	3
['[H][C]([H])[C]([H])([H])[O][C]([O])[O][Li]'] -> ['[H][C]([H])[C]([H])[H]', '[Li][O][C]([O])[O]']	3
['[H][C]1([H])[O][C]([O][Li])[O][C]1([H])[H]'] -> ['[H][C]([H])[C]([H])([H])[O][C]([O])[O][Li]']	3
['[Li][O]1[Li][O][C]1[O]'] -> ['[Li]1[O][C]2[O][Li][O]12']	3
['[H][C]1([H])[O][C](=[O])[O][C]1([H])[H]', '[H][C]1([H])[O][C]([O][Li])[O][C]1([H])[H]'] -> ['[H][C]1([H])[O][C]([O][Li][O][C]2[O][C]([H])([H])[C]([H])([H])[O]2)[O][C]1([H])[H]']	3
['[H][C]([H])[C]([H])([H])[O][C]1[O][Li][O]1'] -> ['[H][C]([H])[C]([H])([H])[O][C]12[O][Li]1[O]2']	3
['[H][C]1([H])[O][C]([O])[O]([Li])[C]1([H])[H]'] -> ['[H][C]1([H])[O][C](=[O])[O]([Li])[C]1([H])[H]']	2
['[H][C]([H])[C]([H])([H])[O][C]([O])[O][Li]'] -> ['[H][C]([H])[C]([H])([H])[O][C](=[O])[O][Li]']	2
['[H][C]([H])[C]([H])([H])[O][C](=[O])[O][Li]'] -> ['[H][C]([H])[C]([H])[H]', '[Li][O][C]([O])=[O]']	2
['[H][C]1([H])[O][C]([O])[O]([Li])[C]1([H])[H]'] -> ['[H][C]1([H])[O][C]2[O][Li][O]2[C]1([H])[H]']	2
['[H][C]1([H])[O][C]([O][Li][Li])[O][C]1([H])[H]'] -> ['[H][C]1([H])[O][C]2([O][Li][Li])[O][C]12([H])[H]']	2
['[H][C]1([H])[O][C]2([O][Li][Li])[O][C]12([H])[H]'] -> ['[H][C]1([H])[O][C]([O][Li][Li])[O][C]1([H])[H]']	2
['[Li][O]1[Li]2[O][C]21[O]'] -> ['[Li]1[O][C]2[O][Li][O]12']	2
['[Li][O]1[Li][O][C]1[O]'] -> ['[Li]1[O][C]23[O][Li]2[O]13']	2
['[H][C]1([H])[O][C]([O][Li][O]=[C]2[O][C]([H])([H])[C]([H])([H])[O]2)[O][C]1([H])[H]'] -> ['[H][C]1([H])[O][C]([O][Li][O][C]2[O][C]([H])([H])[C]([H])([H])[O]2)[O][C]1([H])[H]']	2
['[H][C]1([H])[O][C]([O][Li])[O][C]1([H])[H]', '[Li]'] -> ['[H][C]1([H])[O][C]2([O]([Li])[Li])[O][C]12([H])[H]']	2
['[Li][O][C]1[O][Li][O]1[Li]'] -> ['[Li][O]1[Li][O]2[Li][O][C]12']	2
['[Li]1[O][C]23[O][Li]2[O]13'] -> ['[Li]1[O][C]2=[O][Li][O]12']	2
['[H][C]1([H])[O][C]([O][Li]2[O][C]34[O][Li]3[O]24)[O][C]1([H])[H]'] -> ['[H][C]1([H])[O][C]([O])[O][C]1([H])[H]', '[Li]1[O][C]23[O][Li]2[O]13']	2
['[Li]1[O][C]2[O][Li][O]12'] -> ['[Li]1[O][C]2=[O][Li][O]12']	2
['[H][C]1([H])[O][C]([O])[O][C]1([H])[H]', '[Li]1[O][C]23[O][Li]2[O]13'] -> ['[H][C]1([H])[O][C]([O][Li]2[O][C]34[O][Li]3[O]24)[O][C]1([H])[H]']	2
['[O][C]12[O][Li]13[Li][O]32'] -> ['[O]=[C]12[O][Li]13[Li][O]32']	2
['[H][C]1([H])[O][C]([O]([Li])[Li])[O][C]1([H])[H]', '[H][C]1([H])[O][C]([O])[O][C]1([H])[H]'] -> ['[H][C]1([H])[O][C]([O][Li][O]([Li])[C]2[O][C]([H])([H])[C]([H])([H])[O]2)[O][C]1([H])[H]']	2
['[H][C]1([H])[O][C][O][C]1([H])[H]', '[Li][O][Li]'] -> ['[H][C]1([H])[O][C]([O]([Li])[Li])[O][C]1([H])[H]']	2
['[H][C]1([H])[O][C]2=[O][Li][Li][O]2[C]1([H])[H]'] -> ['[H][C]1([H])[O][C]([O])[O]([Li][Li])[C]1([H])[H]']	2
['[Li]', '[Li]'] -> ['[Li][Li]']	2
['[H][C]1([H])[O][C]([O][Li][O]2[C](=[O])[O][C]([H])([H])[C]2([H])[H])[O][C]1([H])[H]'] -> ['[H][C]1([H])[O][C](=[O])[O][C]1([H])[H]', '[H][C]1([H])[O][C]([O][Li])[O][C]1([H])[H]']	2
['[Li]', '[Li]1[O][C]23[O][Li]2[O]13'] -> ['[Li][O]1[Li][O]2[Li]3[O][C]312']	2
['[Li]1[O][C]23[O][Li]2[O]13'] -> ['[Li]1[O]=[C]23[O][Li]2[O]13']	2
['[H][C]1([H])[O][C]([O]([Li])[Li])[O][C]1([H])[H]'] -> ['[H][C]1([H])[O][C]([O][Li])[O][C]1([H])[H]', '[Li]']	2
['[Li][O]1[Li]2[O][C]21[O]'] -> ['[Li][O]1[Li][O][C]1=[O]']	2
['[H][C]1([H])[O][C]([O][Li][O][C]2[O][C]([H])([H])[C]([H])([H])[O]2)[O][C]1([H])[H]'] -> ['[H][C]1([H])[O][C](=[O])[O][C]1([H])[H]', '[H][C]1([H])[O][C]([O][Li])[O][C]1([H])[H]']	2
['[Li][O]1[Li][O]2[Li]3[O][C]312'] -> ['[Li]', '[Li]1[O][C]23[O][Li]2[O]13']	2
['[Li][O]1[Li][O]2[Li][O][C]12'] -> ['[Li][O]1[Li][O]2[Li]3[O][C]312']	2
['[H][C]([H])[C]([H])([H])[O][C]([O])[O][Li]'] -> ['[H][C]([H])[C]([H])([H])[O][C]1[O][Li][O]1']	2
['[Li][O][C]1[O][Li][O]1'] -> ['[Li]', '[O][C]1[O][Li][O]1']	2
['[H][C]1([H])[O][C]([O][Li]2[O][C]34[O][Li]3[O]24)[O][C]1([H])[H]'] -> ['[H][C]1([H])[O][C]([O][Li][O][C]23[O][Li]2[O]3)[O][C]1([H])[H]']	2
['[H][C]1([H])[O][C]([O][Li])[O][C]1([H])[H]', '[O][C]1[O][Li][O]1'] -> ['[H][C]1([H])[O][C]([O][Li][O][C]2[O][Li][O]2)[O][C]1([H])[H]']	2
['[Li]1[O][C]2=[O][Li][O]12'] -> ['[Li]1[O][C]2[O][Li][O]12']	2
['[Li]1[O]=[C]23[O][Li]2[O]13'] -> ['[Li]1[O][C]23[O][Li]2[O]13']	2
['[H][C]1([H])[O][C]([O][Li][O][C]2[O][Li][O]2)[O][C]1([H])[H]'] -> ['[H][C]1([H])[O][C]([O][Li][O][C]23[O][Li]2[O]3)[O][C]1([H])[H]']	2
['[H][C]1([H])[O][C]([O][Li][O][C]23[O][Li]2[O]3)[O][C]1([H])[H]'] -> ['[H][C]1([H])[O][C]([O])[O][C]1([H])[H]', '[Li][O][C]12[O][Li]1[O]2']	2
['[H][C]1([H])[O][C](=[O])[O]([Li])[C]1([H])[H]'] -> ['[H][C]([H])[C]([H])[H]', '[Li][O][C]([O])=[O]']	2
['[Li][O][C]([O])[O]'] -> ['[Li][O][C](=[O])=[O]']	2
['[Li][O][C](=[O])=[O]'] -> ['[Li][O][C]([O])[O]']	2
['[Li][O][C]([O])=[O]'] -> ['[O][C]1[O][Li][O]1']	2
['[H][C]1([H])[O][C](=[O])[O]([Li])[C]1([H])[H]'] -> ['[H][C]([H])[C]([H])([H])[O][C]([O])[O][Li]']	2
['[Li][O]1[Li]2[O]3[Li][O][C]213'] -> ['[Li]', '[Li]1[O][C]23[O][Li]2[O]13']	2
['[H][C]1([H])[O][C]([O][Li][Li])[O][C]1([H])[H]'] -> ['[H][C]1([H])[O][C](=[O])[O][C]1([H])[H]', '[Li][Li]']	2
['[H][C]([H])[C]([H])([H])[O][C]12[O][Li]1[O]2'] -> ['[H][C]([H])[C]([H])([H])[O][C]1[O][Li][O]1']	2
['[H][C]([H])[C]([H])([H])[O][C]12[O][Li]1[O]2'] -> ['[H][C]([H])[C]([H])[H]', '[O][C]1[O][Li][O]1']	2
['[Li][Li][O][C]1[O][Li][O]1'] -> ['[Li][Li][O][C]12[O][Li]1[O]2']	2
['[Li]', '[Li]1[O][C]23[O][Li]2[O]13'] -> ['[Li][O]1[Li]2[O]3[Li][O][C]213']	2
['[H][C]1([H])[O][C]([O])[O][C]1([H])[H]', '[H][C]1([H])[O][C]([O][Li][Li])[O][C]1([H])[H]'] -> ['[H][C]1([H])[O][C]([O][Li][Li][O][C]2[O][C]([H])([H])[C]([H])([H])[O]2)[O][C]1([H])[H]']	2
['[O][C]1[O][Li]([O][C]23[O][Li]2[O]3)[O]1'] -> ['[O][C]1[O][Li]([O][C]2[O][Li][O]2)[O]1']	2
['[H][C]1([H])[O][C]2([O]([Li])[Li][O][C]3[O][Li][O]3)[O][C]12([H])[H]'] -> ['[H][C]1([H])[O][C]([O]([Li])[Li][O][C]2[O][Li][O]2)[O][C]1([H])[H]']	2
['[H][C]1([H])[O][C]([O][Li][O][C]2[O][C]([H])([H])[C]([H])([H])[O]2)[O][C]1([H])[H]'] -> ['[H][C]1([H])[O][C]([O][Li][O]=[C]2[O][C]([H])([H])[C]([H])([H])[O]2)[O][C]1([H])[H]']	2
['[H][C]1([H])[O][C]([O][Li][O]=[C]2[O][C]([H])([H])[C]([H])([H])[O]2)[O][C]1([H])[H]'] -> ['[H][C]1([H])[O][C]([O])[O][C]1([H])[H]', '[H][C]1([H])[O][C]([O][Li])[O][C]1([H])[H]']	2
['[H][C]1([H])[O]([Li])[C]2=[O][Li][O]2[C]1([H])[H]'] -> ['[H][C]([H])[C]([H])([H])[O]([Li])[C]1[O][Li][O]1']	1
['[H][C]1([H])[O][C](=[O])[O]([Li])[C]1([H])[H]'] -> ['[H][C]1([H])[O]=[C]([O])[O]([Li])[C]1([H])[H]']	1
['[H][C]1([H])[O][C](=[O])[O][C]1([H])[H]'] -> ['[H][C]1([H])[O][C](=[O])=[O][C]1([H])[H]']	1
['[H][C]([H])[C]([H])([H])[O]([Li])[C]1[O][Li][O]1'] -> ['[H][C]([H])[C]([H])[H]', '[Li][O][C]1[O][Li][O]1']	1
['[H][C]1([H])[O]=[C](=[O])[O]([Li])[C]1([H])[H]'] -> ['[H][C]1([H])[O][C]([O])[O]([Li])[C]1([H])[H]']	1
['[H][C]1([H])[O]=[C](=[O])[O]([Li])[C]1([H])[H]'] -> ['[H][C]([H])[C]([H])[H]', '[Li][O][C]([O])=[O]']	1
['[H][C]1([H])[O][C]([O])[O]([Li][Li])[C]1([H])[H]'] -> ['[H][C]([H])[C]([H])([H])[O][C]([O])[O][Li][Li]']	1
['[H][C]1([H])[O]=[C](=[O])[O]([Li])[C]1([H])[H]'] -> ['[H][C]([H])[C]([H])[H]', '[Li][O][C]([O])[O]']	1
['[H][C]1([H])[O]=[C]([O])[O]([Li])[C]1([H])[H]'] -> ['[H][C]([H])[C]([H])([H])[O][C]([O])[O][Li]']	1
['[H][C]1([H])[O][C](=[O])=[O][C]1([H])[H]'] -> ['[H][C]1([H])[O][C](=[O])[O][C]1([H])[H]']	1
['[H][C]([H])[C]([H])[H]', '[Li][O][C]([O])=[O]'] -> ['[H][C]([H])[C]([H])([H])[O]([Li])[C]([O])=[O]']	1
['[H][C]1([H])[O][C]([O])[O][C]1([H])[H]'] -> ['[H][C]1([H])[O][C]2(=[O])[O][C]12([H])[H]']	1
['[Li][O][C]1[O][Li][O]1'] -> ['[Li][O][C]([O])[O][Li]']	1
['[H][C]([H])[C]([H])([H])[O]([Li])[C]([O])=[O]'] -> ['[H][C]([H])[C]([H])([H])[O]([Li])[C](=[O])=[O]']	1
['[H][C]1([H])[O][C]2(=[O])[O][C]12([H])[H]'] -> ['[H][C]1([H])[O][C](=[O])[O][C]1([H])[H]']	1
['[H][C]([H])[C]([H])([H])[O]([Li])[C](=[O])=[O]'] -> ['[H][C]([H])[C]([H])([H])[O][Li]', '[O]=[C]=[O]']	1
['[H][C]([H])[C]([H])([H])[O][C]([O])[O][Li][Li]'] -> ['[H][C]([H])[C]([H])([H])[O][C]1[O][Li][Li][O]1']	1
['[H][C]1([H])[O][C]2[O][Li][O]2[C]1([H])[H]', '[Li]'] -> ['[H][C]1([H])[O][C]([O][Li][Li])[O][C]1([H])[H]']	1
['[H][C]([H])[C]([H])([H])[O][C]1[O][Li][Li][O]1'] -> ['[H][C]([H])[C]([H])([H])[O][C]1[O][Li]2[Li][O]21']	1
['[H][C]([H])[C]([H])([H])[O][C]1[O][Li]2[Li][O]21'] -> ['[H][C]([H])[C]([H])([H])[O][C]1[O][Li][Li][O]1']	1
['[H][C]([H])[C]([H])([H])[O][C]1[O][Li][Li][O]1'] -> ['[H][C]([H])[C]([H])([H])[O][C]12[O][Li][Li]1[O]2']	1
['[H][C]([H])[C]([H])([H])[O][C]12[O][Li][Li]1[O]2'] -> ['[H][C]([H])[C]([H])([H])[O]=[C]12[O][Li][Li]1[O]2']	1
['[H][C]([H])[C]([H])([H])[O]=[C]12[O][Li][Li]1[O]2'] -> ['[H][C]([H])[C]([H])([H])[O][C]1[O][Li][Li][O]1']	1
['[H][C]([H])[C]([H])([H])[O][C]1[O][Li][Li][O]1'] -> ['[H][C]([H])[C]([H])[H]', '[Li][O][C]([O])[O][Li]']	1
['[Li][O][C]([O])[O][Li]'] -> ['[Li][O][C]1(=[O])[Li][O]1']	1
['[Li][O][C]1(=[O])[Li][O]1'] -> ['[Li][O][C](=[O])[O][Li]']	1
['[H][C]1([H])[O][C]([O][Li])[O][C]1([H])[H]', '[Li]'] -> ['[H][C]1([H])[O][C]([O][Li][Li])[O][C]1([H])[H]']	1
['[Li][O][C](=[O])[O][Li]'] -> ['[Li][O][C]([O])[O][Li]']	1
['[H][C]1([H])[O][C]([O])[O]([Li])[C]1([H])[H]', '[Li]'] -> ['[H][C]1([H])[O][C]([O][Li])[O]([Li])[C]1([H])[H]']	1
['[H][C]1([H])[O][C](=[O])[O]([Li])[C]1([H])[H]', '[H][C]1([H])[O][C](=[O])[O][C]1([H])[H]'] -> ['[H][C]1([H])[O][C]([O][Li][O]2[C](=[O])[O][C]([H])([H])[C]2([H])[H])[O][C]1([H])[H]']	1
['[Li][O][C]1[O][Li][O]1'] -> ['[Li]', '[O]=[C]1[O][Li][O]1']	1
['[Li]', '[O]=[C]1[O][Li][O]1'] -> ['[Li][O][C]1[O][Li][O]1']	1
['[H][C]1([H])[O][C]([O][Li])[O][C]1([H])[H]'] -> ['[H][C]1([H])[O][C]23[O][Li][O]2[C]13([H])[H]']	1
['[H][C]1([H])[O][C]23[O][Li][O]2[C]13([H])[H]'] -> ['[H][C]1([H])[O][C]2[O][Li][O]2[C]1([H])[H]']	1
['[Li][O]1[Li]2[O][C]21=[O]'] -> ['[Li][O]1[Li][O][C]1[O]']	1
['[H][C]1([H])[O][C]2[O][Li][O]2[C]1([H])[H]'] -> ['[H][C]1([H])[O][C]23[O][Li][O]2[C]13([H])[H]']	1
['[H][C]1([H])[O][C]23[O][Li][O]2[C]13([H])[H]'] -> ['[H][C]1([H])[O][C]2([O][Li])[O][C]12([H])[H]']	1
['[H][C]([H])[C]([H])([H])[O][C]1[O][Li][O]1'] -> ['[H][C]([H])[C]([H])([H])[O][C]([O])[O][Li]']	1
['[Li][O]1[Li][O]2[Li]3[O][C]312'] -> ['[Li][O]1[Li][O]2[Li][C]12[O]']	1
['[Li][O]1[Li][O]2[Li][C]12[O]'] -> ['[Li][O][C]([O])[O]([Li])[Li]']	1
['[Li][O][C]([O])[O]([Li])[Li]'] -> ['[Li][O]1[Li][O]([Li])[C]1[O]']	1
['[Li][O]1[Li][O]([Li])[C]1[O]'] -> ['[Li][O]1[Li][O]2[Li][C]12[O]']	1
['[Li][O]1[Li][O]2[Li][C]12[O]'] -> ['[Li][O]1[Li][O]2[Li]3[O][C]312']	1
['[Li]1[O]=[C]23[O][Li]2[O]13'] -> ['[Li]1[O][C]2=[O][Li][O]12']	1
['[H][C]1([H])[O][C](=[O])[O][C]1([H])[H]', '[H][C]1([H])[O][C]([O][Li])[O][C]1([H])[H]'] -> ['[H][C]1([H])[O][C]([O][Li][O]=[C]2[O][C]([H])([H])[C]([H])([H])[O]2)[O][C]1([H])[H]']	1
['[H][C]1([H])[O]([Li])[C]2([O][Li])[O][C]12([H])[H]'] -> ['[H][C]1([H])[O][C]([O][Li])[O][C]1([H])[H]', '[Li]']	1
['[H][C]1([H])[O][C]2([O][Li])[O][C]12([H])[H]', '[Li]'] -> ['[H][C]1([H])[O]([Li])[C]2([O][Li])[O][C]12([H])[H]']	1
['[Li]1[O]2[Li][O]3[Li]4[O]1[C]423'] -> ['[Li][O]1[Li][O]2[Li][O][C]12']	1
['[H][C]1([H])[O][C](=[O])[O]([Li])[C]1([H])[H]'] -> ['[H][C]([H])[C]([H])([H])[O][C](=[O])[O][Li]']	1
['[H][C]1([H])[O][C]([O])[O][C]1([H])[H]', '[Li][O][C]12[O][Li]1[O]2'] -> ['[H][C]1([H])[O][C]([O][Li][O][C]23[O][Li]2[O]3)[O][C]1([H])[H]']	1
['[H][C]([H])[C]([H])([H])[O][C](=[O])[O][Li]'] -> ['[H][C]([H])[C]([H])([H])[O][C]([O])[O][Li]']	1
['[H][C]1([H])[O][C]([O][Li][O][C]23[O][Li]2[O]3)[O][C]1([H])[H]'] -> ['[H][C]1([H])[O][C]([O][Li]2[O][C]34[O][Li]3[O]24)[O][C]1([H])[H]']	1
['[Li][O]1[Li][O]2[Li][O][C]12'] -> ['[Li][O]1[Li][O]([Li])[C]1[O]']	1
['[Li][O]1[Li][O]([Li])[C]1[O]'] -> ['[Li][O][C]([O])[O]([Li])[Li]']	1
['[H][C]([H])[C]([H])([H])[O][Li]', '[Li]'] -> ['[H][C]([H])[C]([H])([H])[O]([Li])[Li]']	1
['[H][C]1([H])[O][C]([O][Li]2[O][C]34[O][Li]3[O]24)[O][C]1([H])[H]'] -> ['[H][C]1([H])[O][C]([O])[O][C]1([H])[H]', '[Li][O]1[Li]2[O][C]21[O]']	1
['[Li][O][C]([O])[O]([Li])[Li]'] -> ['[Li][O][C]1[O][Li][O]1[Li]']	1
['[H][C]([H])[C]([H])([H])[O]([Li])[Li]'] -> ['[H][C]([H])[C]([H])[H]', '[Li][O][Li]']	1
['[H][C]1([H])[O][C]([O])[O][C]1([H])[H]', '[H][C]1([H])[O][C]2([O]([Li])[Li])[O][C]12([H])[H]'] -> ['[H][C]1([H])[O][C]([O][Li][O]([Li])[C]23[O][C]([H])([H])[C]2([H])([H])[O]3)[O][C]1([H])[H]']	1
['[H][C]1([H])[O][C]([O][Li][O]([Li])[C]23[O][C]([H])([H])[C]2([H])([H])[O]3)[O][C]1([H])[H]'] -> ['[H][C]1([H])[O][C]([O][Li][O]([Li])[C]2[O][C]([H])([H])[C]([H])([H])[O]2)[O][C]1([H])[H]']	1
['[H][C]1([H])[O][C]([O][Li][O]([Li])[C]2[O][C]([H])([H])[C]([H])([H])[O]2)[O][C]1([H])[H]'] -> ['[H][C]1([H])[O][C]([O][Li])[O][C]1([H])[H]', '[H][C]1([H])[O][C]([O][Li])[O][C]1([H])[H]']	1
['[H][C]1([H])[O][C]([O][Li])[O][C]1([H])[H]', '[H][C]1([H])[O][C]([O][Li][Li])[O][C]1([H])[H]'] -> ['[H][C]1([H])[O][C]([O][Li][Li][O]2[C]([O][Li])[O][C]([H])([H])[C]2([H])[H])[O][C]1([H])[H]']	1
['[H][C]1([H])[O][C]([O][Li])[O]([Li])[C]1([H])[H]'] -> ['[H][C]1([H])[O][C]([O][Li])[O][C]1([H])[H]', '[Li]']	1
['[H][C]1([H])[O][C]([O][Li][Li][O]2[C]([O][Li])[O][C]([H])([H])[C]2([H])[H])[O][C]1([H])[H]'] -> ['[H][C]1([H])[O][C]([O][Li])[O]([Li])[C]1([H])[H]', '[H][C]1([H])[O][C]([O][Li])[O][C]1([H])[H]']	1
['[H][C]1([H])[O][C]([O][Li])[O][C]1([H])[H]', '[Li]'] -> ['[H][C]1([H])[O][C]([O][Li])[O]([Li])[C]1([H])[H]']	1
['[H][C]1([H])[O][C]([O][Li])[O][C]1([H])[H]', '[Li]1[O][C]23[O][Li]2[O]13'] -> ['[H][C]1([H])[O][C](=[O])[O][C]1([H])[H]', '[Li][O]1[Li]2[O]3[Li][O][C]213']	1
['[O]=[C]1[O][Li][O]1'] -> ['[Li][O][C]([O])=[O]']	1
['[H][C]1([H])[O][C]2[O][Li][O]2[C]1([H])[H]'] -> ['[H][C]1([H])[O][C]2([Li][O]2)[O][C]1([H])[H]']	1
['[Li]1[O]2[Li][O]3[Li]4[O]1[C]423'] -> ['[Li][O]([Li])[C]12[O][Li]1[O]2']	1
['[Li][O]([Li])[C]1[O][Li][O]1'] -> ['[Li]1[O][C][O]1', '[Li][O][Li]']	1
['[Li]1[O][C][O]1', '[Li][O][Li]'] -> ['[Li][O]([Li])[C]1[O][Li][O]1']	1
['[H][C]1([H])[O][C](=[O])[O][C]1([H])[H]', '[Li][O][C]12[O][Li]1[O]2'] -> ['[H][C]1([H])[O][C]([O][Li]2[O][C]34[O][Li]3[O]24)[O][C]1([H])[H]']	1
['[H][C]1([H])[O][C]([O][Li]2[O][C]34[O][Li]3[O]24)[O][C]1([H])[H]'] -> ['[H][C]1([H])[O][C]([O][Li]2[O][C]3[O][Li][O]23)[O][C]1([H])[H]']	1
['[H][C]1([H])[O][C]([O][Li])[O][C]1([H])[H]', '[Li][O][C]([O])[O]'] -> ['[H][C]1([H])[O][C]([O])[O][C]1([H])[H]', '[Li][O][C]([O])[O][Li]']	1
['[Li]', '[Li]1[O][C]2[O][Li][O]12'] -> ['[Li][O]1[Li][O]2[Li][O][C]12']	1
['[H][C]1([H])[O][C]([O][Li]2[O][C]3[O][Li][O]23)[O][C]1([H])[H]'] -> ['[H][C]1([H])[O][C]([O][Li]2[O][C]34[O][Li]3[O]24)[O][C]1([H])[H]']	1
['[Li][O]([Li])[C]12[O][Li]1[O]2'] -> ['[Li][O][C]12[O][Li]1[O]2[Li]']	1
['[Li][O][C]12[O][Li]1[O]2[Li]'] -> ['[Li][O]1[Li]2[O]3[Li][O][C]213']	1
['[H][C]([H])=[C]([H])[H]', '[Li]'] -> ['[H][C]([H])=[C]([H])[H][Li]']	1
['[H][C]1([H])[O][C](=[O])[O][C]1([H])[H]', '[Li][O][Li]'] -> ['[H][C]1([H])[O][C]([O][Li][O][Li])[O][C]1([H])[H]']	1
['[H][C]([H])=[C]([H])[H][Li]'] -> ['[H][C]([H])=[C]([H])[H]', '[Li]']	1
['[H][C]1([H])[O][C]([O])[O][C]1([H])[H]', '[Li][O]1[Li][O]2[Li][O][C]12'] -> ['[H][C]1([H])[O][C]([O][Li][O]2[Li][O]3[Li][O][C]23)[O][C]1([H])[H]']	1
['[Li]', '[O][C]1[O][Li][O]1'] -> ['[Li][O]1[Li][O][C]1[O]']	1
['[H][C]1([H])[O][C]([O][Li][O]2[Li][O]3[Li][O][C]23)[O][C]1([H])[H]'] -> ['[H][C]1([H])[O][C]([O][Li][O]2[Li][O][C]2[O][Li])[O][C]1([H])[H]']	1
['[H][C]1([H])[O][C]([O][Li][O][Li])[O][C]1([H])[H]'] -> ['[H][C]1([H])[O][C](=[O])[O][C]1([H])[H]', '[Li][O][Li]']	1
['[H][C]1([H])[O][C]([O])[O][C]1([H])[H]', '[Li][O]1[Li][O][C]1[O]'] -> ['[H][C]1([H])[O][C]([O][Li][O]2[Li][O][C]2[O])[O][C]1([H])[H]']	1
['[H][C]1([H])[O][C]([O][Li][O]2[Li][O][C]2[O])[O][C]1([H])[H]'] -> ['[H][C]1([H])[O][C]([O][Li][O]2[Li][O][C]2=[O])[O][C]1([H])[H]']	1
['[H][C]1([H])[O][C]([O][Li][O]2[Li][O][C]2=[O])[O][C]1([H])[H]'] -> ['[H][C]1([H])[O][C]([O][Li]2[O][C]3[O][Li][O]23)[O][C]1([H])[H]']	1
['[H][C]1([H])[O][C]([O][Li][O]2[Li][O][C]2[O][Li])[O][C]1([H])[H]'] -> ['[H][C]1([H])[O][C]([O])[O][C]1([H])[H]', '[Li][O][C]1[O][Li][O]1[Li]']	1
['[H][C]1([H])[O][C]([O][Li]2[O][C]3[O][Li][O]23)[O][C]1([H])[H]'] -> ['[H][C]1([H])[O][C]([O])[O][C]1([H])[H]', '[Li]1[O][C]2[O][Li][O]12']	1
['[H][C]([H])[C]([H])([H])[O][C]1[O][Li][O]1'] -> ['[H][C]([H])[C]([H])[H]', '[O][C]12[O][Li]1[O]2']	1
['[Li]1[O][C]2=[O][Li][O]12'] -> ['[Li][O]1[Li][O]=[C]1=[O]']	1
['[H][C]1([H])[O][C]([O][Li])[O]([Li])[C]1([H])[H]'] -> ['[H][C]1([H])[O][C]2([O][Li])[O][C]12([H])[H]', '[Li]']	1
['[Li][O]1[Li][O]=[C]1=[O]'] -> ['[Li][O]([Li])[C]([O])=[O]']	1
['[Li][O]([Li])[C]([O])=[O]'] -> ['[Li][O]1[Li][O][C]1[O]']	1
['[Li][O]([Li])[C]1[O][Li][O]1'] -> ['[Li]1[O]2[Li][O]3[Li][O]1[C]23']	1
['[Li][O]1[Li][O][C]1[O]'] -> ['[Li][O]([Li])[C]([O])=[O]']	1
['[Li][O]([Li])[C]([O])=[O]'] -> ['[Li][O]1[Li][O][C]1=[O]']	1
['[Li][O]1[Li][O][C]1=[O]'] -> ['[Li][O]1[Li][O]=[C]1=[O]']	1
['[Li][O]1[Li]2[O]3[Li][O][C]213'] -> ['[Li][O]1[Li]2[O]([Li])[C]21[O]']	1
['[Li][O]1[Li][O]=[C]1=[O]'] -> ['[Li][O]1[Li][O][C]1=[O]']	1
['[Li][O]1[Li][O][C]1=[O]'] -> ['[Li][O]1[Li][O][C]1[O]']	1
['[Li][O]1[Li]2[O]([Li])[C]21[O]'] -> ['[Li][O]1[Li]2[O]3[Li][O][C]213']	1
['[H][C]1([H])[O][C]([O]([Li])[Li])[O][C]1([H])[H]'] -> ['[H][C]1([H])[O][C][O][C]1([H])[H]', '[Li]1[Li][O]1']	1
['[H][C]1([H])[O][C]([O][Li][O][C]23[O][Li]2[O]3)[O][C]1([H])[H]'] -> ['[H][C]1([H])[O][C]([O][Li][O][C]2[O][Li][O]2)[O][C]1([H])[H]']	1
['[H][C]1([H])[O][C]([O][Li][O][C]2[O][Li][O]2)[O][C]1([H])[H]'] -> ['[H][C]1([H])[O][C]([O][Li])[O][C]1([H])[H]', '[O][C]1[O][Li][O]1']	1
['[Li][O][C]12[O][Li]1[O]2'] -> ['[Li]', '[O][C]1[O][Li][O]1']	1
['[Li]', '[O][C]1[O][Li][O]1'] -> ['[Li][Li]1[O][C]([O])[O]1']	1
['[H][C]1([H])[O][C]([O][Li][O][C]2[O][C]([H])([H])[C]([H])([H])[O]2)[O][C]1([H])[H]'] -> ['[H][C]1([H])[O][C]([O])[O][C]1([H])[H]', '[H][C]1([H])[O][C]([O])[O][C]1([H])[H]', '[Li]']	1
['[Li][Li]1[O][C]([O])[O]1'] -> ['[O][C]1[O][Li]2[Li][O]21']	1
['[H][C]1([H])[O][C]([O])[O][C]1([H])[H]', '[H][C]1([H])[O][C]([O][Li])[O]([Li])[C]1([H])[H]'] -> ['[H][C]1([H])[O][C]([O][Li][O][C]2[O][C]([H])([H])[C]([H])([H])[O]2[Li])[O][C]1([H])[H]']	1
['[O][C]1[O][Li]2[Li][O]21'] -> ['[O][C]12[O][Li]13[Li][O]32']	1
['[H][C]1([H])[O][C]([O][Li][O][C]2[O][C]([H])([H])[C]([H])([H])[O]2[Li])[O][C]1([H])[H]'] -> ['[H][C]1([H])[O][C]([O][Li][O]2[Li][O]3[C]2[O][C]([H])([H])[C]3([H])[H])[O][C]1([H])[H]']	1
['[O]=[C]12[O][Li]13[Li][O]32'] -> ['[O][C]12[O][Li]13[Li][O]32']	1
['[Li]1[O][C]2[O][Li][O]12'] -> ['[Li]1[O]=[C]23[O][Li]2[O]13']	1
['[H][C]1([H])[O][C]([O][Li][O]2[Li][O]3[C]2[O][C]([H])([H])[C]3([H])[H])[O][C]1([H])[H]'] -> ['[H][C]1([H])[O][C]([O])[O][C]1([H])[H]', '[H][C]1([H])[O][C]2[O]([Li])[Li][O]2[C]1([H])[H]']	1
['[O]=[C]12[O][Li]13[Li][O]32'] -> ['[O]=[C]1[O][Li]2[Li][O]21']	1
['[H][C]1([H])[O][C]2[O]([Li])[Li][O]2[C]1([H])[H]'] -> ['[H][C]1([H])[O][C]([O]([Li])[Li])[O][C]1([H])[H]']	1
['[O]=[C]1[O][Li]2[Li][O]21'] -> ['[Li]', '[O]=[C]1[O][Li][O]1']	1
['[H][C]1([H])[O][C]([O])[O][C]1([H])[H]', '[H][C]1([H])[O][C]([O][Li])[O][C]1([H])[H]'] -> ['[H][C]1([H])[O][C]([O][Li][O]=[C]2[O][C]([H])([H])[C]([H])([H])[O]2)[O][C]1([H])[H]']	1
['[H][C]1([H])[O][C]([O][Li])[O][C]1([H])[H]', '[Li][O]1[Li][O]2[Li]3[O][C]312'] -> ['[H][C]1([H])[O][C]([O]([Li])[Li]2[O]([Li])[C]34[O][Li]3[O]24)[O][C]1([H])[H]']	1
['[Li]', '[O][C]12[O][Li]1[O]2'] -> ['[Li][O]1[Li][O][C]1=[O]']	1
['[H][C]1([H])[O][C]([O]([Li])[Li]2[O]([Li])[C]34[O][Li]3[O]24)[O][C]1([H])[H]'] -> ['[H][C]1([H])[O][C]([O]([Li])[Li][O]([Li])[C]23[O][Li]2[O]3)[O][C]1([H])[H]']	1
['[H][C]1([H])[O][C]([O][Li][O]([Li])[C]2[O][C]([H])([H])[C]([H])([H])[O]2)[O][C]1([H])[H]'] -> ['[H][C]1([H])[O][C]([O]([Li])[Li])[O][C]1([H])[H]', '[H][C]1([H])[O][C]([O])[O][C]1([H])[H]']	1
['[H][C]1([H])[O][C]([O])[O][C]1([H])[H]', '[H][C]1([H])[O][C]([O])[O][C]1([H])[H]', '[Li]'] -> ['[H][C]1([H])[O][C]([O][Li][O][C]2[O][C]([H])([H])[C]([H])([H])[O]2)[O][C]1([H])[H]']	1
['[H][C]1([H])[O][C]([O]([Li])[Li][O]([Li])[C]23[O][Li]2[O]3)[O][C]1([H])[H]'] -> ['[H][C]1([H])[O][C]([O]([Li])[Li])[O][C]1([H])[H]', '[Li][O][C]12[O][Li]1[O]2']	1
['[H][C]1([H])[O][C]([O][Li][O]([Li])[C]2[O][C]([H])([H])[C]([H])([H])[O]2)[O][C]1([H])[H]'] -> ['[H][C]1([H])[O][C](=[O])[O][C]1([H])[H]', '[H][C]1([H])[O][C]([O]([Li])[Li])[O][C]1([H])[H]']	1
['[H][C]1([H])[O][C](=[O])[O][C]1([H])[H]', '[Li]1[O]2[Li][O]3[Li][O]1[C]23'] -> ['[H][C]1([H])[O][C]([O][Li]2[O]3[Li][O]4[Li][O]2[C]43)[O][C]1([H])[H]']	1
['[H][C]1([H])[O][C]([O])[O][C]1([H])[H]', '[Li]1[O][C]23[O][Li]2[O]13'] -> ['[H][C]1([H])[O][C]([O][Li][O]2[Li]3[O][C]32[O])[O][C]1([H])[H]']	1
['[H][C]1([H])[O][C]([O][Li][O]2[Li]3[O][C]32[O])[O][C]1([H])[H]'] -> ['[H][C]1([H])[O][C]([O])[O][C]1([H])[H]', '[Li][O]1[Li]2[O][C]21=[O]']	1
['[H][C]1([H])[O]([Li])[C]2=[O][Li][O]2[C]1([H])[H]'] -> ['[H][C]1([H])[O]([Li])[C](=[O])[O]([Li])[C]1([H])[H]']	1
['[H][C]1([H])[O][C](=[O])[O]([Li])[C]1([H])[H]'] -> ['[H][C]1([H])[O][C](=[O])[O][C]1([H])[H]', '[Li]']	1
['[H][C]1([H])[O]([Li])[C](=[O])[O]([Li])[C]1([H])[H]'] -> ['[H][C]([H])=[C]([H])[H]', '[Li][O][C]([O])[O][Li]']	1
['[H][C]1([H])[O][C]([O])[O]([Li][Li])[C]1([H])[H]'] -> ['[H][C]([H])[C]([H])[H]', '[Li][Li][O][C]([O])=[O]']	1
['[H][C]1([H])[O][C](=[O])[O]([Li])[C]1([H])[H]'] -> ['[H][C]([H])[C]([H])[H]', '[Li][O][C]([O])[O]']	1
['[H][C]1([H])[O][C](=[O][Li])[O][C]1([H])[H]'] -> ['[H][C]([H])[C]([H])([H])[O][C]([O])[O][Li]']	1
['[Li][O][C]([O])[O][Li]'] -> ['[Li][O][C]1=[O][Li][O]1']	1
['[Li][Li][O][C]([O])=[O]'] -> ['[Li][Li][O][C]([O])[O]']	1
['[Li][O][C]1=[O][Li][O]1'] -> ['[Li][O][C]1[O][Li][O]1']	1
['[H][C]([H])[C]([H])([H])[O][C]([O])[O][Li]'] -> ['[H][C]1([H])[O][C]([O][Li])[O][C]1([H])[H]']	1
['[H][C]1([H])[O][C](=[O])[O][C]1([H])[H]', '[Li]', '[Li]'] -> ['[H][C]1([H])[O][C]([O][Li][Li])[O][C]1([H])[H]']	1
['[Li][Li][O][C]([O])[O]'] -> ['[Li][Li][O][C]([O])=[O]']	1
['[Li][Li][O][C]([O])=[O]'] -> ['[O]=[C]1[O][Li][Li][O]1']	1
['[H][C]1([H])[O][C]2([Li][O]2)[O][C]1([H])[H]', '[Li]'] -> ['[H][C]1([H])[O][C]2([O][Li]2[Li])[O][C]1([H])[H]']	1
['[O]=[C]1[O][Li][Li][O]1'] -> ['[Li][O][C]1([O])[Li][O]1']	1
['[Li][O][C]1([O])[Li][O]1'] -> ['[Li][O]1[Li]2[O][C]21[O]']	1
['[Li]', '[O][C]12[O][Li]1[O]2'] -> ['[Li][O][C]1[O][Li][O]1']	1
['[Li][O]1[Li][O][C]1=[O]'] -> ['[Li]', '[O]=[C]1[O][Li][O]1']	1
['[Li]', '[O]=[C]1[O][Li][O]1'] -> ['[Li][O]1[Li][O][C]1=[O]']	1
['[H][C]1([H])[O][C](=[O])[O]([Li])[C]1([H])[H]', '[Li]'] -> ['[H][C]1([H])[O][C](=[O][Li])[O]([Li])[C]1([H])[H]']	1
['[H][C]1([H])[O][C](=[O][Li])[O]([Li])[C]1([H])[H]'] -> ['[H][C]1([H])[O][C]([O][Li])[O]([Li])[C]1([H])[H]']	1
['[H][C]1([H])[O][C](=[O])[O]([Li])[C]1([H])[H]', '[H][C]1([H])[O][C]([O])[O][C]1([H])[H]'] -> ['[H][C]1([H])[O][C]([O][Li][O]2[C](=[O])[O][C]([H])([H])[C]2([H])[H])[O][C]1([H])[H]']	1
['[H][C]1([H])[O][C]([O][Li])[O]([Li])[C]1([H])[H]'] -> ['[H][C]([H])[C]([H])([H])[O][C]([O][Li])[O][Li]']	1
['[H][C]([H])[C]([H])([H])[O][C]([O][Li])[O][Li]'] -> ['[H][C]([H])[C]([H])([H])[O][C]1[O][Li][O]1[Li]']	1
['[H][C]([H])[C]([H])([H])[O][C]1[O][Li][O]1[Li]'] -> ['[H][C]([H])[C]([H])[H]', '[Li][O]1[Li][O][C]1[O]']	1
['[Li][O]1[Li][O][C]1[O]'] -> ['[Li][O]1[Li][O][C]1=[O]']	1
['[Li][O]1[Li][O][C]1=[O]'] -> ['[Li][O]1[Li][O]=[C]1[O]']	1
['[Li][O]1[Li][O]=[C]1[O]'] -> ['[Li]1[O][C]2=[O][Li][O]12']	1
['[H][C]([H])[C]([H])([H])[O][C]1[O][Li][O]1'] -> ['[H][C]([H])[C]([H])[H]', '[Li][O][C]([O])[O]']	1
['[Li]', '[O][C]12[O][Li]1[O]2'] -> ['[Li][O]1[Li][O][C]1[O]']	1
['[H][C]1([H])[O][C]([O][Li])[O][C]1([H])[H]', '[Li]1[O][C]23[O][Li]2[O]13'] -> ['[H][C]1([H])[O][C]([O][Li][O]2[Li]3[O]4[Li][O][C]324)[O][C]1([H])[H]']	1
['[H][C]1([H])[O][C]([O][Li][O]2[Li]3[O]4[Li][O][C]324)[O][C]1([H])[H]'] -> ['[H][C]1([H])[O][C]([O])[O][C]1([H])[H]', '[Li][O]1[Li]2[O]3[Li][O][C]213']	1
['[H][C]1([H])[O][C]([O])[O][C]1([H])[H]', '[Li][O]1[Li]2[O][C]21[O]'] -> ['[H][C]1([H])[O][C]([O][Li][O]2[Li][O][C]2=[O])[O][C]1([H])[H]']	1
['[H][C]1([H])[O][C]([O][Li][O]2[Li][O][C]2=[O])[O][C]1([H])[H]'] -> ['[H][C]1([H])[O][C]([O][Li][O]2[Li]3[O][C]32=[O])[O][C]1([H])[H]']	1
['[H][C]1([H])[O][C]([O][Li][O]2[Li]3[O][C]32=[O])[O][C]1([H])[H]'] -> ['[H][C]1([H])[O][C]([O][Li])[O][C]1([H])[H]', '[O]=[C]12[O][Li]1[O]2']	1
['[H][C]1([H])[O][C]([O][Li])[O][C]1([H])[H]', '[O]=[C]12[O][Li]1[O]2'] -> ['[H][C]1([H])[O][C]([O])[O][C]1([H])[H]', '[Li][O]1[Li]2[O][C]21=[O]']	1
['[H][C]1([H])[O][C]([O][Li])[O][C]1([H])[H]', '[Li]1[O][C]23[O][Li]2[O]13'] -> ['[H][C]1([H])[O][C]([O][Li][O]2[Li]3[O][C]32[O][Li])[O][C]1([H])[H]']	1
['[H][C]1([H])[O][C]([O][Li])[O][C]1([H])[H]'] -> ['[H][C]1([H])[O][C]23[O][Li]2[O]3[C]1([H])[H]']	1
['[H][C]1([H])[O][C]([O])[O][C]1([H])[H]', '[Li][O]1[Li]2[O][C]21=[O]'] -> ['[H][C]1([H])[O][C]([O][Li][O]2[Li]3[O][C]32[O])[O][C]1([H])[H]']	1
['[H][C]1([H])[O][C]([O][Li][O]2[Li]3[O][C]32[O][Li])[O][C]1([H])[H]'] -> ['[H][C]1([H])[O][C]([O][Li])[O][C]1([H])[H]', '[Li]1[O][C]23[O][Li]2[O]13']	1
['[H][C]1([H])[O][C]([O][Li][O]2[Li]3[O][C]32[O])[O][C]1([H])[H]'] -> ['[H][C]1([H])[O][C]([O][Li][O]2[Li]3[O][C]32=[O])[O][C]1([H])[H]']	1
['[H][C]1([H])[O][C]([O][Li])[O][C]1([H])[H]', '[Li]1[O][C]23[O][Li]2[O]13'] -> ['[H][C]1([H])[O][C]([O][Li][O]2[Li][O]3[Li]4[O][C]423)[O][C]1([H])[H]']	1
['[H][C]1([H])[O][C]([O][Li][O]2[Li]3[O][C]32=[O])[O][C]1([H])[H]'] -> ['[H][C]1([H])[O][C]([O][Li][O]2[Li][O][C]2=[O])[O][C]1([H])[H]']	1
['[H][C]1([H])[O][C]([O][Li][O]2[Li][O]3[Li]4[O][C]423)[O][C]1([H])[H]'] -> ['[H][C]1([H])[O][C]([O])[O][C]1([H])[H]', '[Li][O]1[Li][O]2[Li]3[O][C]312']	1
['[Li]1[O][C]2[O][Li][O]12'] -> ['[Li]', '[O][C]1[O][Li][O]1']	1
['[H][C]1([H])[O][C]([O][Li][O]2[Li][O][C]2=[O])[O][C]1([H])[H]'] -> ['[H][C]1([H])[O][C]([O][Li])[O][C]1([H])[H]', '[O]=[C]1[O][Li][O]1']	1
['[H][C]1([H])[O][C]23[O][Li]2[O]3[C]1([H])[H]'] -> ['[H][C]([H])[C]([H])([H])[O][C]12[O][Li]1[O]2']	1
['[Li]', '[O][C]1[O][Li][O]1'] -> ['[Li][O][C]12[O][Li]1[O]2']	1
['[Li][Li]', '[O][C]1[O][Li][O]1'] -> ['[Li][Li][O]1[Li][O][C]1[O]']	1
['[Li][Li][O]1[Li][O][C]1[O]'] -> ['[Li][Li][O]1[Li]2[O][C]21[O]']	1
['[Li][Li][O]1[Li]2[O][C]21[O]'] -> ['[Li][Li]1[O][C]23[O][Li]2[O]13']	1
['[Li][O]1[Li][O]2[Li]3[O][C]312'] -> ['[Li][O]1[Li][O]2[Li][O][C]12']	1
['[H][C]([H])[C]([H])([H])[O][C]([O])[O][Li]'] -> ['[H][C]([H])[C]([H])([H])[O][C]1([O])[Li][O]1']	1
['[H][C]([H])[C]([H])([H])[O][C]1([O])[Li][O]1'] -> ['[H][C]([H])[C]([H])([H])[O][C]([O])[O][Li]']	1
['[Li][Li]1[O][C]23[O][Li]2[O]13'] -> ['[Li][Li]1[O][C]2[O][Li][O]12']	1
['[Li][Li]1[O][C]2[O][Li][O]12'] -> ['[Li][Li][O][C]1[O][Li][O]1']	1
['[Li][O]1[Li]2[O]3[Li][O][C]213'] -> ['[Li][O][C]12[O][Li]1[O]2[Li]']	1
['[Li][Li][O][C]12[O][Li]1[O]2'] -> ['[Li][Li][O][C]1[O][Li][O]1']	1
['[Li][O][C]12[O][Li]1[O]2[Li]'] -> ['[Li][O]1[Li][O]2[Li]3[O][C]312']	1
['[H][C]1([H])[O][C]2([O][Li])[O][C]12([H])[H]', '[Li]'] -> ['[H][C]1([H])[O][C]2([O]([Li])[Li])[O][C]12([H])[H]']	1
['[Li][Li][O][C]12[O][Li]1[O]2'] -> ['[Li]', '[Li][O][C]12[O][Li]1[O]2']	1
['[H][C]1([H])[O][C]2([O]([Li])[Li])[O][C]12([H])[H]'] -> ['[H][C]1([H])[O][C]2([O]3[Li][Li]3)[O][C]12([H])[H]']	1
['[H][C]1([H])[O][C]2[O][Li][O]2[C]1([H])[H]'] -> ['[H][C]1([H])[O][C]23[O][Li]2[O]3[C]1([H])[H]']	1
['[Li][O]1[Li]2[O]3[Li][O][C]213', '[O][C]12[O][Li]1[O]2'] -> ['[Li]1[O][C]([O][Li][O]2[Li]3[O]4[Li][O][C]324)[O]1']	1
['[H][C]1([H])[O][C]2([O]3[Li][Li]3)[O][C]12([H])[H]'] -> ['[H][C]1([H])[O][C]([O][Li][Li])[O][C]1([H])[H]']	1
['[H][C]1([H])[O][C]23[O][Li]2[O]3[C]1([H])[H]'] -> ['[H][C]1([H])[O][C]2[O][Li][O]2[C]1([H])[H]']	1
['[H][C]1([H])[O][C]([O][Li][Li][O][C]2[O][C]([H])([H])[C]([H])([H])[O]2)[O][C]1([H])[H]'] -> ['[H][C]1([H])[O][C]([O])[O][C]1([H])[H]', '[H][C]1([H])[O][C]([O][Li][Li])[O][C]1([H])[H]']	1
['[H][C]1([H])[O][C]([O][Li][Li])[O][C]1([H])[H]'] -> ['[H][C]1([H])[O][C]([O]2[Li][Li]2)[O][C]1([H])[H]']	1
['[Li]1[O][C]([O][Li][O]2[Li]3[O]4[Li][O][C]324)[O]1'] -> ['[Li][O]1[Li]2[O]3[Li][O][C]213', '[O][C]1[O][Li][O]1']	1
['[Li][O]1[Li][O]2[Li]3[O][C]312'] -> ['[Li]', '[Li][O]1[Li]2[O][C]21[O]']	1
['[H][C]1([H])[O][C]([O][Li][Li][O][C]2[O][C]([H])([H])[C]([H])([H])[O]2)[O][C]1([H])[H]'] -> ['[H][C]1([H])[O][C]([O][Li])[O][C]1([H])[H]', '[H][C]1([H])[O][C]([O][Li])[O][C]1([H])[H]']	1
['[Li][O]1[Li]2[O]3[Li][O][C]213', '[O]=[C]1[O][Li][O]1'] -> ['[Li][O][C]12[O][Li]1[O]2[Li][O]1[Li][O][C]1=[O]']	1
['[H][C]1([H])[O][C]([O]2[Li][Li]2)[O][C]1([H])[H]'] -> ['[H][C]1([H])[O][C]([O]([Li])[Li])[O][C]1([H])[H]']	1
['[Li][O][C]12[O][Li]1[O]2[Li][O]1[Li][O][C]1=[O]'] -> ['[O][C]1[O][Li][O]1[Li][O]1[Li]2[O]3[Li][O][C]231']	1
['[O][C]1[O][Li][O]1[Li][O]1[Li]2[O]3[Li][O][C]231'] -> ['[Li][O]1[Li]2[O]3[Li][O][C]213', '[O][C]12[O][Li]1[O]2']	1
['[Li][O]1[Li]2[O]3[Li][O][C]213', '[O][C]12[O][Li]1[O]2'] -> ['[Li]1[O][C]23[O][Li]2[O]13', '[Li][O][C]12[O][Li]1[O]2']	1
['[O][C]12[O][Li]1[O]2', '[O][C]1[O][Li][O]1'] -> ['[O][C]1[O][Li]([O][C]23[O][Li]2[O]3)[O]1']	1
['[O][C]1[O][Li]([O][C]2[O][Li][O]2)[O]1'] -> ['[O][C]12[O][Li]1[O]2', '[O][C]1[O][Li][O]1']	1
['[O]=[C]1[O][Li][O]1', '[O][C]1[O][Li][O]1'] -> ['[O][C]1[O][Li]([O]2[Li][O][C]2=[O])[O]1']	1
['[O][C]1[O][Li]([O]2[Li][O][C]2=[O])[O]1'] -> ['[O]=[C]1[O][Li][O]1', '[O][C]1[O][Li][O]1']	1
['[H][C]1([H])[O][C]([O][Li][O][C]23[O][Li]2[O]3)[O][C]1([H])[H]'] -> ['[H][C]1([H])[O][C](=[O])[O][C]1([H])[H]', '[Li][O][C]12[O][Li]1[O]2']	1
['[O]=[C]1[O][Li][O]1', '[O][C]12[O][Li]1[O]2'] -> ['[O][C]1[O][Li]([O][C]23[O][Li]2[O]3)[O]1']	1
['[O][C]1[O][Li]([O][C]2[O][Li][O]2)[O]1'] -> ['[O][C]1[O][Li][O]1', '[O][C]1[O][Li][O]1']	1
['[Li][O][C]12[O][Li]1[O]2'] -> ['[Li]1[O][C]123[O][Li]2[O]3']	1
['[Li]1[O][C]123[O][Li]2[O]3'] -> ['[Li]1[O][C]2([Li][O]2)[O]1']	1
['[Li]1[O][C]2([Li][O]2)[O]1'] -> ['[Li]1[O][C]123[O][Li]2[O]3']	1
['[Li]1[O][C]123[O][Li]2[O]3'] -> ['[Li][O][C]12[O][Li]1[O]2']	1
['[H][C]1([H])[O][C]2([O]([Li])[Li])[O][C]12([H])[H]', '[O][C]1[O][Li][O]1'] -> ['[H][C]1([H])[O][C]2([O]([Li])[Li][O][C]3[O][Li][O]3)[O][C]12([H])[H]']	1
['[H][C]1([H])[O][C]2([O]([Li])[Li][O][C]3[O][Li][O]3)[O][C]12([H])[H]'] -> ['[H][C]1([H])[O][C]2([O]([Li])[Li][O][C]([O])[O][Li])[O][C]12([H])[H]']	1
['[H][C]1([H])[O][C]2([O]([Li])[Li][O][C]([O])[O][Li])[O][C]12([H])[H]'] -> ['[H][C]1([H])[O][C]2([O]([Li])[Li][O][C]3[O][Li][O]3)[O][C]12([H])[H]']	1
['[H][C]1([H])[O][C]([O]([Li])[Li][O][C]2[O][Li][O]2)[O][C]1([H])[H]'] -> ['[H][C]1([H])[O][C]2([O]([Li])[Li])[O][C]12([H])[H]', '[O][C]1[O][Li][O]1']	1
['[H][C]1([H])[O][C]([O])[O][C]1([H])[H]', '[Li][O][Li]'] -> ['[H][C]1([H])[O][C]([O][Li][O][Li])[O][C]1([H])[H]']	1
['[H][C]1([H])[O][C]([O]([Li])[Li])[O][C]1([H])[H]', '[O][C]12[O][Li]1[O]2'] -> ['[H][C]1([H])[O][C]([O]([Li])[Li][O][C]2[O][Li][O]2)[O][C]1([H])[H]']	1
['[H][C]1([H])[O][C]([O]([Li])[Li][O][C]2[O][Li][O]2)[O][C]1([H])[H]'] -> ['[H][C]1([H])[O][C]2([O]([Li])[Li][O][C]3[O][Li][O]3)[O][C]12([H])[H]']	1
['[H][C]1([H])[O][C]([O][Li][O][Li])[O][C]1([H])[H]'] -> ['[H][C]1([H])[O][C]([O])[O][C]1([H])[H]', '[Li][O][Li]']	1
['[H][C]1([H])[O][C]([O]([Li])[Li][O][C]2[O][Li][O]2)[O][C]1([H])[H]'] -> ['[H][C]1([H])[O][C]([O][Li])[O][C]1([H])[H]', '[Li][O][C]1[O][Li][O]1']	1
['[H][C]([H])[C]([H])([H])[O][C]([O])[O][Li]', '[H][C]1([H])[O][C]([O])[O][C]1([H])[H]'] -> ['[H][C]([H])[C]([H])([H])[O][C]([O])[O][Li][O][C]1[O][C]([H])([H])[C]([H])([H])[O]1']	1
['[H][C]([H])[C]([H])([H])[O][C]([O])[O][Li][O][C]1[O][C]([H])([H])[C]([H])([H])[O]1'] -> ['[H][C]([H])[C]([H])[H]', '[H][C]1([H])[O][C]([O][Li]2[O][C]([O])[O]2)[O][C]1([H])[H]']	1
['[Li][O]1[Li][O][C]1[O]'] -> ['[Li]', '[O][C]1[O][Li][O]1']	1
['[H][C]1([H])[O][C]([O][Li]2[O][C]([O])[O]2)[O][C]1([H])[H]'] -> ['[H][C]1([H])[O][C]([O][Li]2[O][C](=[O])[O]2)[O][C]1([H])[H]']	1
['[H][C]1([H])[O][C]([O][Li]2[O][C](=[O])[O]2)[O][C]1([H])[H]'] -> ['[H][C]1([H])[O][C]([O])[O][C]1([H])[H]', '[O]=[C]1[O][Li][O]1']	1
['[Li]1[O][C]23[O][Li]2[O]13', '[Li][O][C]([O])[O]'] -> ['[Li][O][C]([O])[O][Li]12[O][C]13[O][Li][O]23']	1
['[Li][O][C]([O])[O][Li]12[O][C]13[O][Li][O]23'] -> ['[Li]1[O][C]([O][Li]23[O][C]24[O][Li][O]34)[O]1']	1
['[Li]1[O][C]([O][Li]23[O][C]24[O][Li][O]34)[O]1'] -> ['[Li]1[O][C]23[O][Li]2[O]13', '[O][C]1[O][Li][O]1']	1
['[H][C]1([H])[O][C]([O])[O][C]1([H])[H]', '[Li][O][C]12[O][Li]1[O]2'] -> ['[H][C]1([H])[O][C]([O][Li]2[O][C]34[O][Li]3[O]24)[O][C]1([H])[H]']	1
['[H][C]1([H])[O][C]([O][Li][O][C]23[O][Li]2[O]3)[O][C]1([H])[H]'] -> ['[H][C]1([H])[O][C](=[O][Li][O][C]23[O][Li]2[O]3)[O][C]1([H])[H]']	1
['[H][C]1([H])[O][C](=[O][Li][O][C]23[O][Li]2[O]3)[O][C]1([H])[H]'] -> ['[H][C]1([H])[O][C]([O][Li][O][C]23[O][Li]2[O]3)[O][C]1([H])[H]']	1
['[O][C]12[O][Li]1[O]2', '[O][C]1[O][Li][O]1'] -> ['[O][C]12[O][Li]1([O][C]1[O][Li][O]1)[O]2']	1
