
# production run
fix		1 all nvt temp 315 315 10
fix 		2 all reaxff/species 1 2 20 species_R2_main.out cutoff 1 1 0.3 cutoff 1 2 0.3 cutoff 1 4 0.3 		cutoff 2 2 0.3 cutoff 2 4 0.3 cutoff 4 4 0.3 cutoff 3 3 0.8 cutoff 3 4 0.55 cutoff 3 1*2 0.3
WARNING: Resetting reneighboring criteria to 'delay 0 every 2 check no' due to fix reaxff/species averaging of bond data (src/REAXFF/fix_reaxff_species.cpp:128)
timestep	0.1
run		25000

CITE-CITE-CITE-CITE-CITE-CITE-CITE-CITE-CITE-CITE-CITE-CITE-CITE

Your simulation uses code contributions which should be cited:

- pair reaxff command: doi:10.1016/j.parco.2011.08.005

@Article{Aktulga12,
 author = {H. M. Aktulga and J. C. Fogarty and S. A. Pandit and A. Y. Grama},
 title = {Parallel Reactive Molecular Dynamics: {N}umerical Methods and Algorithmic Techniques},
 journal = {Parallel Computing},
 year =    2012,
 volume =  38,
 number =  {4--5},
 pages =   {245--259}
}

- fix qeq/reaxff command: doi:10.1016/j.parco.2011.08.005

@Article{Aktulga12,
 author = {H. M. Aktulga and J. C. Fogarty and S. A. Pandit and A. Y. Grama},
 title = {Parallel Reactive Molecular Dynamics: {N}umerical Methods and Algorithmic Techniques},
 journal = {Parallel Computing},
 year =    2012,
 volume =  38,
 pages =   {245--259}
}

CITE-CITE-CITE-CITE-CITE-CITE-CITE-CITE-CITE-CITE-CITE-CITE-CITE

Neighbor list info ...
  update: every = 2 steps, delay = 0 steps, check = no
  max neighbors/atom: 2000, page size: 100000
  master list distance cutoff = 12
  ghost atom cutoff = 12
  binsize = 6, bins = 6 6 6
  2 neighbor lists, perpetual/occasional/extra = 2 0 0
  (1) pair reaxff, perpetual
      attributes: half, newton off, ghost
      pair build: half/bin/ghost/newtoff
      stencil: full/ghost/bin/3d
      bin: standard
  (2) fix qeq/reaxff, perpetual, copy from (1)
      attributes: half, newton off
      pair build: copy
      stencil: none
      bin: none
Per MPI rank memory allocation (min/avg/max) = 33.5 | 34.09 | 34.73 Mbytes
   Step          Temp          PotEng         KinEng         Press          Volume        Density    
         0   315           -62032.95       599.99235      166091.05      42875          0.40123665   
       100   799.5867      -65608.511      1523.0029      48998.464      42875          0.40123665   
       200   1008.7842     -67404.213      1921.4692      49448.173      42875          0.40123665   
       300   656.64411     -67829.29       1250.7347      8053.5244      42875          0.40123665   
       400   378.06607     -67918.775      720.11667     -5447.7852      42875          0.40123665   
       500   384.27138     -68254.549      731.93616     -9748.0198      42875          0.40123665   
       600   320.38118     -68386.173      610.2421       7127.197       42875          0.40123665   
       700   294.20723     -68456.802      560.38759      10597.173      42875          0.40123665   
       800   313.29139     -68533.51       596.73789      6992.3896      42875          0.40123665   
       900   311.19924     -68493.198      592.75291     -5815.573       42875          0.40123665   
      1000   331.87586     -68502.691      632.13643     -7118.8201      42875          0.40123665   
      1100   349.48682     -68595.446      665.68069     -7634.2444      42875          0.40123665   
      1200   300.85868     -68598.227      573.05685      7246.1134      42875          0.40123665   
      1300   313.00792     -68685.012      596.19796      4458.6194      42875          0.40123665   
      1400   340.48665     -68748.301      648.53773     -1296.4674      42875          0.40123665   
      1500   327.10735     -68704.127      623.05368     -7697.2637      42875          0.40123665   
      1600   348.38462     -68755.188      663.58129     -7773.4429      42875          0.40123665   
      1700   341.467       -68815.251      650.40505     -4107.7769      42875          0.40123665   
      1800   287.91475     -68793.283      548.40206     -755.5379       42875          0.40123665   
      1900   317.08064     -68842.46       603.95542      663.40552      42875          0.40123665   
      2000   330.78783     -68810.062      630.06402     -2889.1646      42875          0.40123665   
      2100   338.95598     -68807.259      645.62222     -4895.4168      42875          0.40123665   
      2200   327.58479     -68848.932      623.96307     -8788.9351      42875          0.40123665   
      2300   297.63097     -68876.811      566.90891     -2732.1509      42875          0.40123665   
      2400   298.65419     -68916.382      568.85786     -515.89041      42875          0.40123665   
      2500   310.98443     -68924.353      592.34375      2593.9805      42875          0.40123665   
      2600   324.12586     -68918.382      617.37473     -3043.3558      42875          0.40123665   
      2700   325.2694      -68941.334      619.55286     -1342.191       42875          0.40123665   
      2800   309.51593     -68960.452      589.54664     -6626.3817      42875          0.40123665   
      2900   299.42748     -68973.058      570.33079     -3179.1412      42875          0.40123665   
      3000   313.46768     -68971.693      597.07368     -411.31998      42875          0.40123665   
      3100   324.47562     -68951.287      618.04092      425.07193      42875          0.40123665   
      3200   325.03603     -68946.856      619.10835     -1743.4206      42875          0.40123665   
      3300   324.57244     -68981.659      618.22533     -2830.0407      42875          0.40123665   
      3400   319.19246     -69031.406      607.9779      -4245.3473      42875          0.40123665   
      3500   291.60784     -69028.939      555.43643     -5644.2771      42875          0.40123665   
      3600   303.46055     -69050.449      578.01273      3515.6957      42875          0.40123665   
      3700   331.30444     -69081.898      631.04802     -569.79889      42875          0.40123665   
      3800   302.6461      -69065.198      576.46142     -603.51666      42875          0.40123665   
      3900   305.44345     -69097.291      581.78964     -883.98203      42875          0.40123665   
      4000   324.47577     -69140.231      618.04121     -3494.3399      42875          0.40123665   
      4100   312.12272     -69132.145      594.51188     -5405.2555      42875          0.40123665   
      4200   342.68134     -69209.392      652.71804      1774.1339      42875          0.40123665   
      4300   305.52111     -69201.736      581.93755      2212.3882      42875          0.40123665   
      4400   306.32395     -69234.191      583.46676      610.33031      42875          0.40123665   
      4500   329.06364     -69277.178      626.77989      913.9447       42875          0.40123665   
      4600   325.22289     -69277.304      619.46428     -2434.9896      42875          0.40123665   
      4700   315.81407     -69290.46       601.54293     -2186.2971      42875          0.40123665   
      4800   298.66546     -69291.572      568.87935     -1206.4448      42875          0.40123665   
      4900   330.72826     -69341.123      629.95056      2802.6062      42875          0.40123665   
      5000   318.24496     -69323.522      606.17315     -409.43645      42875          0.40123665   
      5100   320.41979     -69353.148      610.31562      31.96674       42875          0.40123665   
      5200   303.11204     -69369.303      577.34891     -1469.8868      42875          0.40123665   
      5300   293.6747      -69380.002      559.37325     -676.07642      42875          0.40123665   
      5400   312.44386     -69399.954      595.12358     -1313.8001      42875          0.40123665   
      5500   328.45081     -69414.197      625.61262      870.18187      42875          0.40123665   
      5600   324.17867     -69415.263      617.47531      847.78629      42875          0.40123665   
      5700   318.51694     -69455.172      606.6912       1303.4354      42875          0.40123665   
      5800   298.59989     -69458.301      568.75445     -364.36934      42875          0.40123665   
      5900   301.2943      -69448.599      573.8866      -2024.2244      42875          0.40123665   
      6000   328.80791     -69435.033      626.2928      -985.58465      42875          0.40123665   
      6100   343.44604     -69438.031      654.17459     -168.22713      42875          0.40123665   
      6200   319.85873     -69459.68       609.24696     -769.39558      42875          0.40123665   
      6300   301.69277     -69508.595      574.64557      89.752793      42875          0.40123665   
      6400   304.32498     -69530.898      579.65923     -429.65934      42875          0.40123665   
      6500   315.60314     -69524.952      601.14117     -1589.4133      42875          0.40123665   
      6600   329.49914     -69528.934      627.60942      501.13525      42875          0.40123665   
      6700   322.84655     -69549.235      614.93798      326.55991      42875          0.40123665   
      6800   301.41847     -69567.574      574.12309      155.29459      42875          0.40123665   
      6900   300.68829     -69575.3        572.73229      899.41224      42875          0.40123665   
      7000   321.47096     -69570.65       612.31783     -622.23534      42875          0.40123665   
      7100   334.92959     -69576.123      637.95299     -3124.4605      42875          0.40123665   
      7200   323.45945     -69602.754      616.10538     -1242.4055      42875          0.40123665   
      7300   303.4457      -69627.059      577.98443      780.92359      42875          0.40123665   
      7400   292.16381     -69616.033      556.49541     -1678.1114      42875          0.40123665   
      7500   320.29464     -69611.369      610.07725      363.28243      42875          0.40123665   
      7600   327.12669     -69576.3        623.09051     -2240.5716      42875          0.40123665   
      7700   324.07393     -69577.668      617.27581     -1098.3282      42875          0.40123665   
      7800   306.4538      -69574.598      583.71409     -3291.3106      42875          0.40123665   
      7900   309.72035     -69590.768      589.93599      756.63454      42875          0.40123665   
      8000   313.91773     -69587.276      597.9309       164.89823      42875          0.40123665   
      8100   338.78947     -69633.688      645.30504     -457.27245      42875          0.40123665   
      8200   312.56646     -69639.456      595.3571      -609.66929      42875          0.40123665   
      8300   306.00398     -69676.862      582.85729      553.1899       42875          0.40123665   
      8400   297.95045     -69678.092      567.51743     -1141.9511      42875          0.40123665   
      8500   318.6336      -69681.906      606.91341      331.06854      42875          0.40123665   
      8600   326.21024     -69668.176      621.34491      1570.0715      42875          0.40123665   
      8700   317.39416     -69656.376      604.55259      26.053031      42875          0.40123665   
      8800   310.68452     -69653.891      591.7725       266.41111      42875          0.40123665   
      8900   307.19571     -69650.733      585.12724     -383.39728      42875          0.40123665   
      9000   323.96806     -69680.14       617.07416      473.64778      42875          0.40123665   
      9100   316.4336      -69687.058      602.72298      414.84295      42875          0.40123665   
      9200   309.50756     -69707.166      589.53069      2236.0599      42875          0.40123665   
      9300   308.21493     -69714.732      587.06857      1746.0714      42875          0.40123665   
      9400   305.88326     -69677.331      582.62735      212.82593      42875          0.40123665   
      9500   329.11539     -69685.656      626.87847      691.51615      42875          0.40123665   
      9600   316.26895     -69674.936      602.40937      1057.5766      42875          0.40123665   
      9700   306.75541     -69678.989      584.28857      1076.8855      42875          0.40123665   
      9800   313.97327     -69704.15       598.0367       2186.6378      42875          0.40123665   
      9900   316.00095     -69724.884      601.89889      1082.436       42875          0.40123665   
     10000   310.98301     -69749.306      592.34105      860.83218      42875          0.40123665   
     10100   308.27277     -69777.713      587.17874     -787.19342      42875          0.40123665   
     10200   307.20102     -69792.444      585.13735      782.76176      42875          0.40123665   
     10300   307.52224     -69802.499      585.74917      457.02198      42875          0.40123665   
     10400   312.16622     -69804.81       594.59475      156.83781      42875          0.40123665   
     10500   326.57995     -69820.641      622.04912      2639.1659      42875          0.40123665   
     10600   308.04364     -69811.386      586.74232     -690.29866      42875          0.40123665   
     10700   311.10696     -69854.147      592.57713      366.70253      42875          0.40123665   
     10800   293.51772     -69836.356      559.07424      119.65031      42875          0.40123665   
     10900   322.73714     -69857.808      614.72958      131.36962      42875          0.40123665   
     11000   324.12934     -69843.132      617.38135     -859.49354      42875          0.40123665   
     11100   332.02443     -69885.13       632.41943      1213.8855      42875          0.40123665   
     11200   312.41783     -69894.2        595.07399      622.99002      42875          0.40123665   
     11300   312.52124     -69906.599      595.27097     -430.4085       42875          0.40123665   
     11400   322.78875     -69934.29       614.82788     -1001.6048      42875          0.40123665   
     11500   294.11272     -69911.507      560.20757     -261.07636      42875          0.40123665   
     11600   305.05917     -69919.097      581.05767     -30.163739      42875          0.40123665   
     11700   323.88493     -69907.589      616.91581      63.068512      42875          0.40123665   
     11800   309.21072     -69886.804      588.9653      -941.64227      42875          0.40123665   
     11900   319.21996     -69895.552      608.03027      401.03448      42875          0.40123665   
     12000   317.73957     -69874.477      605.21052      224.02058      42875          0.40123665   
     12100   341.36985     -69907.226      650.22         391.56573      42875          0.40123665   
     12200   325.55023     -69942.282      620.08776      522.89271      42875          0.40123665   
     12300   307.99798     -69936.057      586.65535      1875.4411      42875          0.40123665   
     12400   307.72893     -69926.012      586.14286     -897.41186      42875          0.40123665   
     12500   320.01296     -69908.242      609.54072     -146.52268      42875          0.40123665   
     12600   329.35563     -69908.983      627.33605     -550.24617      42875          0.40123665   
     12700   319.60114     -69911.064      608.75632     -190.34886      42875          0.40123665   
     12800   315.28768     -69943.823      600.5403      -198.4353       42875          0.40123665   
     12900   315.48373     -69966.595      600.91373     -317.78142      42875          0.40123665   
     13000   309.51015     -69946.854      589.53562     -1254.1114      42875          0.40123665   
     13100   323.04243     -69966.059      615.31106     -85.476202      42875          0.40123665   
     13200   304.27053     -69953.385      579.55553     -241.19387      42875          0.40123665   
     13300   302.43558     -69967.081      576.06043      116.95769      42875          0.40123665   
     13400   292.61714     -69952.255      557.35887      69.958134      42875          0.40123665   
     13500   313.58381     -69943.886      597.29487     -517.87966      42875          0.40123665   
     13600   318.241       -69931.139      606.16561      345.83519      42875          0.40123665   
     13700   324.39613     -69936.889      617.8895       243.9405       42875          0.40123665   
     13800   323.91083     -69968.366      616.96515      1216.235       42875          0.40123665   
     13900   306.57568     -69974.515      583.94623      847.63678      42875          0.40123665   
     14000   316.50412     -69991.691      602.8573       1233.5606      42875          0.40123665   
     14100   298.07944     -69969.302      567.76312     -959.91582      42875          0.40123665   
     14200   320.8895      -69994.67       611.21031      17.83847       42875          0.40123665   
     14300   343.03867     -70009.299      653.39867      1622.2981      42875          0.40123665   
     14400   319.44198     -70018.393      608.45317     -64.475708      42875          0.40123665   
     14500   305.58507     -70011.68       582.05937     -1091.3786      42875          0.40123665   
     14600   308.8531      -70001.15       588.28412      325.78723      42875          0.40123665   
     14700   316.56117     -69974.208      602.96596     -1316.9065      42875          0.40123665   
     14800   315.17611     -69964.362      600.3278       121.23008      42875          0.40123665   
     14900   321.73496     -69984.883      612.82067     -593.11899      42875          0.40123665   
     15000   308.74708     -69987.995      588.08218      988.74841      42875          0.40123665   
     15100   291.80393     -69983.232      555.80993     -162.14258      42875          0.40123665   
     15200   317.54123     -69992.831      604.83273     -835.90833      42875          0.40123665   
     15300   307.18362     -69955.218      585.10419      190.90627      42875          0.40123665   
     15400   319.80554     -69972.557      609.14565      660.5436       42875          0.40123665   
     15500   311.91809     -69976.568      594.12211      320.39042      42875          0.40123665   
     15600   309.31536     -69993.55       589.1646       469.23236      42875          0.40123665   
     15700   301.51646     -70002.673      574.30974     -731.63997      42875          0.40123665   
     15800   306.48413     -70006.488      583.77185     -62.34343       42875          0.40123665   
     15900   318.1605      -69989.588      606.01228     -1754.3193      42875          0.40123665   
     16000   326.49403     -70003.175      621.88546      1379.2625      42875          0.40123665   
     16100   318.26853     -70029.546      606.21803     -220.01839      42875          0.40123665   
     16200   315.83544     -70048.043      601.58365     -1074.437       42875          0.40123665   
     16300   298.26197     -70009.214      568.1108      -85.934844      42875          0.40123665   
     16400   325.90239     -70019.714      620.75854      771.13647      42875          0.40123665   
     16500   325.92369     -70021.002      620.79912      520.20981      42875          0.40123665   
     16600   304.95928     -69989.931      580.86741      614.53922      42875          0.40123665   
     16700   329.63204     -69999.289      627.86255      1417.9687      42875          0.40123665   
     16800   331.05148     -69988.973      630.56621      454.8002       42875          0.40123665   
     16900   320.23729     -70033.871      609.96802     -771.54985      42875          0.40123665   
     17000   310.09827     -70030.269      590.65584     -1269.8227      42875          0.40123665   
     17100   319.8003      -70043.572      609.13567      1558.3302      42875          0.40123665   
     17200   310.32889     -70022.178      591.09512      2265.3494      42875          0.40123665   
     17300   321.05339     -70024.152      611.52247     -173.63989      42875          0.40123665   
     17400   315.80671     -69995.307      601.52893     -2337.109       42875          0.40123665   
     17500   318.75007     -69969.004      607.13525      651.01014      42875          0.40123665   
     17600   336.22817     -69985.123      640.42645     -218.54433      42875          0.40123665   
     17700   317.61997     -70008.687      604.98271     -862.23583      42875          0.40123665   
     17800   315.64168     -70025.008      601.21458      1861.5634      42875          0.40123665   
     17900   311.53771     -70017.947      593.39759      577.18164      42875          0.40123665   
     18000   330.91133     -70042.142      630.29926      1373.5562      42875          0.40123665   
     18100   324.30485     -70082.563      617.71565     -553.16598      42875          0.40123665   
     18200   310.93611     -70086.575      592.25171     -2124.1626      42875          0.40123665   
     18300   302.01421     -70073.162      575.25783     -1336.3263      42875          0.40123665   
     18400   323.43312     -70077.122      616.05523     -779.3373       42875          0.40123665   
     18500   336.79987     -70096.69       641.51539     -155.66779      42875          0.40123665   
     18600   310.14287     -70089.332      590.74079      969.66326      42875          0.40123665   
     18700   327.38756     -70140.046      623.5874       1982.6791      42875          0.40123665   
     18800   315.76347     -70147.765      601.44657     -616.94728      42875          0.40123665   
     18900   321.85365     -70183.295      613.04677     -1404.4016      42875          0.40123665   
     19000   311.89038     -70198.945      594.06934     -315.54354      42875          0.40123665   
     19100   321.32143     -70220.158      612.03301     -20.134361      42875          0.40123665   
     19200   311.54909     -70210.611      593.41927      105.17952      42875          0.40123665   
     19300   307.98421     -70207.089      586.62911      1198.1895      42875          0.40123665   
     19400   320.33716     -70204.544      610.15824      443.38546      42875          0.40123665   
     19500   314.00391     -70158.638      598.09507     -269.99563      42875          0.40123665   
     19600   325.44709     -70170.302      619.89132      127.78176      42875          0.40123665   
     19700   302.72368     -70166.684      576.60919     -292.52471      42875          0.40123665   
     19800   311.49937     -70207.524      593.32458     -595.04863      42875          0.40123665   
     19900   310.95137     -70214.191      592.28078      1490.7715      42875          0.40123665   
     20000   307.83656     -70214.954      586.34787      1334.2092      42875          0.40123665   
     20100   312.41896     -70226.642      595.07614     -658.93901      42875          0.40123665   
     20200   330.28391     -70275.208      629.10419     -570.29028      42875          0.40123665   
     20300   324.4637      -70304.568      618.01822      1706.7701      42875          0.40123665   
     20400   309.48782     -70297.065      589.4931       602.71578      42875          0.40123665   
     20500   314.72265     -70308.58       599.46408     -705.3784       42875          0.40123665   
     20600   317.56051     -70310.92       604.86944      691.986        42875          0.40123665   
     20700   313.81406     -70298.202      597.73346     -1519.8192      42875          0.40123665   
     20800   323.73422     -70313.728      616.62875      710.87078      42875          0.40123665   
     20900   301.32502     -70303.269      573.9451      -116.67548      42875          0.40123665   
     21000   312.76943     -70325.95       595.7437       583.39195      42875          0.40123665   
     21100   318.04988     -70310.712      605.80157     -2833.8219      42875          0.40123665   
     21200   325.84986     -70286.436      620.6585       429.27262      42875          0.40123665   
     21300   339.7368      -70317.01       647.10947     -537.81148      42875          0.40123665   
     21400   309.31098     -70301.724      589.15627     -631.69368      42875          0.40123665   
     21500   305.75849     -70278.882      582.3897      -970.73967      42875          0.40123665   
     21600   328.58656     -70291.378      625.87119      952.58804      42875          0.40123665   
     21700   327.59675     -70302.481      623.98585      461.4698       42875          0.40123665   
     21800   320.1593      -70334.813      609.81946      568.87515      42875          0.40123665   
     21900   314.65358     -70346.926      599.33251     -1099.5543      42875          0.40123665   
     22000   312.06745     -70356.161      594.40661      1078.7041      42875          0.40123665   
     22100   313.99404     -70367.005      598.07626     -677.41831      42875          0.40123665   
     22200   310.85277     -70376.861      592.09296      870.25085      42875          0.40123665   
     22300   295.16951     -70366.345      562.22047      181.14743      42875          0.40123665   
     22400   317.43702     -70384.077      604.63423     -788.85509      42875          0.40123665   
     22500   320.19002     -70362.975      609.87798     -2234.2031      42875          0.40123665   
     22600   314.17628     -70360.211      598.42338      1383.0234      42875          0.40123665   
     22700   288.89677     -70360.066      550.27255      1667.1272      42875          0.40123665   
     22800   290.05614     -70359.9        552.48084      582.5634       42875          0.40123665   
     22900   305.82902     -70354.779      582.52405     -305.64894      42875          0.40123665   
     23000   316.58407     -70344.941      603.00958      525.8762       42875          0.40123665   
     23100   339.02574     -70381.672      645.75508     -1025.5818      42875          0.40123665   
     23200   321.2901      -70403.47       611.97334      1736.8139      42875          0.40123665   
     23300   312.87369     -70401.776      595.9423      -281.83947      42875          0.40123665   
     23400   300.67991     -70366.753      572.71634      736.69191      42875          0.40123665   
     23500   328.02534     -70376.893      624.8022       448.45739      42875          0.40123665   
     23600   328.33593     -70382.815      625.39379     -302.09691      42875          0.40123665   
     23700   319.88804     -70391.869      609.30279      1377.9142      42875          0.40123665   
     23800   309.89493     -70393.013      590.26853      1601.9263      42875          0.40123665   
     23900   314.62903     -70407.542      599.28575      2733.2014      42875          0.40123665   
     24000   328.03014     -70446.514      624.81136      1186.1334      42875          0.40123665   
     24100   304.41829     -70429.488      579.83698     -130.68481      42875          0.40123665   
     24200   314.33438     -70443.981      598.72452     -138.05677      42875          0.40123665   
     24300   301.10715     -70402.428      573.53012      1358.8325      42875          0.40123665   
     24400   331.73562     -70411.713      631.86931      457.9198       42875          0.40123665   
     24500   321.51436     -70411.832      612.4005       802.20316      42875          0.40123665   
     24600   314.34677     -70431.027      598.74811     -1284.2114      42875          0.40123665   
     24700   310.04165     -70438.066      590.54799     -181.34922      42875          0.40123665   
     24800   309.45374     -70435.859      589.42818     -649.90814      42875          0.40123665   
     24900   337.34669     -70438.058      642.55693     -529.16108      42875          0.40123665   
     25000   329.50895     -70428.37       627.62809     -317.13104      42875          0.40123665   
Loop time of 217.852 on 6 procs for 25000 steps with 640 atoms

Performance: 0.991 ns/day, 24.206 hours/ns, 114.757 timesteps/s, 73.444 katom-step/s
99.4% CPU use with 6 MPI tasks x 1 OpenMP threads

MPI task timing breakdown:
Section |  min time  |  avg time  |  max time  |%varavg| %total
---------------------------------------------------------------
Pair    | 103.72     | 121.21     | 148.57     | 137.8 | 55.64
Neigh   | 28.998     | 30.812     | 33.266     |  30.6 | 14.14
Comm    | 5.7347     | 33.19      | 50.565     | 263.7 | 15.24
Output  | 0.082697   | 0.15153    | 0.23053    |  13.1 |  0.07
Modify  | 29.939     | 32.379     | 34.385     |  30.2 | 14.86
Other   |            | 0.1063     |            |       |  0.05

Nlocal:        106.667 ave         129 max          69 min
Histogram: 1 0 0 0 0 0 2 2 0 1
Nghost:        1240.67 ave        1267 max        1193 min
Histogram: 1 0 1 0 0 0 0 0 2 2
Neighs:           9408 ave       10548 max        6135 min
Histogram: 1 0 0 0 0 0 0 0 3 2

Total # of neighbors = 56448
Ave neighs/atom = 88.2
Neighbor list builds = 12500
Dangerous builds not checked
unfix		1
unfix		2

#--------------------------------------
# Data dump
#--------------------------------------

write_data	EC_Li_60_40_nvt_300K_R2.dat
System init for write_data ...
write_restart   EC_Li_60_40_nvt_300K_R2.rest
System init for write_restart ...
Total wall time: 0:03:37
