Reaction	Count
['[H][C]1([H])[O][C](=[O])[O][C]1([H])[H]'] -> ['[H][C]1([H])[O][C]([O])[O][C]1([H])[H]']	1598
['[H][C]1([H])[O][C]([O])[O][C]1([H])[H]'] -> ['[H][C]1([H])[O][C](=[O])[O][C]1([H])[H]']	1519
['[H][C]([H])[C]([H])[H]'] -> ['[H][C]([H])=[C]([H])[H]']	205
['[H][C]([H])=[C]([H])[H]'] -> ['[H][C]([H])[C]([H])[H]']	175
['[H][C]1([H])[O][C]([O][Li])[O][C]1([H])[H]'] -> ['[H][C]1([H])[O][C]2([O][Li])[O][C]12([H])[H]']	155
['[H][C]1([H])[O][C]2([O][Li])[O][C]12([H])[H]'] -> ['[H][C]1([H])[O][C]([O][Li])[O][C]1([H])[H]']	150
['[O][C]1[O][Li][O]1'] -> ['[O]=[C]1[O][Li][O]1']	144
['[O]=[C]1[O][Li][O]1'] -> ['[O][C]1[O][Li][O]1']	132
['[O][C]12[O][Li]1[O]2'] -> ['[O][C]1[O][Li][O]1']	102
['[O][C]1[O][Li][O]1'] -> ['[O][C]12[O][Li]1[O]2']	99
['[H][C]1([H])[O][C]([O][Li])[O][C]1([H])[H]'] -> ['[H][C]1([H])[O][C]2([Li][O]2)[O][C]1([H])[H]']	81
['[H][C]1([H])[O][C]([O])[O][C]1([H])[H]', '[Li]'] -> ['[H][C]1([H])[O][C]([O][Li])[O][C]1([H])[H]']	79
['[H][C]1([H])[O][C]2([Li][O]2)[O][C]1([H])[H]'] -> ['[H][C]1([H])[O][C]([O][Li])[O][C]1([H])[H]']	78
['[H][C]1([H])[O][C]([O])[O][C]1([H])[H]', '[H][C]1([H])[O][C]([O][Li])[O][C]1([H])[H]'] -> ['[H][C]1([H])[O][C]([O][Li][O][C]2[O][C]([H])([H])[C]([H])([H])[O]2)[O][C]1([H])[H]']	55
['[Li]1[O][C]2[O][Li][O]12'] -> ['[Li]1[O][C]23[O][Li]2[O]13']	53
['[H][C]1([H])[O][C]([O][Li][O][C]2[O][C]([H])([H])[C]([H])([H])[O]2)[O][C]1([H])[H]'] -> ['[H][C]1([H])[O][C]([O])[O][C]1([H])[H]', '[H][C]1([H])[O][C]([O][Li])[O][C]1([H])[H]']	52
['[Li]1[O][C]23[O][Li]2[O]13'] -> ['[Li]1[O][C]2[O][Li][O]12']	52
['[Li][O][C]1[O][Li][O]1'] -> ['[Li][O][C]12[O][Li]1[O]2']	49
['[Li][O][C]12[O][Li]1[O]2'] -> ['[Li][O][C]1[O][Li][O]1']	40
['[O]=[C]1[O][Li][O]1'] -> ['[O]=[C]12[O][Li]1[O]2']	35
['[Li][O][C]12[O][Li]1[O]2'] -> ['[Li]1[O][C]23[O][Li]2[O]13']	34
['[H][C]1([H])[O][C]([O][Li])[O][C]1([H])[H]'] -> ['[H][C]1([H])[O][C]([O])[O][C]1([H])[H]', '[Li]']	33
['[Li]1[O][C]23[O][Li]2[O]13'] -> ['[Li][O][C]12[O][Li]1[O]2']	29
['[O]=[C]12[O][Li]1[O]2'] -> ['[O]=[C]1[O][Li][O]1']	28
['[O]=[C]1[O][Li][O]1'] -> ['[O][C]12[O][Li]1[O]2']	25
['[O][C]12[O][Li]1[O]2'] -> ['[O]=[C]1[O][Li][O]1']	23
['[O]=[C]12[O][Li]1[O]2'] -> ['[O][C]12[O][Li]1[O]2']	22
['[Li][O][Li]'] -> ['[Li]1[Li][O]1']	20
['[O][C]12[O][Li]1[O]2'] -> ['[O]=[C]12[O][Li]1[O]2']	19
['[Li]1[Li][O]1'] -> ['[Li][O][Li]']	19
['[H][C]1([H])[O][C](=[O])[O]([Li])[C]1([H])[H]'] -> ['[H][C]1([H])[O][C]([O])[O]([Li])[C]1([H])[H]']	18
['[H][C]1([H])[O][C]([O][Li])[O][C]1([H])[H]'] -> ['[H][C]1([H])[O][C]2[O][Li][O]2[C]1([H])[H]']	17
['[Li][O]1[Li]2[O][C]21[O]'] -> ['[Li]1[O][C]23[O][Li]2[O]13']	15
['[Li][O]1[Li][O]2[Li][O][C]12'] -> ['[Li]1[O]2[Li][O]3[Li][O]1[C]23']	15
['[Li]1[O]2[Li][O]3[Li][O]1[C]23'] -> ['[Li][O]1[Li][O]2[Li][O][C]12']	15
['[Li]1[O][C]23[O][Li]2[O]13'] -> ['[Li][O]1[Li]2[O][C]21[O]']	13
['[Li][O][C]([O])=[O]'] -> ['[Li][O][C]([O])[O]']	13
['[H][C]1([H])[O][C](=[O])[O]([Li])[C]1([H])[H]'] -> ['[H][C]1([H])[O]=[C](=[O])[O]([Li])[C]1([H])[H]']	13
['[Li]1[O][C]2[O][Li][O]12'] -> ['[Li][O][C]1[O][Li][O]1']	13
['[H][C]1([H])[O][C]([O])[O]([Li])[C]1([H])[H]'] -> ['[H][C]1([H])[O][C](=[O])[O]([Li])[C]1([H])[H]']	13
['[H][C]1([H])[O][C]2[O][Li][O]2[C]1([H])[H]'] -> ['[H][C]([H])[C]([H])([H])[O][C]1[O][Li][O]1']	12
['[H][C]1([H])[O][C]([O])[O][C]1([H])[H]'] -> ['[H][C]1([H])[O][C]2([O])[O][C]12([H])[H]']	12
['[H][C]1([H])[O][C]2([O])[O][C]12([H])[H]'] -> ['[H][C]1([H])[O][C]([O])[O][C]1([H])[H]']	12
['[H][C]([H])[C]([H])([H])[O][C]1[O][Li][O]1'] -> ['[H][C]([H])[C]([H])[H]', '[O][C]1[O][Li][O]1']	11
['[Li][O][C]1[O][Li][O]1'] -> ['[Li]1[O][C]2[O][Li][O]12']	10
['[H][C]1([H])[O][C](=[O])[O][C]1([H])[H][Li]'] -> ['[H][C]1([H])[O][C]([O])[O][C]1([H])[H][Li]']	10
['[Li][O][C]([O])[O]'] -> ['[Li][O][C]([O])=[O]']	10
['[H][C]1([H])[O][C](=[O])[O][C]1([H])[H]', '[Li]'] -> ['[H][C]1([H])[O][C]([O][Li])[O][C]1([H])[H]']	10
['[H][C]1([H])[O][C]2([O]([Li])[Li])[O][C]12([H])[H]'] -> ['[H][C]1([H])[O][C]([O]([Li])[Li])[O][C]1([H])[H]']	10
['[H][C]1([H])[O][C]([O])[O][C]1([H])[H][Li]'] -> ['[H][C]1([H])[O][C](=[O])[O][C]1([H])[H][Li]']	9
['[H][C]1([H])[O][C]([O]([Li])[Li])[O][C]1([H])[H]'] -> ['[H][C]1([H])[O][C]2([O]([Li])[Li])[O][C]12([H])[H]']	9
['[O]=[C]12[O][Li]1[O]2'] -> ['[O][C]1[O][Li][O]1']	9
['[H][C]1([H])[O][C]([O][Li])[O][C]1([H])[H]'] -> ['[H][C]1([H])[O][C](=[O])[O][C]1([H])[H]', '[Li]']	8
['[Li]', '[O][C]1[O][Li][O]1'] -> ['[Li][O][C]1[O][Li][O]1']	8
['[H][C]1([H])[O][C]([O])[O][C]1([H])[H]', '[Li][Li]'] -> ['[H][C]1([H])[O][C]([O][Li][Li])[O][C]1([H])[H]']	7
['[Li][O]([Li])[C]12[O][Li]1[O]2'] -> ['[Li][O]1[Li][O]2[Li]3[O][C]312']	7
['[H][C]1([H])[O][C](=[O][Li])[O][C]1([H])[H]'] -> ['[H][C]1([H])[O][C]([O][Li])[O][C]1([H])[H]']	7
['[H][C]1([H])[O][C]([O])[O][C]1([H])[H]'] -> ['[H][C]1([H])[O][C]2(=[O])[O][C]12([H])[H]']	7
['[H][C]1([H])[O][C]([O][Li])[O][C]1([H])[H]', '[Li]'] -> ['[H][C]1([H])[O][C]([O]([Li])[Li])[O][C]1([H])[H]']	6
['[Li][O]1[Li][O]2[Li][O]([Li])[C]12'] -> ['[Li][O]12[Li][O]3[Li][O]([Li]1)[C]32']	6
['[Li][O]12[Li][O]3[Li][O]([Li]1)[C]32'] -> ['[Li][O]1[Li][O]2[Li][O]([Li])[C]12']	6
['[H][C]1([H])[O][C](=[O])[O][C]1([H])[H]', '[Li]'] -> ['[H][C]1([H])[O][C](=[O])[O]([Li])[C]1([H])[H]']	6
['[Li][O][C]([O])[O]'] -> ['[O][C]1[O][Li][O]1']	6
['[H][C]1([H])[O][C]([O][Li][Li])[O][C]1([H])[H]'] -> ['[H][C]1([H])[O][C]([O])[O][C]1([H])[H]', '[Li][Li]']	6
['[H][C]1([H])[O][C]2(=[O])[O][C]12([H])[H]'] -> ['[H][C]1([H])[O][C](=[O])[O][C]1([H])[H]']	6
['[H][C]1([H])[O][C]([O]([Li])[Li])[O][C]1([H])[H]'] -> ['[H][C]1([H])[O][C][O][C]1([H])[H]', '[Li][O][Li]']	6
['[Li][O][C]12[O][Li]1[O]2'] -> ['[Li]1[O][C]2[O][Li][O]12']	6
['[H][C]1([H])[O][C]([O][Li][O][C]23[O][C]([H])([H])[C]2([H])([H])[O]3)[O][C]1([H])[H]'] -> ['[H][C]1([H])[O][C]([O][Li][O][C]2[O][C]([H])([H])[C]([H])([H])[O]2)[O][C]1([H])[H]']	6
['[Li][O][C]=[O]'] -> ['[Li][O][C][O]']	6
['[H][C]1([H])[O][C]2([O])[O][C]12([H])[H]'] -> ['[H][C]1([H])[O][C](=[O])[O][C]1([H])[H]']	6
['[Li][O][C][O]'] -> ['[Li][O][C]=[O]']	6
['[Li][O]1[Li]2[O][C]21[O]'] -> ['[Li][O]1[Li]2[O][C]21=[O]']	5
['[Li][O]1[Li][O]2[Li]3[O][C]312'] -> ['[Li]1[O]2[Li][O]3[Li]4[O]1[C]423']	5
['[H][C]1([H])[O][C](=[O])[O][C]1([H])[H][Li]'] -> ['[H][C]1([H])[O][C](=[O])[O][C]1([H])[H]', '[Li]']	5
['[Li]1[O][C]2[O][Li][O]12'] -> ['[Li][O][C]12[O][Li]1[O]2']	5
['[H][C]1([H])[O][C]2[O][Li][O]2[C]1([H])[H]'] -> ['[H][C]1([H])[O][C]([O][Li])[O][C]1([H])[H]']	5
['[H][C]1([H])[O][C]([O][Li][O]2[C](=[O])[O][C]([H])([H])[C]2([H])[H])[O][C]1([H])[H]'] -> ['[H][C]1([H])[O][C](=[O])[O][C]1([H])[H]', '[H][C]1([H])[O][C]([O][Li])[O][C]1([H])[H]']	5
['[H][C]1([H])[O][C]([O][Li][O][C]2[O][Li][O]2)[O][C]1([H])[H]'] -> ['[H][C]1([H])[O][C]([O][Li][O][C]23[O][Li]2[O]3)[O][C]1([H])[H]']	5
['[Li][O]1[Li][O]2[Li]3[O][C]312'] -> ['[Li][O]([Li])[C]12[O][Li]1[O]2']	5
['[H][C]1([H])[O]([Li])[C]2(=[O])[O][C]12([H])[H]'] -> ['[H][C]1([H])[O][C](=[O])[O]([Li])[C]1([H])[H]']	5
['[O][C]1[O][Li][O]1'] -> ['[O]=[C]12[O][Li]1[O]2']	5
['[H][C]1([H])[O][C]([O][Li])[O][C]1([H])[H]'] -> ['[H][C]([H])[C]([H])([H])[O][C]([O])[O][Li]']	5
['[H][C]1([H])[O][C](=[O])[O][C]1([H])[H]'] -> ['[H][C]1([H])[O][C]2([O])[O][C]12([H])[H]']	5
['[H][C]1([H])[O][C]([O][Li][O]=[C]2[O][C]([H])([H])[C]([H])([H])[O]2)[O][C]1([H])[H]'] -> ['[H][C]1([H])[O][C]([O][Li][O][C]2[O][C]([H])([H])[C]([H])([H])[O]2)[O][C]1([H])[H]']	4
['[Li][O][C]([O])[O][Li]'] -> ['[Li][O][C]1[O][Li][O]1']	4
['[H][C]1([H])[O][C]([O][Li][O][C]2[O][C]([H])([H])[C]([H])([H])[O]2)[O][C]1([H])[H]'] -> ['[H][C]1([H])[O][C](=[O])[O][C]1([H])[H]', '[H][C]1([H])[O][C]([O][Li])[O][C]1([H])[H]']	4
['[H][C]1([H])[O][C]([O])[O][C]1([H])[H]', '[Li][O]1[Li][O]2[Li][O]([Li])[C]12'] -> ['[H][C]1([H])[O][C]([O][Li][O]2[Li][O]3[Li][O]([Li])[C]23)[O][C]1([H])[H]']	4
['[Li][O]([Li])[C]1[O][Li][O]1'] -> ['[Li][O]1[Li][O]2[Li][O][C]12']	4
['[Li][O]1[Li][O][C]1[O]'] -> ['[Li]1[O][C]23[O][Li]2[O]13']	4
['[Li][O]1[Li][O]2[Li]3[O][C]312'] -> ['[Li][O]1[Li][O]2[Li][O][C]12']	4
['[H][C]1([H])[O][C]([O])[O][C]1([H])[H]', '[Li][O]1[Li][O]2[Li][O][C]12'] -> ['[H][C]1([H])[O][C]([O][Li][O]2[Li][O]3[Li][O][C]23)[O][C]1([H])[H]']	4
['[H][C]1([H])[O][C](=[O])[O][C]1([H])[H]'] -> ['[H][C]1([H])[O][C](=[O])=[O][C]1([H])[H]']	4
['[H][C]1([H])[O]=[C](=[O])[O]([Li])[C]1([H])[H]'] -> ['[H][C]([H])[C]([H])[H]', '[Li][O][C]([O])=[O]']	4
['[H][C]1([H])[O][C]([O])[O]([Li])[C]1([H])[H]'] -> ['[H][C]1([H])[O][C]2[O][Li][O]2[C]1([H])[H]']	4
['[H][C]1([H])[O][C]([O][Li])[O][C]1([H])[H]', '[Li]'] -> ['[H][C]1([H])[O][C]([O][Li][Li])[O][C]1([H])[H]']	4
['[Li][O][C]1[O][Li][O]1'] -> ['[Li]', '[O][C]1[O][Li][O]1']	4
['[Li][O]1[Li][O]2[Li][O][C]12'] -> ['[Li][O][C]1[O][Li][O]1[Li]']	4
['[H][C]1([H])[O][C]([O][Li][O][C]2[O][C]([H])([H])[C]([H])([H])[O]2)[O][C]1([H])[H]'] -> ['[H][C]1([H])[O][C]([O][Li][O][C]23[O][C]([H])([H])[C]2([H])([H])[O]3)[O][C]1([H])[H]']	4
['[H][C]1([H])[O][C][O][C]1([H])[H]', '[Li][O][Li]'] -> ['[H][C]1([H])[O][C]([O]([Li])[Li])[O][C]1([H])[H]']	4
['[H][C]1([H])[O][C]2[O][Li][O]2[C]1([H])[H]'] -> ['[H][C]1([H])[O]2[Li][O][C]23[O][C]13([H])[H]']	4
['[H][C]1([H])[O]2[Li][O][C]23[O][C]13([H])[H]'] -> ['[H][C]1([H])[O][C]2[O][Li][O]2[C]1([H])[H]']	4
['[H][C]([H])[C]([H])([H])[O][C]([O])[O][Li]'] -> ['[H][C]([H])[C]([H])([H])[O][C]1[O][Li][O]1']	4
['[H][C]([H])[C]([H])([H])[O][C]([O])[O]'] -> ['[H][C]1([H])[O][C]([O])[O][C]1([H])[H]']	4
['[H][C]([H])[C]([H])([H])[O][C]([O])=[O]'] -> ['[H][C]([H])[C]([H])([H])[O][C]([O])[O]']	4
['[H][C]1([H])[O][C]2(=[O])[O][C]12([H])[H]'] -> ['[H][C]1([H])[O][C]([O])[O][C]1([H])[H]']	4
['[H][C]1([H])[O][C](=[O])[O][C]1([H])[H]'] -> ['[H][C]1([H])[O][C]2(=[O])[O][C]12([H])[H]']	4
['[Li][O][Li]1[O][C]1[O]'] -> ['[Li][O][Li]1[O][C]1=[O]']	4
['[H][C]1([H])[O][C]([O])[O][C]1([H])[H]', '[Li][O][Li]'] -> ['[H][C]1([H])[O][C]([O][Li][O][Li])[O][C]1([H])[H]']	4
['[H][C]1([H])[O][C]([O][Li][Li])[O][C]1([H])[H]'] -> ['[H][C]1([H])[O][C]2([O][Li][Li])[O][C]12([H])[H]']	3
['[H][C]1([H])[O][C]2([O][Li][Li])[O][C]12([H])[H]'] -> ['[H][C]1([H])[O][C]([O][Li][Li])[O][C]1([H])[H]']	3
['[Li][O]1[Li]2[O][C]21=[O]'] -> ['[Li][O]1[Li]2[O][C]21[O]']	3
['[H][C]1([H])[O][C](=[O])[O][C]1([H])[H]', '[H][C]1([H])[O][C]([O][Li])[O][C]1([H])[H]'] -> ['[H][C]1([H])[O][C]([O][Li][O][C]2[O][C]([H])([H])[C]([H])([H])[O]2)[O][C]1([H])[H]']	3
['[Li][O][C]1[O][Li][O]1'] -> ['[Li]1[O][C]23[O][Li]2[O]13']	3
['[Li]1[O][C]23[O][Li]2[O]13'] -> ['[Li][O][C]1[O][Li][O]1']	3
['[H][C]1([H])[O]=[C](=[O])[O]([Li])[C]1([H])[H]'] -> ['[H][C]1([H])[O][C]([O])[O]([Li])[C]1([H])[H]']	3
['[Li]', '[Li]'] -> ['[Li][Li]']	3
['[H][C]1([H])[O][C]2[O][Li][O]2[C]1([H])[H]'] -> ['[H][C]1([H])[O][C]23[O][Li][O]2[C]13([H])[H]']	3
['[H][C]([H])[C]([H])([H])[O][C]1[O][Li][O]1'] -> ['[H][C]([H])=[C]([H])[H]', '[Li][O][C]([O])[O]']	3
['[H][C]1([H])[O][C]23[O][Li][O]2[C]13([H])[H]'] -> ['[H][C]1([H])[O][C]([O][Li])[O][C]1([H])[H]']	3
['[Li][O][C]([O])[O]'] -> ['[O]=[C]1[O][Li][O]1']	3
['[Li]1[O]2[Li][O]3[Li]4[O]1[C]423'] -> ['[Li]1[O]2[Li][O]3[Li][O]1[C]23']	3
['[H][C]1([H])[O][C]([O][Li][O][C]23[O][Li]2[O]3)[O][C]1([H])[H]'] -> ['[H][C]1([H])[O][C]([O][Li][O][C]2[O][Li][O]2)[O][C]1([H])[H]']	3
['[Li][O]1[Li]2[O][C]21[O]'] -> ['[Li][O]1[Li][O][C]1[O]']	3
['[H][C]1([H])[O][C]([O][Li])[O]([Li])[C]1([H])[H]'] -> ['[H][C]1([H])[O][C]([O][Li])[O][C]1([H])[H]', '[Li]']	3
['[H][C]1([H])[O][C]([O][Li][O]2[Li][O]3[Li][O][C]23)[O][C]1([H])[H]'] -> ['[H][C]1([H])[O][C]([O][Li][O]2[Li][O]3[Li]4[O][C]423)[O][C]1([H])[H]']	3
['[Li]1[O][C]23[O][Li]2[O]13'] -> ['[Li][O]1[Li][O][C]1[O]']	3
['[Li][O]12[Li][O]3[Li][O]([Li]1)[C]32'] -> ['[Li][O]1([Li])[Li][O]2[Li][O][C]21']	3
['[H][C]1([H])[O][C]([O])[O][C]1([H])[H]', '[H][C]1([H])[O][C]2([O][Li])[O][C]12([H])[H]'] -> ['[H][C]1([H])[O][C]([O][Li][O][C]2[O][C]([H])([H])[C]([H])([H])[O]2)[O][C]1([H])[H]']	3
['[H][C]([H])[C]([H])([H])[O][C]1[O][Li][O]1'] -> ['[H][C]([H])[C]([H])([H])[O][C]12[O][Li]1[O]2']	3
['[H][C]1([H])[O][C]([O])[O]([Li])[C]1([H])[H]'] -> ['[H][C]1([H])[O]([Li])[C]2([O])[O][C]12([H])[H]']	3
['[H][C]1([H])[O][C]([O])[O][C]1([H])[H]', '[H][C]1([H])[O][C]([O][Li])[O][C]1([H])[H]'] -> ['[H][C]1([H])[O][C]([O][Li][O][C]23[O][C]([H])([H])[C]2([H])([H])[O]3)[O][C]1([H])[H]']	3
['[Li][O]12[Li][O]3[Li][O]([Li]1)[C]32'] -> ['[Li][O]1[Li][O]2([Li])[Li][O][C]12']	3
['[Li][O]1[Li][O]2([Li])[Li][O][C]12'] -> ['[Li][O]12[Li][O]3[Li][O]([Li]1)[C]32']	3
['[H][C]1([H])[O][C](=[O])[O]([Li])[C]1([H])[H]'] -> ['[H][C]1([H])[O]([Li])[C]2(=[O])[O][C]12([H])[H]']	3
['[H][C]1([H])[O][C]([O])[O][C]1([H])[H]'] -> ['[H][C]([H])[C]([H])([H])[O][C]([O])=[O]']	3
['[H][C]([H])[C]([H])([H])[O][C]([O])=[O]'] -> ['[H][C]1([H])[O][C](=[O])[O][C]1([H])[H]']	3
['[Li][O][Li]1[O][C]1=[O]'] -> ['[Li][O][Li]1[O][C]1[O]']	3
['[Li][O][Li]1[O][C]1=[O]'] -> ['[O]=[C]1[O][Li]12[Li][O]2']	3
['[H][C]1([H])[O][C]([O][Li][O][Li])[O][C]1([H])[H]'] -> ['[H][C]1([H])[O][C]([O])[O][C]1([H])[H]', '[Li][O][Li]']	3
['[O]=[C]1[O][Li]12[Li][O]2'] -> ['[Li][O][Li]1[O][C]1=[O]']	3
['[H][C]([H])[C]([H])([H])[O][C]([O])[O][Li]'] -> ['[H][C]([H])[C]([H])([H])[O][C](=[O])[O][Li]']	2
['[Li][O][C]1[O][Li][O]1'] -> ['[Li]1[O][C]2([Li][O]2)[O]1']	2
['[H][C]1([H])[O][C]([O][Li][O][C]2[O][C]([H])([H])[C]([H])([H])[O]2)[O][C]1([H])[H]'] -> ['[H][C]1([H])[O][C]([O][Li][O]=[C]2[O][C]([H])([H])[C]([H])([H])[O]2)[O][C]1([H])[H]']	2
['[Li]1[Li][O]2[Li][O]3[Li][O]1[C]23'] -> ['[Li]1[O]2[Li][O]34[Li][Li]3[O]1[C]24']	2
['[Li]1[O][C]2[O]1[Li][O]21[Li][Li]1'] -> ['[Li][O]1([Li])[Li][O]2[Li][O][C]21']	2
['[Li][O]1([Li])[Li][O]2[Li][O][C]21'] -> ['[Li][O]([Li])([Li])[C]1[O][Li][O]1']	2
['[Li][O]1([Li])[Li][O]2[Li][O][C]21'] -> ['[Li]', '[Li][O]1[Li][O]2[Li][O][C]12']	2
['[H][C]1([H])[O][C]([O])[O][C]1([H])[H]', '[H][C]1([H])[O][C]([O][Li])[O][C]1([H])[H]'] -> ['[H][C]1([H])[O][C]([O][Li][O]=[C]2[O][C]([H])([H])[C]([H])([H])[O]2)[O][C]1([H])[H]']	2
['[Li][O]1([Li])[Li][O]2[Li][O][C]21'] -> ['[Li][O]1[Li][O]2[Li][O]([Li])[C]12']	2
['[H][C]1([H])[O][C]([O]([Li])[Li])[O][C]1([H])[H]', '[H][C]1([H])[O][C]([O][Li])[O][C]1([H])[H]'] -> ['[H][C]1([H])[O][C]([O]([Li])[Li][O]([Li])[C]2[O][C]([H])([H])[C]([H])([H])[O]2)[O][C]1([H])[H]']	2
['[H][C]1([H])[O][C]([O]([Li])[Li][O]([Li])[C]2[O][C]([H])([H])[C]([H])([H])[O]2)[O][C]1([H])[H]'] -> ['[H][C]1([H])[O][C]([O]([Li])[Li])[O][C]1([H])[H]', '[H][C]1([H])[O][C]([O][Li])[O][C]1([H])[H]']	2
['[H][C]1([H])[O]=[C](=[O])[O]([Li])[C]1([H])[H]'] -> ['[H][C]([H])[C]([H])[H]', '[Li][O][C]([O])[O]']	2
['[H][C]1([H])[O][C](=[O])=[O][C]1([H])[H]'] -> ['[H][C]1([H])[O][C](=[O])[O][C]1([H])[H]']	2
['[Li][O][C]1[O][Li][O]1'] -> ['[Li][O][C]([O])[O][Li]']	2
['[H][C]1([H])[O][C]([O])[O]([Li])[C]1([H])[H]', '[Li]'] -> ['[H][C]1([H])[O][C]([O][Li])[O]([Li])[C]1([H])[H]']	2
['[H][C]1([H])[O][C](=[O])[O]([Li])[C]1([H])[H]', '[H][C]1([H])[O][C](=[O])[O][C]1([H])[H]'] -> ['[H][C]1([H])[O][C]([O][Li][O]2[C](=[O])[O][C]([H])([H])[C]2([H])[H])[O][C]1([H])[H]']	2
['[H][C]([H])[C]([H])([H])[O][C]([O][Li])[O][Li]'] -> ['[H][C]([H])[C]([H])[H]', '[Li][O]1[Li][O][C]1[O]']	2
['[Li][O]1[Li][O][C]1[O]'] -> ['[Li][O]1[Li][O][C]1=[O]']	2
['[Li][O][C]12[O][Li]1[O]2[Li]'] -> ['[Li][O]1[Li][O]2[Li]3[O][C]312']	2
['[Li]1[O]=[C]23[O][Li]2[O]13'] -> ['[Li][O]1[Li]2[O][C]21[O]']	2
['[H][C]1([H])[O][C](=[O])[O]([Li])[C]1([H])[H]'] -> ['[H][C]([H])[C]([H])([H])[O][C](=[O])[O][Li]']	2
['[H][C]([H])[C]([H])([H])[O][C](=[O])[O][Li]'] -> ['[H][C]1([H])[O][C](=[O])[O]([Li])[C]1([H])[H]']	2
['[H][C]1([H])[O][C]2([O][Li])[O][C]12([H])[H]', '[Li]'] -> ['[H][C]1([H])[O][C]2([O]([Li])[Li])[O][C]12([H])[H]']	2
['[H][C]1([H])[O][C]([O]([Li])[Li])[O][C]1([H])[H]', '[H][C]1([H])[O][C]([O])[O][C]1([H])[H]'] -> ['[H][C]1([H])[O][C]([O][Li][O]([Li])[C]2[O][C]([H])([H])[C]([H])([H])[O]2)[O][C]1([H])[H]']	2
['[Li][O]1[Li][O]2[Li][O][C]12'] -> ['[Li][O]1[Li][O]2[Li]3[O][C]312']	2
['[H][C]1([H])[O][C]([O][Li][O]([Li])[C]2[O][C]([H])([H])[C]([H])([H])[O]2)[O][C]1([H])[H]'] -> ['[H][C]1([H])[O][C]([O][Li])[O][C]1([H])[H]', '[H][C]1([H])[O][C]([O][Li])[O][C]1([H])[H]']	2
['[Li]1[O]2[Li][O]3[Li]4[O]1[C]423'] -> ['[Li][O]1[Li][O]2[Li]3[O][C]312']	2
['[H][C]1([H])[O][C]([O][Li])[O][C]1([H])[H]'] -> ['[H][C]1([H])[O][C](=[O][Li])[O][C]1([H])[H]']	2
['[Li]1[O][C]2[O][Li][O]12'] -> ['[Li][O]1[Li][O][C]1[O]']	2
['[H][C]1([H])[O][C]([O][Li])[O][C]1([H])[H]'] -> ['[H][C]1([H])[O][C]([O][Li])=[O][C]1([H])[H]']	2
['[H][C]1([H])[O][C]([O][Li])=[O][C]1([H])[H]'] -> ['[H][C]1([H])[O][C]([O][Li])[O][C]1([H])[H]']	2
['[Li]1[O][C]2([Li][O]2)[O]1'] -> ['[Li][O][C]1[O][Li][O]1']	2
['[Li][O]1[Li]2[O][C]21[O]'] -> ['[Li]', '[O][C]1[O][Li][O]1']	2
['[Li][O][C]1[O][Li][O]1[Li]'] -> ['[Li][O]1[Li][O]2[Li][O][C]12']	2
['[Li][O]1[Li][O]2[Li][O][C]12'] -> ['[Li][O]([Li])[C]1[O][Li][O]1']	2
['[Li][O][C]1[O]([Li])[Li][O]1[Li]'] -> ['[Li][O]1[Li][O]2[Li][O]([Li])[C]12']	2
['[H][C]1([H])[O][C]([O][Li][O][Li])[O][C]1([H])[H]'] -> ['[H][C]1([H])[O][C](=[O])[O][C]1([H])[H]', '[Li][O][Li]']	2
['[H][C]1([H])[O][C]([O][Li][O]2[Li][O]3[Li]4[O][C]423)[O][C]1([H])[H]'] -> ['[H][C]1([H])[O][C]([O][Li][O]([Li])[C]23[O][Li]2[O]3)[O][C]1([H])[H]']	2
['[H][C]1([H])[O][C]([O][Li]2[O][C]34[O][Li]3[O]24)[O][C]1([H])[H]'] -> ['[H][C]1([H])[O][C](=[O])[O][C]1([H])[H]', '[Li]1[O][C]23[O][Li]2[O]13']	2
['[H][C]([H])[C]([H])([H])[O][C]12[O][Li]1[O]2'] -> ['[H][C]([H])[C]([H])[H]', '[O][C]12[O][Li]1[O]2']	2
['[H][C]1([H])[O][C]([O][Li])[O][C]1([H])[H]'] -> ['[H][C]1([H])[O][C]23[O][Li]2[O]3[C]1([H])[H]']	2
['[H][C]1([H])[O]([Li])[C]2([O])[O][C]12([H])[H]'] -> ['[H][C]1([H])[O][C]([O])[O]([Li])[C]1([H])[H]']	2
['[H][C]1([H])[O][C]([O][Li][Li][O][C]23[O][Li]2[O]3)[O][C]1([H])[H]'] -> ['[H][C]1([H])[O][C]([O][Li][Li]2[O][C]34[O][Li]3[O]24)[O][C]1([H])[H]']	2
['[Li]1[O][C]23[O][Li]2[O]13'] -> ['[O]1[Li]2[O]3[Li]4[O][C]1243']	2
['[H][C]1([H])[O][C]2[O]([Li])[Li][O]2[C]1([H])[H]'] -> ['[H][C]1([H])[O][C]([O][Li])[O]([Li])[C]1([H])[H]']	2
['[H][C]1([H])[O][C]([O][Li])[O]([Li])[C]1([H])[H]'] -> ['[H][C]1([H])[O][C]2[O]([Li])[Li][O]2[C]1([H])[H]']	2
['[H][C]1([H])[O][C]([O][Li][O][C]23[O][C]([H])([H])[C]2([H])([H])[O]3)[O][C]1([H])[H]'] -> ['[H][C]1([H])[O][C]([O])[O][C]1([H])[H]', '[H][C]1([H])[O][C]([O][Li])[O][C]1([H])[H]']	2
['[H][C]1([H])[O][C](=[O])[O][C]1([H])[H]', '[Li][Li]'] -> ['[H][C]1([H])[O][C]([O][Li][Li])[O][C]1([H])[H]']	2
['[H][C]1([H])[O][C]([O][Li][O]([Li])[C]2[O][C]([H])([H])[C]([H])([H])[O]2)[O][C]1([H])[H]'] -> ['[H][C]1([H])[O][C]([O]([Li])[Li])[O][C]1([H])[H]', '[H][C]1([H])[O][C]([O])[O][C]1([H])[H]']	2
['[H][C]1([H])[O]=[C](=[O])[O]([Li])[C]1([H])[H]'] -> ['[H][C]1([H])[O][C](=[O])[O]([Li])[C]1([H])[H]']	2
['[H][C]1([H])[O][C]([O])[O]([Li])[C]1([H])[H]'] -> ['[H][C]1([H])[O]([Li])[C]2(=[O])[O][C]12([H])[H]']	2
['[H][C]1([H])[O][C]([O][Li][Li])[O][C]1([H])[H]'] -> ['[H][C]1([H])[O][C]([O]2[Li][Li]2)[O][C]1([H])[H]']	2
['[H][C]1([H])[O]2[Li][O][C]23[O][C]13([H])[H]'] -> ['[H][C]1([H])[O][C]([O][Li])[O][C]1([H])[H]']	2
['[H][C]1([H])[O][C]([O])[O][C]1([H])[H]', '[Li]'] -> ['[H][C]1([H])[O][C](=[O][Li])[O][C]1([H])[H]']	2
['[H][C]1([H])[O][C]([O]2[Li][Li]2)[O][C]1([H])[H]'] -> ['[H][C]1([H])[O][C][O][C]1([H])[H]', '[Li]1[Li][O]1']	2
['[H][C]1([H])[O][C]([O])[O][C]1([H])[H]', '[H][C]1([H])[O][C]([O][Li][Li])[O][C]1([H])[H]'] -> ['[H][C]1([H])[O][C]([O][Li][Li][O][C]2[O][C]([H])([H])[C]([H])([H])[O]2)[O][C]1([H])[H]']	2
['[H][C]1([H])[O][C]([O])[O]([Li])[C]1([H])[H]'] -> ['[H][C]1([H])[O]2[Li][O][C]23[O][C]13([H])[H]']	2
['[O][C]1[O][Li][O]1'] -> ['[Li][O][C]([O])[O]']	2
['[H][C]1([H])[O][C]([O][Li])[O][C]1([H])[H]', '[H][C]1([H])[O][C]([O][Li])[O][C]1([H])[H]'] -> ['[H][C]1([H])[O][C]([O][Li][O]([Li])[C]2[O][C]([H])([H])[C]([H])([H])[O]2)[O][C]1([H])[H]']	2
['[H][C]1([H])[O][C]([O][Li])[O][C]1([H])[H]', '[O][C]1[O][Li][O]1'] -> ['[H][C]1([H])[O][C]([O][Li][O][C]2[O][Li][O]2)[O][C]1([H])[H]']	2
['[Li][O][C](=[O])=[O]'] -> ['[Li][O]', '[O]=[C]=[O]']	2
['[H][C]1([H])[O][C]([O])=[O][C]1([H])[H]'] -> ['[H][C]1([H])[O][C]([O])[O][C]1([H])[H]']	2
['[Li][O][C]([O])[O]'] -> ['[Li][O][C](=[O])=[O]']	2
['[H][C]1([H])[O][C]([O])[O][C]1([H])[H]'] -> ['[H][C]([H])[C]([H])([H])[O][C]([O])[O]']	2
['[H][C]1([H])[O][C](=[O])[O][C]1([H])[H]'] -> ['[H][C]([H])[C]([H])([H])[O][C]([O])=[O]']	2
['[H][C]1([H])[O][C]([O])[O][C]1([H])[H]'] -> ['[H][C]([H])[C]([H])[H]', '[O][C]([O])=[O]']	2
['[O][C]([O])=[O]'] -> ['[O][C]([O])[O]']	2
['[H][C]([H])[C]([H])([H])[O][C]([O])[O]'] -> ['[H][C]([H])[C]([H])([H])[O][C]([O])=[O]']	2
['[Li]', '[Li][O]'] -> ['[Li][O][Li]']	2
['[H][C]1([H])[O][C]2(=[O])[O][C]12([H])[H]'] -> ['[H][C]1([H])[O][C]2([O])[O][C]12([H])[H]']	2
['[Li][O][C]=[O]'] -> ['[Li][O]=[C]=[O]']	2
['[Li][O][C]([O])=[O]'] -> ['[O]=[C]1[O][Li][O]1']	2
['[Li][O]1[Li][O][C]1[O]'] -> ['[Li][O]1[Li]2[O][C]21[O]']	2
['[O][C]1[Li][O]1'] -> ['[O]=[C]1[Li][O]1']	2
['[O]=[C]1[Li][O]1'] -> ['[O][C]1[Li][O]1']	2
['[H][C]1([H])[O][C]([O][Li][O]2[C]([O])[O][C]([H])([H])[C]2([H])[H])[O][C]1([H])[H]'] -> ['[H][C]1([H])[O][C]([O][Li][O]2[C](=[O])[O][C]([H])([H])[C]2([H])[H])[O][C]1([H])[H]']	2
['[H][C]1([H])[O][C]([O][Li][O][C]23[O][Li]2[O]3)[O][C]1([H])[H]'] -> ['[H][C]1([H])[O][C]([O])[O][C]1([H])[H]', '[Li][O][C]12[O][Li]1[O]2']	2
['[H][C]1([H])[O]([Li])[C]2=[O][Li][O]2[C]1([H])[H]'] -> ['[H][C]([H])[C]([H])([H])[O]([Li])[C]1[O][Li][O]1']	1
['[H][C]1([H])[O][C]2=[O][Li][Li][O]2[C]1([H])[H]'] -> ['[H][C]1([H])[O][C]([O])[O]([Li][Li])[C]1([H])[H]']	1
['[H][C]1([H])[O][C](=[O])[O]([Li])[C]1([H])[H]'] -> ['[H][C]1([H])[O]=[C]([O])[O]([Li])[C]1([H])[H]']	1
['[H][C]([H])[C]([H])([H])[O]([Li])[C]1[O][Li][O]1'] -> ['[H][C]([H])[C]([H])[H]', '[Li][O][C]1[O][Li][O]1']	1
['[H][C]1([H])[O][C]([O])[O]([Li][Li])[C]1([H])[H]'] -> ['[H][C]([H])[C]([H])([H])[O][C]([O])[O][Li][Li]']	1
['[H][C]1([H])[O]=[C]([O])[O]([Li])[C]1([H])[H]'] -> ['[H][C]([H])[C]([H])([H])[O][C]([O])[O][Li]']	1
['[H][C]([H])[C]([H])[H]', '[Li][O][C]([O])=[O]'] -> ['[H][C]([H])[C]([H])([H])[O]([Li])[C]([O])=[O]']	1
['[H][C]([H])[C]([H])([H])[O]([Li])[C]([O])=[O]'] -> ['[H][C]([H])[C]([H])([H])[O]([Li])[C](=[O])=[O]']	1
['[H][C]([H])[C]([H])([H])[O][C](=[O])[O][Li]'] -> ['[H][C]([H])[C]([H])[H]', '[Li][O][C]([O])=[O]']	1
['[H][C]([H])[C]([H])([H])[O]([Li])[C](=[O])=[O]'] -> ['[H][C]([H])[C]([H])([H])[O][Li]', '[O]=[C]=[O]']	1
['[H][C]([H])[C]([H])([H])[O][C]([O])[O][Li][Li]'] -> ['[H][C]([H])[C]([H])([H])[O][C]1[O][Li][Li][O]1']	1
['[H][C]1([H])[O][C]2[O][Li][O]2[C]1([H])[H]', '[Li]'] -> ['[H][C]1([H])[O][C]([O][Li][Li])[O][C]1([H])[H]']	1
['[H][C]([H])[C]([H])([H])[O][C]1[O][Li][Li][O]1'] -> ['[H][C]([H])[C]([H])([H])[O][C]12[O][Li][Li]1[O]2']	1
['[H][C]([H])[C]([H])([H])[O][C]12[O][Li][Li]1[O]2'] -> ['[H][C]([H])[C]([H])[H]', '[O][C]12[O][Li][Li]1[O]2']	1
['[O][C]12[O][Li][Li]1[O]2'] -> ['[Li][O][C]([O])[O][Li]']	1
['[H][C]1([H])[O][C]([O][Li])[O]([Li])[C]1([H])[H]'] -> ['[H][C]1([H])[O]=[C]([O][Li])[O]([Li])[C]1([H])[H]']	1
['[H][C]1([H])[O]=[C]([O][Li])[O]([Li])[C]1([H])[H]'] -> ['[H][C]1([H])[O][C]([O][Li])[O]([Li])[C]1([H])[H]']	1
['[H][C]1([H])[O][C]([O][Li])[O]([Li])[C]1([H])[H]'] -> ['[H][C]1([H])[O][C]([O])[O]([Li])[C]1([H])[H]', '[Li]']	1
['[H][C]1([H])[O][C]2([O][Li])[O][C]12([H])[H]'] -> ['[H][C]1([H])[O][C]2[O][Li][O]2[C]1([H])[H]']	1
['[H][C]1([H])[O][C]([O])[O]([Li])[C]1([H])[H]'] -> ['[H][C]([H])[C]([H])([H])[O][C]([O])[O][Li]']	1
['[Li]1[O][C]2([Li][O]2)[O]1'] -> ['[Li][O][C]1([O])[Li][O]1']	1
['[Li][O][C]1([O])[Li][O]1'] -> ['[Li][O]1[Li]2[O][C]21[O]']	1
['[H][C]([H])[C]([H])([H])[O][C](=[O])[O][Li]', '[Li]'] -> ['[H][C]([H])[C]([H])([H])[O][C]([O][Li])[O][Li]']	1
['[Li]', '[Li]1[O][C]23[O][Li]2[O]13'] -> ['[Li][O]1[Li][O]2[Li]3[O][C]312']	1
['[Li][O]1[Li][O][C]1=[O]'] -> ['[Li]1[O][C]2[O][Li][O]12']	1
['[H][C]1([H])[O][C]([O][Li][Li])[O][C]1([H])[H]'] -> ['[H][C]1([H])[O][C]([O][Li])[O][C]1([H])[H]', '[Li]']	1
['[Li]1[O]2[Li][O]3[Li]4[O]1[C]423'] -> ['[Li][O]1[Li][O]2[Li][O][C]12']	1
['[Li][O]1[Li][O]2[Li][O][C]12'] -> ['[Li]1[O]2[Li][O]3[Li]4[O]1[C]423']	1
['[Li]1[O]2[Li][O]3[Li]4[O]1[C]423'] -> ['[Li][O][C]12[O][Li]1[O]2[Li]']	1
['[H][C]1([H])[O][C](=[O])[O][C]1([H])[H]', '[H][C]1([H])[O][C]([O][Li])[O][C]1([H])[H]'] -> ['[H][C]1([H])[O][C]([O][Li][O]=[C]2[O][C]([H])([H])[C]([H])([H])[O]2)[O][C]1([H])[H]']	1
['[Li]1[O][C]23[O][Li]2[O]13'] -> ['[Li]1[O]=[C]23[O][Li]2[O]13']	1
['[H][C]1([H])[O][C]([O])[O][C]1([H])[H]', '[Li][O][C]12[O][Li]1[O]2'] -> ['[H][C]1([H])[O][C]([O][Li][O][C]23[O][Li]2[O]3)[O][C]1([H])[H]']	1
['[Li]1[O][C]2[O][Li][O]12'] -> ['[Li][O]1[Li]2[O][C]21[O]']	1
['[Li]1[O]2[Li][O]3[Li][O]1[C]23'] -> ['[Li][O]1[Li][O]2[Li]3[O][C]312']	1
['[H][C]1([H])[O][C]([O][Li][O][C]23[O][Li]2[O]3)[O][C]1([H])[H]'] -> ['[H][C]1([H])[O][C]([O][Li]2[O][C]34[O][Li]3[O]24)[O][C]1([H])[H]']	1
['[Li][O]1[Li][O]2[Li]3[O][C]312'] -> ['[Li]', '[Li]1[O][C]23[O][Li]2[O]13']	1
['[H][C]1([H])[O][C]([O]([Li])[Li])[O][C]1([H])[H]'] -> ['[H][C]1([H])[O][C]([O][Li])[O][C]1([H])[H]', '[Li]']	1
['[H][C]1([H])[O][C]([O][Li]2[O][C]34[O][Li]3[O]24)[O][C]1([H])[H]'] -> ['[H][C]1([H])[O][C]([O])[O][C]1([H])[H]', '[Li][O]1[Li]2[O][C]21[O]']	1
['[Li]', '[Li]1[O][C]23[O][Li]2[O]13'] -> ['[Li][O]([Li])[C]1[O][Li][O]1']	1
['[H][C]1([H])[O][C]([O][Li][O]([Li])[C]2[O][C]([H])([H])[C]([H])([H])[O]2)[O][C]1([H])[H]'] -> ['[H][C]1([H])[O][C]([O][Li][O]([Li])[C]23[O][C]([H])([H])[C]2([H])([H])[O]3)[O][C]1([H])[H]']	1
['[H][C]1([H])[O][C]([O][Li][O]([Li])[C]23[O][C]([H])([H])[C]2([H])([H])[O]3)[O][C]1([H])[H]'] -> ['[H][C]1([H])[O][C]([O][Li][O]([Li])[C]2[O][C]([H])([H])[C]([H])([H])[O]2)[O][C]1([H])[H]']	1
['[Li][Li]', '[Li][O]1[Li]2[O][C]21[O]'] -> ['[Li][Li][O]1[Li]2[O]([Li])[C]21[O]']	1
['[Li][Li][O]1[Li]2[O]([Li])[C]21[O]'] -> ['[Li][Li][O]1[Li]2[O]3[Li][O][C]213']	1
['[Li][Li][O]1[Li]2[O]3[Li][O][C]213'] -> ['[Li][Li][O]1[Li]2[O]([Li])[C]21[O]']	1
['[Li][Li][O]1[Li]2[O]([Li])[C]21[O]'] -> ['[Li][O]1[Li]2[O]3[Li][Li][O][C]213']	1
['[H][C]1([H])[O][C]([O][Li])[O][C]1([H])[H]', '[H][C]1([H])[O][C]([O][Li][Li])[O][C]1([H])[H]'] -> ['[H][C]1([H])[O][C]([O][Li][Li][O]2[C]([O][Li])[O][C]([H])([H])[C]2([H])[H])[O][C]1([H])[H]']	1
['[H][C]1([H])[O][C](=[O][Li])[O][C]1([H])[H]'] -> ['[H][C]1([H])[O][C]([O])[O][C]1([H])[H]', '[Li]']	1
['[H][C]1([H])[O][C]([O])[O][C]1([H])[H]', '[Li][O]1[Li]2[O][C]21[O]'] -> ['[H][C]1([H])[O][C]([O][Li][O]2[Li]3[O][C]32[O])[O][C]1([H])[H]']	1
['[Li][O]1[Li][O][C]1[O]'] -> ['[Li][O][C]([O])[O][Li]']	1
['[Li][O]1[Li]2[O]3[Li][Li][O][C]213'] -> ['[Li]1[Li][O]2[Li]3[O]4[Li][O]1[C]324']	1
['[Li][O][C]1[O][Li][O]1'] -> ['[Li][O][C]1=[O][Li][O]1']	1
['[H][C]1([H])[O][C]([O][Li][O]2[Li]3[O][C]32[O])[O][C]1([H])[H]'] -> ['[H][C]1([H])[O][C]([O][Li][O]2[Li]3[O][C]32=[O])[O][C]1([H])[H]']	1
['[Li]1[Li][O]2[Li]3[O]4[Li][O]1[C]324'] -> ['[Li][O]1[Li][Li][O]2[Li][O][C]12']	1
['[H][C]1([H])[O][C]([O][Li][O]2[Li]3[O][C]32=[O])[O][C]1([H])[H]'] -> ['[H][C]1([H])[O][C]([O][Li][O]2[Li]3[O][C]32[O])[O][C]1([H])[H]']	1
['[Li][O][C]1=[O][Li][O]1'] -> ['[Li][O][C]1[O][Li][O]1']	1
['[Li][O]1[Li][Li][O]2[Li][O][C]12'] -> ['[Li]1[Li][O]2[Li][O]3[Li][O]1[C]23']	1
['[H][C]([H])[C]([H])([H])[O][Li]', '[Li]'] -> ['[H][C]([H])[C]([H])([H])[O]([Li])[Li]']	1
['[H][C]1([H])[O][C]([O][Li][O]2[Li]3[O][C]32[O])[O][C]1([H])[H]'] -> ['[H][C]1([H])[O][C]([O])[O][C]1([H])[H]', '[Li][O]1[Li]2[O][C]21[O]']	1
['[H][C]1([H])[O][C]([O][Li][Li][O]2[C]([O][Li])[O][C]([H])([H])[C]2([H])[H])[O][C]1([H])[H]'] -> ['[H][C]1([H])[O][C]([O][Li])[O]([Li])[C]1([H])[H]', '[H][C]1([H])[O][C]([O][Li])[O][C]1([H])[H]']	1
['[Li]1[O]2[Li][O]34[Li][Li]3[O]1[C]24'] -> ['[Li]1[O][C]2[O]1[Li][O]21[Li][Li]1']	1
['[H][C]([H])[C]([H])([H])[O]([Li])[Li]'] -> ['[H][C]([H])[C]([H])[H]', '[Li][O][Li]']	1
['[Li][O]([Li])([Li])[C]1[O][Li][O]1'] -> ['[Li]', '[Li][O]([Li])[C]1[O][Li][O]1']	1
['[Li]', '[Li][O]([Li])[C]1[O][Li][O]1'] -> ['[Li][O]1[Li][O]2[Li][O]([Li])[C]12']	1
['[H][C]1([H])[O][C]([O][Li])[O][C]1([H])[H]', '[O]=[C]1[O][Li][O]1'] -> ['[H][C]1([H])[O][C]([O][Li][O]2[Li][O][C]2=[O])[O][C]1([H])[H]']	1
['[H][C]1([H])[O][C]([O][Li][O]2[Li][O][C]2=[O])[O][C]1([H])[H]'] -> ['[H][C]1([H])[O][C](=[O])[O][C]1([H])[H]', '[Li][O]1[Li][O][C]1[O]']	1
['[H][C]1([H])[O][C]([O][Li][O]2[Li][O]3[Li][O]([Li])[C]23)[O][C]1([H])[H]'] -> ['[H][C]1([H])[O][C]([O][Li][O]2[Li][O]([Li])[C]2[O][Li])[O][C]1([H])[H]']	1
['[Li][O]1[Li][O]2[Li][O][C]12'] -> ['[Li][O]1[Li][O]([Li])[C]1[O]']	1
['[Li][O]1[Li][O]([Li])[C]1[O]'] -> ['[Li][O]1[Li][O]2[Li][O][C]12']	1
['[H][C]1([H])[O][C]([O][Li][O]2[Li][O]([Li])[C]2[O][Li])[O][C]1([H])[H]'] -> ['[H][C]1([H])[O][C](=[O])[O][C]1([H])[H]', '[Li][O][C]1[O]([Li])[Li][O]1[Li]']	1
['[H][C]1([H])[O][C]([O])[O][C]1([H])[H]', '[Li]1[Li][O]1'] -> ['[H][C]1([H])[O][C]([O][Li]2[Li][O]2)[O][C]1([H])[H]']	1
['[Li][O]1[Li][O]2[Li][O]([Li])[C]12'] -> ['[Li][O]1[Li][O]2[Li]3[Li][O]3[C]12']	1
['[H][C]1([H])[O][C]([O][Li]2[Li][O]2)[O][C]1([H])[H]'] -> ['[H][C]1([H])[O][C]([O][Li][O][Li])[O][C]1([H])[H]']	1
['[Li][O]1[Li][O]2[Li]3[Li][O]3[C]12'] -> ['[Li]1[O][C]2[O]1[Li][O]21[Li][Li]1']	1
['[H][C]1([H])[O][C]([O][Li][O]([Li])[C]23[O][Li]2[O]3)[O][C]1([H])[H]'] -> ['[H][C]1([H])[O][C]([O])[O][C]1([H])[H]', '[Li][O]([Li])[C]12[O][Li]1[O]2']	1
['[H][C]1([H])[O][C](=[O])[O][C]1([H])[H]', '[Li][O]1[Li][O][C]1[O]'] -> ['[H][C]1([H])[O][C]([O][Li][O]2[Li][O][C]2=[O])[O][C]1([H])[H]']	1
['[Li]', '[Li][O]1[Li][O]2[Li][O][C]12'] -> ['[Li][O]1([Li])[Li][O]2[Li][O][C]21']	1
['[H][C]1([H])[O][C]([O][Li][O]2[Li][O][C]2=[O])[O][C]1([H])[H]'] -> ['[H][C]1([H])[O][C]([O][Li]2[O][C]34[O][Li]3[O]24)[O][C]1([H])[H]']	1
['[Li][O]([Li])([Li])[C]1[O][Li][O]1'] -> ['[Li][O]1([Li])[Li][O]2[Li][O][C]21']	1
['[H][C]1([H])[O][C]([O][Li][O]=[C]2[O][C]([H])([H])[C]([H])([H])[O]2)[O][C]1([H])[H]'] -> ['[H][C]1([H])[O][C](=[O])[O][C]1([H])[H]', '[H][C]1([H])[O][C]([O][Li])[O][C]1([H])[H]']	1
['[Li][O]1[Li][O]2[Li][O]([Li])[C]12'] -> ['[Li]1[Li][O]2[Li][O]3[Li][O]1[C]23']	1
['[Li]1[O]2[Li][O]34[Li][Li]3[O]1[C]24'] -> ['[Li][O]12[Li][O]3[Li][O]([Li]1)[C]32']	1
['[H][C]1([H])[O][C]([O][Li][O]2[Li][O]3[Li][O][C]23)[O][C]1([H])[H]'] -> ['[H][C]1([H])[O][C]([O][Li]2[O]3[Li][O]4[Li][O]2[C]43)[O][C]1([H])[H]']	1
['[H][C]1([H])[O][C]([O][Li]2[O]3[Li][O]4[Li][O]2[C]43)[O][C]1([H])[H]'] -> ['[H][C]1([H])[O][C]([O][Li]2[O][C]3[O]([Li])[Li][O]23)[O][C]1([H])[H]']	1
['[H][C]1([H])[O][C]([O][Li]2[O][C]3[O]([Li])[Li][O]23)[O][C]1([H])[H]'] -> ['[H][C]1([H])[O][C](=[O])[O][C]1([H])[H]', '[Li][O]1[Li][O]2[Li][O][C]12']	1
['[H][C]1([H])[O][C]([O][Li][O]2[Li][O]3[Li][O]([Li])[C]23)[O][C]1([H])[H]'] -> ['[H][C]1([H])[O][C]([O][Li]2[O]3[Li][O]4[Li][O]2([Li])[C]43)[O][C]1([H])[H]']	1
['[H][C]1([H])[O][C]([O][Li]2[O]3[Li][O]4[Li][O]2([Li])[C]43)[O][C]1([H])[H]'] -> ['[H][C]1([H])[O][C]([O][Li][O]2([Li])[Li][O]3[Li][O][C]32)[O][C]1([H])[H]']	1
['[H][C]1([H])[O][C]([O][Li][O]2([Li])[Li][O]3[Li][O][C]32)[O][C]1([H])[H]'] -> ['[H][C]1([H])[O][C]([O])[O][C]1([H])[H]', '[Li][O]1([Li])[Li][O]2[Li][O][C]21']	1
['[O][C]1[O][Li][O]1', '[O][C]1[O][Li][O]1'] -> ['[O][C]1[O][Li]([O][C]2[O][Li][O]2)[O]1']	1
['[O][C]1[O][Li]([O][C]2[O][Li][O]2)[O]1'] -> ['[O][C]1[O][Li][O]1', '[O][C]1[O][Li][O]1']	1
['[Li]', '[Li][O]1[Li][O]2[Li][O][C]12'] -> ['[Li][O]1[Li][O]2[Li][O]([Li])[C]12']	1
['[H][C]1([H])[O][C]([O][Li][O]2[Li][O]3[Li][O]([Li])[C]23)[O][C]1([H])[H]'] -> ['[H][C]1([H])[O][C]([O][Li][O]2([Li])[Li][O]3[Li][O][C]32)[O][C]1([H])[H]']	1
['[H][C]1([H])[O][C]([O])[O][C]1([H])[H]', '[H][C]1([H])[O][C]([O][Li][O]2([Li])[Li][O]3[Li][O][C]32)[O][C]1([H])[H]'] -> ['[H][C]1([H])[O][C]([O][Li][O]2([Li][O][C]3[O][C]([H])([H])[C]([H])([H])[O]3)[Li][O]3[Li][O][C]32)[O][C]1([H])[H]']	1
['[H][C]1([H])[O][C]([O][Li][O]2([Li][O][C]3[O][C]([H])([H])[C]([H])([H])[O]3)[Li][O]3[Li][O][C]32)[O][C]1([H])[H]'] -> ['[H][C]1([H])[O][C]([O])[O][C]1([H])[H]', '[H][C]1([H])[O][C]([O][Li][O]2([Li])[Li][O]3[Li][O][C]32)[O][C]1([H])[H]']	1
['[H][C]1([H])[O][C]([O][Li][O]2([Li])[Li][O]3[Li][O][C]32)[O][C]1([H])[H]'] -> ['[H][C]1([H])[O][C]([O][Li])[O][C]1([H])[H]', '[Li][O]1[Li][O]2[Li][O][C]12']	1
['[H][C]1([H])[O][C]23[O][Li]2[O]3[C]1([H])[H]'] -> ['[H][C]1([H])[O][C]2[O][Li][O]2[C]1([H])[H]']	1
['[H][C]1([H])[O]([Li])[C]2=[O][Li][O]2[C]1([H])[H]'] -> ['[H][C]1([H])[O]([Li])[C]2[O][Li][O]2[C]1([H])[H]']	1
['[H][C]1([H])[O][C]2=[O][Li][Li][O]2[C]1([H])[H]'] -> ['[H][C]1([H])[O][C]2[O][Li][Li][O]2[C]1([H])[H]']	1
['[H][C]1([H])[O]([Li])[C]2[O][Li][O]2[C]1([H])[H]'] -> ['[H][C]([H])[C]([H])[H]', '[Li][O][C]([O])[O][Li]']	1
['[H][C]1([H])[O][C]([O])[O][C]1([H])[H]', '[Li]'] -> ['[H][C]1([H])[O][C](=[O])[O]([Li])[C]1([H])[H]']	1
['[H][C]1([H])[O][C]([O])[O]([Li])[C]1([H])[H]', '[Li]'] -> ['[H][C]1([H])[O][C]2[O][Li]([Li])[O]2[C]1([H])[H]']	1
['[H][C]1([H])[O][C]2[O][Li]([Li])[O]2[C]1([H])[H]'] -> ['[H][C]1([H])[O][C]([O][Li][Li])[O][C]1([H])[H]']	1
['[H][C]1([H])[O][C](=[O])[O][C]1([H])[H][Li]'] -> ['[H][C]1([H])[O][C]([O])[O][C]1([H])[H]', '[Li]']	1
['[H][C]1([H])[O][C]2[O][Li][Li][O]2[C]1([H])[H]'] -> ['[H][C]1([H])[O][C]([O][Li])[O]([Li])[C]1([H])[H]']	1
['[Li][O][C]12[O][Li]1[O]2'] -> ['[Li]1[O][C]123[O][Li]2[O]3']	1
['[Li]1[O][C]123[O][Li]2[O]3'] -> ['[Li][O][C]12[O][Li]1[O]2']	1
['[H][C]1([H])[O][C]([O][Li][Li])[O][C]1([H])[H]'] -> ['[H][C]1([H])[O][C]2([O][Li]2[Li])[O][C]1([H])[H]']	1
['[H][C]1([H])[O][C]([O][Li])[O]([Li])[C]1([H])[H]'] -> ['[H][C]1([H])[O][C]2([Li][O]2)[O]([Li])[C]1([H])[H]']	1
['[H][C]1([H])[O][C]2([O][Li]2[Li])[O][C]1([H])[H]'] -> ['[H][C]1([H])[O][C]([O][Li][Li])[O][C]1([H])[H]']	1
['[H][C]1([H])[O][C]2([Li][O]2)[O]([Li])[C]1([H])[H]'] -> ['[H][C]1([H])[O][C]([O][Li])[O]([Li])[C]1([H])[H]']	1
['[Li]', '[Li][O][C]([O])[O][Li]'] -> ['[Li][O][C]([O])[O]([Li])[Li]']	1
['[Li][O][C]([O])[O]([Li])[Li]'] -> ['[Li][O][C]1[O][Li][O]1[Li]']	1
['[Li][O][C]1[O][Li][O]1[Li]'] -> ['[Li][O]=[C]1[O][Li][O]1[Li]']	1
['[Li][O]=[C]1[O][Li][O]1[Li]'] -> ['[Li]', '[Li][O]1[Li][O][C]1=[O]']	1
['[Li]', '[Li][O]1[Li][O][C]1=[O]'] -> ['[Li][O]1[Li][O]2[Li][O]=[C]12']	1
['[Li][O]1[Li][O]2[Li][O]=[C]12'] -> ['[Li][O]1[Li][O]2[Li][O][C]12']	1
['[H][C]1([H])[O][C]([O][Li])[O][C]1([H])[H]', '[Li]'] -> ['[H][C]1([H])[O][C]([O][Li])[O]([Li])[C]1([H])[H]']	1
['[Li][O]1[Li][O]2[Li]3[O][C]312'] -> ['[Li]', '[Li][O][C]12[O][Li]1[O]2']	1
['[Li]', '[Li][O][C]12[O][Li]1[O]2'] -> ['[Li][O]([Li])[C]12[O][Li]1[O]2']	1
['[H][C]1([H])[O][C]([O][Li])[O]([Li])[C]1([H])[H]'] -> ['[H][C]([H])[C]([H])([H])[O][C]([O][Li])[O][Li]']	1
['[H][C]1([H])[O][C]([O][Li])[O][C]1([H])[H]', '[Li][O][C]12[O][Li]1[O]2'] -> ['[H][C]1([H])[O][C]([O][Li][Li][O][C]23[O][Li]2[O]3)[O][C]1([H])[H]']	1
['[H][C]([H])[C]([H])([H])[O][C]([O][Li])[O][Li]'] -> ['[H][C]([H])[C]([H])([H])[O][C]([O])[O][Li]', '[Li]']	1
['[H][C]1([H])[O][C][O][C]1([H])[H]', '[Li]1[Li][O]1'] -> ['[H][C]1([H])[O][C]([O]([Li])[Li])[O][C]1([H])[H]']	1
['[H][C]([H])[C]([H])([H])[O][C]([O])[O][Li]', '[Li]'] -> ['[H][C]([H])[C]([H])([H])[O][C]([O][Li])[O][Li]']	1
['[H][C]1([H])[O][C]([O][Li][Li][O][C]23[O][Li]2[O]3)[O][C]1([H])[H]'] -> ['[H][C]1([H])[O][C]([O][Li][Li][O][C]2[O][Li][O]2)[O][C]1([H])[H]']	1
['[H][C]1([H])[O][C]([O][Li][Li][O][C]2[O][Li][O]2)[O][C]1([H])[H]'] -> ['[H][C]1([H])[O][C]([O][Li][Li][O][C]23[O][Li]2[O]3)[O][C]1([H])[H]']	1
['[Li][O]1[Li][O][C]1[O]'] -> ['[Li]1[O][C]2=[O][Li][O]12']	1
['[H][C]1([H])[O][C]([O][Li][Li]2[O][C]34[O][Li]3[O]24)[O][C]1([H])[H]'] -> ['[H][C]1([H])[O][C]([O][Li][Li]2[O][C]3[O][Li][O]23)[O][C]1([H])[H]']	1
['[Li]1[O][C]2=[O][Li][O]12'] -> ['[Li]1[O][C]2[O][Li][O]12']	1
['[H][C]1([H])[O][C]([O][Li][Li]2[O][C]3[O][Li][O]23)[O][C]1([H])[H]'] -> ['[H][C]1([H])[O][C]([O][Li][Li][O][C]23[O][Li]2[O]3)[O][C]1([H])[H]']	1
['[Li]1[O]2[Li][O]3[Li][O]1[C]23'] -> ['[Li]1[O]2[Li][O]3[Li]4[O]1[C]423']	1
['[H][C]1([H])[O][C]([O][Li][Li]2[O][C]34[O][Li]3[O]24)[O][C]1([H])[H]'] -> ['[H][C]1([H])[O][C]([O][Li])[O][C]1([H])[H]', '[Li]1[O][C]23[O][Li]2[O]13']	1
['[Li]1[O]2[Li][O]3[Li]4[O]1[C]423'] -> ['[Li][O]([Li])[C]1[O][Li][O]1']	1
['[Li][O]([Li])[C]1[O][Li][O]1'] -> ['[Li]1[O]2[Li][O]3[Li]4[O]1[C]423']	1
['[Li]', '[O][C]12[O][Li]1[O]2'] -> ['[Li][O]1[Li]2[O][C]21[O]']	1
['[Li][O]1[Li]2[O][C]21[O]'] -> ['[Li]1[O][C]2[O][Li][O]12']	1
['[H][C]1([H])[O][C]([O][Li][Li])[O][C]1([H])[H]'] -> ['[H][C]1([H])[O][C](=[O])[O][C]1([H])[H]', '[Li][Li]']	1
['[H][C]1([H])[O][C]([O]([Li])[Li])[O][C]1([H])[H]'] -> ['[H][C]1([H])[O][C]2[O]([Li])[Li][O]2[C]1([H])[H]']	1
['[O]1[Li]2[O]3[Li]4[O][C]1243'] -> ['[Li]1[O][C]23[O][Li]2[O]13']	1
['[H][C]1([H])[O][C](=[O])[O][C]1([H])[H]', '[Li]'] -> ['[H][C]1([H])[O][C]([O])[O]([Li])[C]1([H])[H]']	1
['[Li]1[O][C]2[O][Li][O]12'] -> ['[Li]1[O][C]2=[O][Li][O]12']	1
['[Li]1[O][C]2=[O][Li][O]12'] -> ['[Li]1[O]=[C]23[O][Li]2[O]13']	1
['[H][C]1([H])[O][C]2[O][Li][O]2[C]1([H])[H]'] -> ['[H][C]1([H])[O][C]2=[O][Li][O]2[C]1([H])[H]']	1
['[H][C]1([H])[O][C]2=[O][Li][O]2[C]1([H])[H]'] -> ['[H][C]1([H])[O][C]2[O][Li][O]2[C]1([H])[H]']	1
['[H][C]1([H])[O][C]2[O]([Li])[Li][O]2[C]1([H])[H]'] -> ['[H][C]1([H])[O][C]([O]([Li])[Li])[O][C]1([H])[H]']	1
['[H][C]1([H])[O][C](=[O])[O]([Li])[C]1([H])[H]', '[H][C]1([H])[O][C]([O])[O][C]1([H])[H]'] -> ['[H][C]1([H])[O][C]([O][Li][O]2[C](=[O])[O][C]([H])([H])[C]2([H])[H])[O][C]1([H])[H]']	1
['[H][C]1([H])[O][C]([O][Li][Li])[O][C]1([H])[H]'] -> ['[H][C]1([H])[O][C](=[O][Li][Li])[O][C]1([H])[H]']	1
['[H][C]1([H])[O][C](=[O][Li][Li])[O][C]1([H])[H]'] -> ['[H][C]1([H])[O][C]([O])[O][C]1([H])[H]', '[Li][Li]']	1
['[H][C]1([H])[O][C]([O][Li][O]2[Li][O]3[Li][O][C]23)[O][C]1([H])[H]'] -> ['[H][C]1([H])[O][C]([O][Li][O]([Li])[C]2[O][Li][O]2)[O][C]1([H])[H]']	1
['[H][C]1([H])[O][C]([O][Li][O]([Li])[C]2[O][Li][O]2)[O][C]1([H])[H]'] -> ['[H][C]1([H])[O][C]([O][Li][O]2[Li][O]3[Li][O][C]23)[O][C]1([H])[H]']	1
['[H][C]1([H])[O][C](=[O])[O]([Li])[C]1([H])[H]'] -> ['[H][C]([H])[C]([H])([H])[O][C]([O])[O][Li]']	1
['[H][C]([H])[C]([H])([H])[O][C]([O])[O][Li]'] -> ['[H][C]([H])[C]([H])[H]', '[Li][O][C]([O])[O]']	1
['[H][C]1([H])[O][C]([O][Li][O]2[Li][O]3[Li]4[O][C]423)[O][C]1([H])[H]'] -> ['[H][C]1([H])[O][C]([O])[O][C]1([H])[H]', '[Li][O]([Li])[C]12[O][Li]1[O]2']	1
['[H][C]1([H])[O][C](=[O])[O]([Li])[C]1([H])[H]'] -> ['[H][C]1([H])[O]([Li])[C]2([O])[O][C]12([H])[H]']	1
['[H][C]1([H])[O]([Li])[C]2([O])[O][C]12([H])[H]'] -> ['[H][C]1([H])[O]([Li])[C]2(=[O])[O][C]12([H])[H]']	1
['[Li][Li]', '[Li][O][C]12[O][Li]1[O]2'] -> ['[Li][Li][O]1[Li][O]2[Li]3[O][C]312']	1
['[H][C]1([H])[O][C]([O])[O][C]1([H])[H]', '[H][C]1([H])[O][C]([O][Li])[O]([Li])[C]1([H])[H]'] -> ['[H][C]1([H])[O][C]([O][Li][O]2[C]([O][Li])[O][C]([H])([H])[C]2([H])[H])[O][C]1([H])[H]']	1
['[Li][Li][O]1[Li][O]2[Li]3[O][C]312'] -> ['[Li]1[Li][O]2[Li]3[O]4[Li][O]1[C]324']	1
['[H][C]1([H])[O][C]([O][Li][Li][O][C]2[O][C]([H])([H])[C]([H])([H])[O]2)[O][C]1([H])[H]'] -> ['[H][C]1([H])[O][C](=[O][Li][Li][O]=[C]2[O][C]([H])([H])[C]([H])([H])[O]2)[O][C]1([H])[H]']	1
['[H][C]1([H])[O][C](=[O][Li][Li][O]=[C]2[O][C]([H])([H])[C]([H])([H])[O]2)[O][C]1([H])[H]'] -> ['[H][C]1([H])[O][C]([O])[O][C]1([H])[H]', '[H][C]1([H])[O][C]([O][Li][Li])[O][C]1([H])[H]']	1
['[Li]1[Li][O]2[Li]3[O]4[Li][O]1[C]324'] -> ['[Li][Li][O]1[Li][O]2[Li]3[O][C]312']	1
['[H][C]1([H])[O][C]([O][Li][Li])[O][C]1([H])[H]'] -> ['[H][C]1([H])[O][C]2[O][Li]([Li])[O]2[C]1([H])[H]']	1
['[Li][Li][O]1[Li][O]2[Li]3[O][C]312'] -> ['[Li]1[Li][O]12[Li][O]1[Li]3[O][C]312']	1
['[H][C]1([H])[O][C]([O])[O][C]1([H])[H]', '[H][C]1([H])[O][C]2[O][Li]([Li])[O]2[C]1([H])[H]'] -> ['[H][C]1([H])[O][C](=[O][Li][Li]2[O][C]3[O][C]([H])([H])[C]([H])([H])[O]23)[O][C]1([H])[H]']	1
['[H][C]1([H])[O][C](=[O][Li][Li]2[O][C]3[O][C]([H])([H])[C]([H])([H])[O]23)[O][C]1([H])[H]'] -> ['[H][C]1([H])[O][C]([O][Li][Li]2[O][C]3[O][C]([H])([H])[C]([H])([H])[O]23)[O][C]1([H])[H]']	1
['[H][C]1([H])[O][C]([O][Li][Li]2[O][C]3[O][C]([H])([H])[C]([H])([H])[O]23)[O][C]1([H])[H]'] -> ['[H][C]([H])[C]([H])([H])[O][C]1[O][Li]([Li][O][C]2[O][C]([H])([H])[C]([H])([H])[O]2)[O]1']	1
['[H][C]1([H])[O][C]([O][Li][O][C]2[O][C]([H])([H])[C]([H])([H])[O]2)[O][C]1([H])[H]'] -> ['[H][C]1([H])[O][C]([O])[O][C]1([H])[H]', '[H][C]1([H])[O][C]2([O][Li])[O][C]12([H])[H]']	1
['[H][C]1([H])[O][C]([O][Li][O]2[C]([O][Li])[O][C]([H])([H])[C]2([H])[H])[O][C]1([H])[H]'] -> ['[H][C]1([H])[O][C]([O])[O][C]1([H])[H]', '[H][C]1([H])[O][C]([O][Li])[O]([Li])[C]1([H])[H]']	1
['[Li]1[Li][O]12[Li][O]1[Li]3[O][C]312'] -> ['[Li][O]12[Li][O]3[Li][O]([Li]1)[C]32']	1
['[H][C]([H])[C]([H])([H])[O][C]1[O][Li]([Li][O][C]2[O][C]([H])([H])[C]([H])([H])[O]2)[O]1'] -> ['[H][C]([H])[C]([H])[H]', '[H][C]1([H])[O][C]([O][Li][Li]2[O][C]([O])[O]2)[O][C]1([H])[H]']	1
['[H][C]1([H])[O][C]([O][Li][Li]2[O][C]([O])[O]2)[O][C]1([H])[H]'] -> ['[H][C]1([H])[O][C]([O][Li][Li]2[O][C](=[O])[O]2)[O][C]1([H])[H]']	1
['[H][C]1([H])[O][C](=[O])[O]([Li])[C]1([H])[H]'] -> ['[H][C]1([H])[O][C](=[O])[O][C]1([H])[H]', '[Li]']	1
['[O]1[Li]2[O]3[Li]4[O][C]1243'] -> ['[Li]1[O][C]2[O][Li][O]12']	1
['[H][C]1([H])[O][C]([O])[O][C]1([H])[H]', '[H][C]1([H])[O][C]2([O][Li])[O][C]12([H])[H]'] -> ['[H][C]1([H])[O][C]([O][Li][O][C]23[O][C]([H])([H])[C]2([H])([H])[O]3)[O][C]1([H])[H]']	1
['[Li][O]1[Li][O]2([Li])[Li][O][C]12'] -> ['[Li][O]([Li])[C]1[O][Li][O]1[Li]']	1
['[H][C]1([H])[O][C]([O])[O][C]1([H])[H]', '[Li][O]([Li])[C]12[O][Li]1[O]2'] -> ['[H][C]1([H])[O][C]([O][Li][O]([Li])[C]23[O][Li]2[O]3)[O][C]1([H])[H]']	1
['[H][C]1([H])[O][C]([O][Li][Li]2[O][C](=[O])[O]2)[O][C]1([H])[H]'] -> ['[H][C]1([H])[O][C]([O][Li])[O][C]1([H])[H]', '[O]=[C]1[O][Li][O]1']	1
['[H][C]1([H])[O][C]([O])[O][C]1([H])[H]', '[H][C]1([H])[O][C]([O][Li][O]([Li])[C]23[O][Li]2[O]3)[O][C]1([H])[H]'] -> ['[H][C]1([H])[O][C]([O][Li][O]([Li][O][C]2[O][C]([H])([H])[C]([H])([H])[O]2)[C]23[O][Li]2[O]3)[O][C]1([H])[H]']	1
['[H][C]1([H])[O][C]([O][Li][O]([Li][O][C]2[O][C]([H])([H])[C]([H])([H])[O]2)[C]23[O][Li]2[O]3)[O][C]1([H])[H]'] -> ['[H][C]1([H])[O][C]([O][Li][O]([Li][O]=[C]2[O][C]([H])([H])[C]([H])([H])[O]2)[C]23[O][Li]2[O]3)[O][C]1([H])[H]']	1
['[H][C]1([H])[O][C]([O][Li][O]([Li][O]=[C]2[O][C]([H])([H])[C]([H])([H])[O]2)[C]23[O][Li]2[O]3)[O][C]1([H])[H]'] -> ['[H][C]1([H])[O][C]([O][Li][O]([Li][O][C]2[O][C]([H])([H])[C]([H])([H])[O]2)[C]23[O][Li]2[O]3)[O][C]1([H])[H]']	1
['[H][C]1([H])[O][C]([O][Li][O]([Li][O][C]2[O][C]([H])([H])[C]([H])([H])[O]2)[C]23[O][Li]2[O]3)[O][C]1([H])[H]'] -> ['[H][C]1([H])[O][C](=[O])[O][C]1([H])[H]', '[H][C]1([H])[O][C]([O][Li][O]([Li])[C]23[O][Li]2[O]3)[O][C]1([H])[H]']	1
['[H][C]1([H])[O][C]([O])[O][C]1([H])[H]', '[Li][O]([Li])[C]1[O][Li][O]1[Li]'] -> ['[H][C]1([H])[O][C]([O][Li][O]2[Li][O][C]2[O]([Li])[Li])[O][C]1([H])[H]']	1
['[H][C]1([H])[O][C]([O]([Li])[Li])[O][C]1([H])[H]'] -> ['[H][C]1([H])[O][C]2([Li][O]2[Li])[O][C]1([H])[H]']	1
['[H][C]1([H])[O][C]([O][Li][O]([Li])[C]23[O][Li]2[O]3)[O][C]1([H])[H]'] -> ['[H][C]1([H])[O][C]([O][Li])[O][C]1([H])[H]', '[Li][O][C]12[O][Li]1[O]2']	1
['[H][C]1([H])[O][C]([O][Li][O]2[Li][O][C]2[O]([Li])[Li])[O][C]1([H])[H]'] -> ['[H][C]1([H])[O][C]([O][Li]2[O]3[Li][O][C]3[O]2([Li])[Li])[O][C]1([H])[H]']	1
['[H][C]1([H])[O][C]2([Li][O]2[Li])[O][C]1([H])[H]'] -> ['[H][C]1([H])[O][C]([O]([Li])[Li])[O][C]1([H])[H]']	1
['[H][C]1([H])[O][C]([O][Li])[O][C]1([H])[H]', '[Li][O][C]12[O][Li]1[O]2'] -> ['[H][C]1([H])[O][C](=[O][Li][O]([Li])[C]23[O][Li]2[O]3)[O][C]1([H])[H]']	1
['[H][C]1([H])[O][C]([O][Li]2[O]3[Li][O][C]3[O]2([Li])[Li])[O][C]1([H])[H]'] -> ['[H][C]1([H])[O][C]([O])[O][C]1([H])[H]', '[Li][O]12[Li][O]3[Li][O]([Li]1)[C]32']	1
['[H][C]1([H])[O][C](=[O][Li][O]([Li])[C]23[O][Li]2[O]3)[O][C]1([H])[H]'] -> ['[H][C]1([H])[O][C]([O])[O][C]1([H])[H]', '[Li][O]([Li])[C]12[O][Li]1[O]2']	1
['[H][C]1([H])[O][C]2[O][Li][O]2[C]1([H])[H]'] -> ['[H][C]1([H])[O][C]([O])[O]([Li])[C]1([H])[H]']	1
['[H][C]1([H])[O]([Li])[C]2([O])[O][C]12([H])[H]'] -> ['[H][C]1([H])[O][C](=[O])[O]([Li])[C]1([H])[H]']	1
['[H][C]1([H])[O][C](=[O])[O]([Li])[C]1([H])[H]'] -> ['[H][C]1([H])[O][C]([O])[O][C]1([H])[H]', '[Li]']	1
['[Li]', '[O][C]1[O][Li][O]1'] -> ['[Li][O]1[Li]2[O][C]21[O]']	1
['[H][C]1([H])[O][C]([O])[O][C]1([H])[H]', '[Li][O]1([Li])[Li][O]2[Li][O][C]21'] -> ['[H][C]1([H])[O][C]([O][Li][O]([Li])([Li])[C]2[O][Li][O]2)[O][C]1([H])[H]']	1
['[Li][O]1[Li][O][C]1[O]'] -> ['[Li]', '[O][C]1[O][Li][O]1']	1
['[H][C]1([H])[O][C]23[O][Li]2[O]3[C]1([H])[H]'] -> ['[H][C]([H])[C]([H])([H])[O][C]1[O][Li][O]1']	1
['[H][C]1([H])[O][C]([O][Li][O]([Li])([Li])[C]2[O][Li][O]2)[O][C]1([H])[H]'] -> ['[H][C]1([H])[O][C]([O][Li][O]2([Li])[Li][O]3[Li][O][C]32)[O][C]1([H])[H]']	1
['[H][C]1([H])[O][C]([O][Li][O]2([Li])[Li][O]3[Li][O][C]32)[O][C]1([H])[H]'] -> ['[H][C]1([H])[O][C]([O])[O][C]1([H])[H]', '[Li][O]12[Li][O]3[Li][O]([Li]1)[C]32']	1
['[Li]', '[O][C]12[O][Li]1[O]2'] -> ['[Li][O][C]12[O][Li]1[O]2']	1
['[H][C]1([H])[O][C]([O])[O][C]1([H])[H]', '[Li][O]1[Li][O]2([Li])[Li][O][C]12'] -> ['[H][C]1([H])[O][C]([O][Li][O]23[Li][O]4[Li][O]([Li]2)[C]43)[O][C]1([H])[H]']	1
['[H][C]1([H])[O][C]([O][Li][O]23[Li][O]4[Li][O]([Li]2)[C]43)[O][C]1([H])[H]'] -> ['[H][C]1([H])[O][C]([O][Li])[O][C]1([H])[H]', '[Li]1[O]2[Li][O]3[Li][O]1[C]23']	1
['[H][C]1([H])[O][C]([O][Li][O]([Li])[C]23[O][Li]2[O]3)[O][C]1([H])[H]'] -> ['[H][C]1([H])[O][C](=[O])[O][C]1([H])[H]', '[Li][O]([Li])[C]12[O][Li]1[O]2']	1
['[H][C]1([H])[O][C]([O])[O][C]1([H])[H]', '[Li]', '[Li][O][C]12[O][Li]1[O]2'] -> ['[H][C]1([H])[O][C]([O][Li][O]2[Li]3[O][C]32[O][Li])[O][C]1([H])[H]']	1
['[H][C]1([H])[O][C]([O])[O][C]1([H])[H]', '[Li][O]([Li])[C]12[O][Li]1[O]2'] -> ['[H][C]1([H])[O][C]([O][Li]2[O]([Li])[C]34[O][Li]3[O]24)[O][C]1([H])[H]']	1
['[H][C]1([H])[O][C]([O])[O][C]1([H])[H]', '[Li]1[O][C]23[O][Li]2[O]13'] -> ['[H][C]1([H])[O][C]([O][Li]2[O][C]3[O][Li][O]23)[O][C]1([H])[H]']	1
['[H][C]1([H])[O][C]([O][Li]2[O][C]3[O][Li][O]23)[O][C]1([H])[H]'] -> ['[H][C]1([H])[O][C]([O][Li]23[O][C]24[O][Li][O]34)[O][C]1([H])[H]']	1
['[H][C]1([H])[O][C]([O][Li][O]2[Li]3[O][C]32[O][Li])[O][C]1([H])[H]'] -> ['[H][C]1([H])[O][C]([O][Li])[O][C]1([H])[H]', '[Li][O][C]12[O][Li]1[O]2']	1
['[H][C]1([H])[O][C]([O][Li]23[O][C]24[O][Li][O]34)[O][C]1([H])[H]'] -> ['[H][C]1([H])[O][C]([O])[O][C]1([H])[H]', '[Li][O][C]12[O][Li]1[O]2']	1
['[H][C]1([H])[O][C]([O][Li]2[O]([Li])[C]34[O][Li]3[O]24)[O][C]1([H])[H]'] -> ['[H][C]1([H])[O][C]([O])[O][C]1([H])[H]', '[Li][O]1[Li][O]2[Li]3[O][C]312']	1
['[H][C]1([H])[O][C]([O][Li][O][C]2[O][C]([H])([H])[C]([H])([H])[O]2)[O][C]1([H])[H]'] -> ['[H][C]1([H])[O][C]([O])[O][C]1([H])[H]', '[H][C]1([H])[O][C]([O])[O][C]1([H])[H]', '[Li]']	1
['[H][C]1([H])[O][C]([O][Li][O]([Li])[C]2[O][C]([H])([H])[C]([H])([H])[O]2)[O][C]1([H])[H]'] -> ['[H][C]1([H])[O][C]([O])[O][C]1([H])[H]', '[H][C]1([H])[O][C]2([O]([Li])[Li])[O][C]12([H])[H]']	1
['[H][C]1([H])[O][C]([O])[O][C]1([H])[H]', '[Li][O]([Li])[C]12[O][Li]1[O]2'] -> ['[H][C]1([H])[O][C](=[O][Li]2[O]([Li])[C]34[O][Li]3[O]24)[O][C]1([H])[H]']	1
['[H][C]1([H])[O][C](=[O][Li]2[O]([Li])[C]34[O][Li]3[O]24)[O][C]1([H])[H]'] -> ['[H][C]1([H])[O][C]([O][Li]2[O]3[Li][O]4[Li][O]2[C]43)[O][C]1([H])[H]']	1
['[H][C]1([H])[O][C]([O][Li]2[O]3[Li][O]4[Li][O]2[C]43)[O][C]1([H])[H]'] -> ['[H][C]1([H])[O][C]([O][Li][O]2[Li][O]3[Li][O][C]23)[O][C]1([H])[H]']	1
['[H][C]1([H])[O][C]([O][Li])[O][C]1([H])[H]', '[Li]1[O][C]23[O][Li]2[O]13'] -> ['[H][C]1([H])[O][C]([O][Li][O]2[Li]3[O][C]32[O][Li])[O][C]1([H])[H]']	1
['[H][C]1([H])[O][C]2([O]([Li])[Li])[O][C]12([H])[H]', '[Li][O][C]1[O][Li][O]1[Li]'] -> ['[H][C]1([H])[O][C]([O]([Li])[Li][O]2([Li])[Li][O]3[Li][O][C]32)[O][C]1([H])[H]']	1
['[H][C]1([H])[O][C]([O][Li][O]2[Li][O]3[Li][O][C]23)[O][C]1([H])[H]'] -> ['[H][C]1([H])[O][C]([O])[O][C]1([H])[H]', '[Li][O]1[Li][O]2[Li][O][C]12']	1
['[H][C]1([H])[O][C]([O]([Li])[Li][O]2([Li])[Li][O]3[Li][O][C]32)[O][C]1([H])[H]', '[H][C]1([H])[O][C]([O])[O][C]1([H])[H]'] -> ['[H][C]1([H])[O][C]([O][Li][O]([Li]2[O]3[Li][O]4[Li][O]2([Li])[C]43)[C]2[O][C]([H])([H])[C]([H])([H])[O]2)[O][C]1([H])[H]']	1
['[H][C]1([H])[O][C]([O][Li][O]([Li]2[O]3[Li][O]4[Li][O]2([Li])[C]43)[C]2[O][C]([H])([H])[C]([H])([H])[O]2)[O][C]1([H])[H]'] -> ['[H][C]1([H])[O][C]([O][Li][O][C]2[O][C]([H])([H])[C]([H])([H])[O]2)[O][C]1([H])[H]', '[Li][O]1[Li][O]2[Li][O]([Li])[C]12']	1
['[H][C]1([H])[O][C]([O][Li][O]2[Li]3[O][C]32[O][Li])[O][C]1([H])[H]'] -> ['[H][C]1([H])[O][C]([O])[O][C]1([H])[H]', '[Li][O][C]12[O][Li]1[O]2[Li]']	1
['[Li][O]1[Li][O]2[Li][O]([Li])[C]12'] -> ['[Li][O]([Li])[C]1[O][Li][O]1[Li]']	1
['[Li][O]([Li])[C]1[O][Li][O]1[Li]'] -> ['[Li][O]1[Li][O]2([Li])[Li][O][C]12']	1
['[Li][O][C]12[O][Li]1[O]2[Li]'] -> ['[Li][O][C]1[O][Li][O]1[Li]']	1
['[Li][O][C]1[O][Li][O]1[Li]'] -> ['[Li][O][C]12[O][Li]1[O]2[Li]']	1
['[H][C]1([H])[O][C]([O][Li][O][C]2[O][Li][O]2)[O][C]1([H])[H]'] -> ['[H][C]1([H])[O][C]([O])[O][C]1([H])[H]', '[Li]1[O][C]2[O][Li][O]12']	1
['[Li][O]1([Li])[Li][O]2[Li][O][C]21'] -> ['[Li][O]12[Li][O]3[Li][O]([Li]1)[C]32']	1
['[H][C]1([H])[O][C]([O])[O][C]1([H])[H]', '[Li][O]12[Li][O]3[Li][O]([Li]1)[C]32'] -> ['[H][C]1([H])[O][C]([O][Li]2[O]3[Li][O]4[Li][O]2([Li])[C]43)[O][C]1([H])[H]']	1
['[H][C]1([H])[O][C]([O][Li]2[O]3[Li][O]4[Li][O]2([Li])[C]43)[O][C]1([H])[H]'] -> ['[H][C]1([H])[O][C]([O][Li]2[O]3[Li][O][C]3[O]2([Li])[Li])[O][C]1([H])[H]']	1
['[H][C]1([H])[O][C]([O][Li]2[O]3[Li][O][C]3[O]2([Li])[Li])[O][C]1([H])[H]'] -> ['[H][C]1([H])[O][C]([O][Li][O]2[Li][O][C]2[O]([Li])[Li])[O][C]1([H])[H]']	1
['[H][C]1([H])[O][C]([O][Li][O]2[Li][O][C]2[O]([Li])[Li])[O][C]1([H])[H]'] -> ['[H][C]1([H])[O][C]([O])[O][C]1([H])[H]', '[Li][O]([Li])[C]1[O][Li][O]1[Li]']	1
['[Li][O]([Li])[C]1[O][Li][O]1[Li]'] -> ['[Li][O]1[Li][O]2[Li][O]([Li])[C]12']	1
['[Li][O]12[Li][O]3[Li][O]([Li]1)[C]32'] -> ['[Li][O][C]1[O][Li][O]1([Li])[Li]']	1
['[H][C]1([H])[O][C](=[O])[O][C]1([H])[H]', '[H][C]1([H])[O][C]([O]([Li])[Li])[O][C]1([H])[H]'] -> ['[H][C]1([H])[O][C]([O][Li][O]([Li])[C]2[O][C]([H])([H])[C]([H])([H])[O]2)[O][C]1([H])[H]']	1
['[Li][O][C]1[O][Li][O]1([Li])[Li]'] -> ['[Li][O]1[Li][O]2([Li])[Li][O][C]12']	1
['[Li][O][C]1[O][Li][O]1[Li]'] -> ['[Li][O][C]([O])[O]([Li])[Li]']	1
['[Li][O][C]([O])[O]([Li])[Li]'] -> ['[Li][O]([Li])[C]1[O][Li][O]1']	1
['[H][C]1([H])[O][C]([O][Li][O]2[Li][O]3[Li][O]([Li])[C]23)[O][C]1([H])[H]'] -> ['[H][C]1([H])[O][C]([O][Li][O]([Li])[C]2[O][Li][O]2[Li])[O][C]1([H])[H]']	1
['[H][C]1([H])[O][C]([O][Li][O]([Li])[C]2[O][Li][O]2[Li])[O][C]1([H])[H]'] -> ['[H][C]1([H])[O][C]([O][Li][O]2[Li][O]([Li])[C]2[O][Li])[O][C]1([H])[H]']	1
['[H][C]1([H])[O][C]([O][Li][O]2[Li][O]([Li])[C]2[O][Li])[O][C]1([H])[H]'] -> ['[H][C]1([H])[O][C]([O])[O][C]1([H])[H]', '[Li][O][C]1[O]([Li])[Li][O]1[Li]']	1
['[Li][O]1[Li][O]2[Li][O][C]12'] -> ['[Li][O]1[Li]2[O]3[Li][O][C]213']	1
['[H][C]1([H])[O][C]([O])[O][C]1([H])[H]', '[Li]1[O]2[Li][O]3[Li][O]1[C]23'] -> ['[H][C]1([H])[O][C]([O][Li]2[O]3[Li][O]4[Li][O]2[C]43)[O][C]1([H])[H]']	1
['[Li][O]1[Li]2[O]3[Li][O][C]213'] -> ['[Li]1[O]2[Li][O]3[Li]4[O]1[C]423']	1
['[H][C]1([H])[O]([Li])[C]2=[O][Li][O]2[C]1([H])[H]'] -> ['[H][C]([H])[C]([H])[H]', '[Li][O][C]1=[O][Li][O]1']	1
['[H][C]1([H])[O][C]2=[O][Li][Li][O]2[C]1([H])[H]'] -> ['[H][C]([H])[C]([H])([H])[O][C]1[O][Li][Li][O]1']	1
['[Li][O][C]1=[O][Li][O]1'] -> ['[C]=[O]', '[Li][O]', '[Li][O]']	1
['[H][C]1([H])[O]=[C](=[O])[O]([Li])[C]1([H])[H]'] -> ['[H][C]([H])[C]([H])[H]', '[Li][O][C](=[O])=[O]']	1
['[H][C]([H])[C]([H])([H])[O][C]1[O][Li][Li][O]1'] -> ['[H][C]([H])[C]([H])([H])[O][C][O][Li][Li][O]']	1
['[H][C]1([H])[O]=[C](=[O])[O]([Li])[C]1([H])[H]'] -> ['[H][C]([H])=[C]([H])[H]', '[Li][O][C]([O])=[O]']	1
['[H][C]1([H])[O][C](=[O])=[O][C]1([H])[H]', '[Li]'] -> ['[H][C]1([H])[O]=[C]([O])[O]([Li])[C]1([H])[H]']	1
['[H][C]1([H])[O][C](=[O])=[O][C]1([H])[H]'] -> ['[H][C]1([H])[O][C]([O])=[O][C]1([H])[H]']	1
['[C]=[O]', '[Li][O]'] -> ['[Li][O][C]=[O]']	1
['[H][C]([H])[C]([H])([H])[O][C][O][Li][Li][O]'] -> ['[H][C]([H])[C]([H])([H])[O][C]1[O][Li][Li][O]1']	1
['[Li][O][C]([O])=[O]'] -> ['[Li][O][C](=[O])=[O]']	1
['[H][C]1([H])[O]=[C]([O])[O]([Li])[C]1([H])[H]'] -> ['[H][C]1([H])[O][C]([O])[O]([Li])[C]1([H])[H]']	1
['[Li][O][C]([O])[O]'] -> ['[O][C]1=[O][Li][O]1']	1
['[H][C]1([H])[O][C](=[O])[O][C]1([H])[H]'] -> ['[H][C]1([H])[O][C]([O])=[O][C]1([H])[H]']	1
['[H][C]1([H])[O][C]([O])[O][C]1([H])[H][Li]'] -> ['[H][C]([H])[C]([H])([H][Li])[O][C]([O])[O]']	1
['[O][C]1=[O][Li][O]1'] -> ['[O][C]1[O][Li][O]1']	1
['[H][C]1([H])[O][C](=[O])[O][C]1([H])[H]'] -> ['[H][C]([H])[C]([H])[H]', '[O][C]([O])[O]']	1
['[H][C]1([H])[O][C]2([O])[O][C]12([H])[H]'] -> ['[H][C]1([H])[O][C]2(=[O])[O][C]12([H])[H]']	1
['[H][C]1([H])[O][C]([O])=[O][C]1([H])[H]'] -> ['[H][C]([H])[C]([H])([H])[O][C]([O])=[O]']	1
['[H][C]([H])[C]([H])([H][Li])[O][C]([O])[O]'] -> ['[H][C]1([H])[O][C](=[O])[O][C]1([H])[H][Li]']	1
['[Li]', '[O][C]1[O][Li][O]1'] -> ['[Li][Li]1[O][C]([O])[O]1']	1
['[Li][O][C](=[O])=[O]'] -> ['[Li][O][C]([O])=[O]']	1
['[H][C]([H])[C]([H])[H]', '[O][C]([O])[O]'] -> ['[H][C]1([H])[O][C]([O])[O][C]1([H])[H]']	1
['[H][C]([H])[C]([H])([H])[O][C]([O])=[O]'] -> ['[H][C]1([H])[O][C]([O])=[O][C]1([H])[H]']	1
['[H][C]([H])[C]([H])[H]', '[O][C]([O])=[O]'] -> ['[H][C]([H])[C]([H])([H])[O][C]([O])[O]']	1
['[O][C]([O])[O]'] -> ['[O][C]([O])=[O]']	1
['[Li][O][C](=[O])=[O]'] -> ['[Li][O][C]([O])[O]']	1
['[H][C]([H])[C]([H])([H])[O][C]1[O][Li][Li][O]1'] -> ['[H][C]([H])[C]([H])([H])[O][C]1[O][Li]2[Li][O]21']	1
['[Li][Li]1[O][C]([O])[O]1'] -> ['[Li][Li]12[O][C]1([O])[O]2']	1
['[H][C]([H])[C]([H])([H])[O][C]([O])[O][Li]'] -> ['[H][C]1([H])[O][C]([O][Li])[O][C]1([H])[H]']	1
['[Li][O][C]([O])[O]'] -> ['[O][C]1([O])[Li][O]1']	1
['[Li][O]=[C]=[O]'] -> ['[Li][O][C]=[O]']	1
['[O][C]1([O])[Li][O]1'] -> ['[O][C]12[O][Li]1[O]2']	1
['[Li][Li]12[O][C]1([O])[O]2'] -> ['[O][C]12[O][Li]13[Li][O]32']	1
['[H][C]([H])[C]([H])([H])[O][C]1[O][Li]2[Li][O]21'] -> ['[H][C]([H])[C]([H])([H])[O][C]1([O][Li])[Li][O]1']	1
['[O][C]12[O][Li]13[Li][O]32'] -> ['[O]=[C]12[O][Li]13[Li][O]32']	1
['[H][C]([H])[C]([H])([H])[O][C]([O])[O]'] -> ['[H][C]1([H])[O][C](=[O])[O][C]1([H])[H]']	1
['[O]=[C]12[O][Li]13[Li][O]32'] -> ['[O]=[C]1[O][Li]12[Li][O]2']	1
['[H][C]([H])[C]([H])([H])[O][C]1([O][Li])[Li][O]1'] -> ['[H][C]([H])[C]([H])[H]', '[Li][O][C]([O])[O][Li]']	1
['[Li]', '[O][C]([O])[O]'] -> ['[Li][O][C]([O])[O]']	1
['[O]=[C]1[O][Li]12[Li][O]2'] -> ['[O][C]1[O][Li]12[Li][O]2']	1
['[Li][O][C]([O])[O][Li]'] -> ['[Li][O]1[Li][O][C]1[O]']	1
['[O][C]1[O][Li]12[Li][O]2'] -> ['[Li][O][Li]1[O][C]1[O]']	1
['[Li][O][C][O]'] -> ['[O][C]1[Li][O]1']	1
['[O][C]1[Li][O]1'] -> ['[Li][O][C][O]']	1
['[Li][O]1[Li][O][C]1[O]'] -> ['[Li]1[O][C]2[O][Li][O]12']	1
['[H][C]1([H])[O]([Li])[C]2(=[O])[O][C]12([H])[H]'] -> ['[H][C]1([H])[O][C]([O])[O]([Li])[C]1([H])[H]']	1
['[Li][O]=[C]=[O]'] -> ['[Li][O][C][O]']	1
['[Li][O][C][O]'] -> ['[Li][O]=[C]=[O]']	1
['[Li][O]=[C]=[O]'] -> ['[Li]', '[O]=[C]=[O]']	1
['[O]=[C]=[O]'] -> ['[O][C]=[O]']	1
['[O][C]=[O]'] -> ['[O]=[C]=[O]']	1
['[H][C]1([H])[O][C](=[O])[O]([Li])[C]1([H])[H]', '[H][C]1([H])[O][C]([O])[O][C]1([H])[H]'] -> ['[H][C]1([H])[O][C](=[O][Li][O]2[C]([H])([H])[C]3([H])([H])[O][C]23=[O])[O][C]1([H])[H]']	1
['[H][C]1([H])[O][C](=[O][Li][O]2[C]([H])([H])[C]3([H])([H])[O][C]23=[O])[O][C]1([H])[H]'] -> ['[H][C]1([H])[O][C]([O][Li][O]2[C]([H])([H])[C]3([H])([H])[O][C]23[O])[O][C]1([H])[H]']	1
['[Li]', '[O]=[C]1[O][Li][O]1'] -> ['[Li][O]1[Li][O][C]1=[O]']	1
['[H][C]1([H])[O][C]([O][Li][O]2[C]([H])([H])[C]3([H])([H])[O][C]23[O])[O][C]1([H])[H]'] -> ['[H][C]1([H])[O][C]([O][Li][O]2[C]([O])[O][C]([H])([H])[C]2([H])[H])[O][C]1([H])[H]']	1
['[Li][O]1[Li][O][C]1=[O]'] -> ['[Li][O]1[Li]2[O][C]21[O]']	1
['[H][C]1([H])[O][C](=[O])[O][C]1([H])[H]', '[Li]'] -> ['[H][C]1([H])[O][C](=[O][Li])[O][C]1([H])[H]']	1
['[Li][O]1[Li][O][C]1=[O]'] -> ['[Li]', '[O][C]1[O][Li][O]1']	1
['[H][C]([H])[C]([H])([H])[O][C]12[O][Li]1[O]2'] -> ['[H][C]([H])[C]([H])([H])[O][C]1[O][Li][O]1']	1
['[Li][O]1[Li]2[O][C]21=[O]'] -> ['[Li][O]1[Li][O][C]1=[O]']	1
['[Li][O]1[Li][O][C]1=[O]'] -> ['[Li][O]1[Li][O][C]1[O]']	1
['[Li][O][C]12[O][Li]1[O]2'] -> ['[Li]1[O][C]2([Li][O]2)[O]1']	1
['[H][C]1([H])[O][C](=[O])[O][C]1([H])[H]', '[H][C]1([H])[O][C]([O][Li])[O][C]1([H])[H]'] -> ['[H][C]1([H])[O][C]([O][Li][O]2[C](=[O])[O][C]([H])([H])[C]2([H])[H])[O][C]1([H])[H]']	1
['[H][C]1([H])[O][C]([O][Li][O]2[C](=[O])[O][C]([H])([H])[C]2([H])[H])[O][C]1([H])[H]'] -> ['[H][C]1([H])[O][C]([O][Li][O]2[C]([H])([H])[C]3([H])([H])[O][C]23=[O])[O][C]1([H])[H]']	1
['[H][C]1([H])[O][C]([O][Li][O]2[C]([H])([H])[C]3([H])([H])[O][C]23=[O])[O][C]1([H])[H]'] -> ['[H][C]1([H])[O][C]([O][Li][O]2[C](=[O])[O][C]([H])([H])[C]2([H])[H])[O][C]1([H])[H]']	1
['[H][C]1([H])[O][C]([O][Li][O]2[C](=[O])[O][C]([H])([H])[C]2([H])[H])[O][C]1([H])[H]'] -> ['[H][C]1([H])[O][C]([O][Li][O]2[C]([O])[O][C]([H])([H])[C]2([H])[H])[O][C]1([H])[H]']	1
['[H][C]1([H])[O][C]([O][Li][O]2[C]([O])[O][C]([H])([H])[C]2([H])[H])[O][C]1([H])[H]'] -> ['[H][C]1([H])[O][C](=[O])[O]([Li])[C]1([H])[H]', '[H][C]1([H])[O][C]([O])[O][C]1([H])[H]']	1
['[H][C]1([H])[O][C]([O])[O]([Li])[C]1([H])[H]', '[H][C]1([H])[O][C]([O])[O][C]1([H])[H]'] -> ['[H][C]1([H])[O][C]([O][Li][O]2[C]([O])[O][C]([H])([H])[C]2([H])[H])[O][C]1([H])[H]']	1
['[H][C]1([H])[O][C]2[O][Li][O]2[C]1([H])[H]'] -> ['[H][C]1([H])[O][C]2([O][Li])[O][C]12([H])[H]']	1
['[H][C]([H])=[C]([H])[H]', '[Li]'] -> ['[H][C]([H])=[C]([H])[H][Li]']	1
['[H][C]([H])=[C]([H])[H][Li]'] -> ['[H][C]([H])=[C]([H])[H]', '[Li]']	1
['[H][C]1([H])[O][C]([O])[O][C]1([H])[H]', '[Li]'] -> ['[H][C]1([H])[O][C]([O])[O]([Li])[C]1([H])[H]']	1
['[H][C]1([H])[O][C](=[O])[O][C]1([H])[H]', '[Li]1[O][C]23[O][Li]2[O]13'] -> ['[H][C]1([H])[O][C]([O][Li]2[O][C]34[O][Li]3[O]24)[O][C]1([H])[H]']	1
['[H][C]1([H])[O][C]([O][Li]2[O][C]34[O][Li]3[O]24)[O][C]1([H])[H]'] -> ['[H][C]1([H])[O][C]([O][Li][O][C]2[O][Li][O]2)[O][C]1([H])[H]']	1
['[H][C]1([H])[O][C]([O][Li][O][C]2[O][Li][O]2)[O][C]1([H])[H]'] -> ['[H][C]1([H])[O][C]([O][Li]2[O][C]3[O][Li][O]23)[O][C]1([H])[H]']	1
['[H][C]1([H])[O][C]([O][Li]2[O][C]3[O][Li][O]23)[O][C]1([H])[H]'] -> ['[H][C]1([H])[O][C]([O])[O][C]1([H])[H]', '[Li]1[O][C]2[O][Li][O]12']	1
['[H][C]1([H])[O][C](=[O])[O][C]1([H])[H]', '[Li][O][Li]'] -> ['[H][C]1([H])[O][C]([O][Li][O][Li])[O][C]1([H])[H]']	1
['[H][C]1([H])[O][C]([O][Li][Li])[O][C]1([H])[H]'] -> ['[H][C]1([H])[O][C]2([O][Li])[O][C]12([H])[H]', '[Li]']	1
['[H][C]1([H])[O][C]([O][Li][O][Li])[O][C]1([H])[H]'] -> ['[H][C]1([H])[O][C](=[O][Li][O][Li])[O][C]1([H])[H]']	1
['[H][C]1([H])[O][C](=[O][Li][O][Li])[O][C]1([H])[H]'] -> ['[H][C]1([H])[O][C]([O])[O][C]1([H])[H]', '[Li][O][Li]']	1
['[H][C]1([H])[O][C]([O][Li][Li][O][C]2[O][C]([H])([H])[C]([H])([H])[O]2)[O][C]1([H])[H]'] -> ['[H][C]1([H])[O][C]([O][Li])[O][C]1([H])[H]', '[H][C]1([H])[O][C]([O][Li])[O][C]1([H])[H]']	1
['[H][C]1([H])[O][C](=[O])[O][C]1([H])[H]', '[Li][O]1[Li]2[O][C]21=[O]'] -> ['[H][C]1([H])[O][C]([O][Li][O]2[Li]3[O][C]32=[O])[O][C]1([H])[H]']	1
['[H][C]1([H])[O][C]([O][Li][O]2[Li]3[O][C]32=[O])[O][C]1([H])[H]'] -> ['[H][C]1([H])[O][C]([O])[O][C]1([H])[H]', '[Li][O]1[Li]2[O][C]21[O]']	1
['[H][C]1([H])[O][C]2([O][Li])[O][C]12([H])[H]'] -> ['[H][C]1([H])[O][C]23[O][Li][O]2[C]13([H])[H]']	1
['[H][C]1([H])[O][C]23[O][Li][O]2[C]13([H])[H]'] -> ['[H][C]1([H])[O][C]2[O][Li][O]2[C]1([H])[H]']	1
['[H][C]1([H])[O][C]([O])[O][C]1([H])[H]', '[Li][O][C]1[O][Li][O]1'] -> ['[H][C]1([H])[O][C]([O][Li][O][C]2[O][Li][O]2)[O][C]1([H])[H]']	1
['[H][C]1([H])[O][C]([O])[O][C]1([H])[H]', '[H][C]1([H])[O][C]2([O]([Li])[Li])[O][C]12([H])[H]'] -> ['[H][C]1([H])[O][C]([O][Li][O]([Li])[C]23[O][C]([H])([H])[C]2([H])([H])[O]3)[O][C]1([H])[H]']	1
['[H][C]1([H])[O][C]([O][Li][O]([Li])[C]23[O][C]([H])([H])[C]2([H])([H])[O]3)[O][C]1([H])[H]'] -> ['[H][C]1([H])[O][C]([O][Li])[O][C]1([H])[H]', '[H][C]1([H])[O][C]2([O][Li])[O][C]12([H])[H]']	1
['[H][C]1([H])[O][C]([O])[O][C]1([H])[H]', '[Li][O][C]12[O][Li]1[O]2'] -> ['[H][C]1([H])[O][C]([O][Li][O][C]2[O][Li][O]2)[O][C]1([H])[H]']	1
['[H][C]1([H])[O][C]([O][Li][O][C]2[O][Li][O]2)[O][C]1([H])[H]'] -> ['[H][C]1([H])[O][C]([O][Li]2[O][C]34[O][Li]3[O]24)[O][C]1([H])[H]']	1
